<?xml version="1.0" encoding="UTF-8"?>
<coverage generated="1758534343047" clover="3.2.0">
  <project timestamp="1758534343047" name="All files">
    <metrics statements="840" coveredstatements="776" conditionals="229" coveredconditionals="172" methods="130" coveredmethods="125" elements="1199" coveredelements="1073" complexity="0" loc="840" ncloc="840" packages="10" files="47" classes="47"/>
    <package name="application">
      <metrics statements="29" coveredstatements="26" conditionals="0" coveredconditionals="0" methods="6" coveredmethods="3"/>
      <file name="database.ts" path="C:\Users\Fathur Saputra\OneDrive\Documents\Coding\TypeScript\Intern Projects\pixelatee\src\application\database.ts">
        <metrics statements="9" coveredstatements="7" conditionals="0" coveredconditionals="0" methods="4" coveredmethods="2"/>
        <line num="5" count="7" type="stmt"/>
        <line num="26" count="7" type="stmt"/>
        <line num="27" count="7" type="stmt"/>
        <line num="30" count="7" type="stmt"/>
        <line num="31" count="7320" type="stmt"/>
        <line num="34" count="7" type="stmt"/>
        <line num="35" count="0" type="stmt"/>
        <line num="38" count="7" type="stmt"/>
        <line num="39" count="0" type="stmt"/>
      </file>
      <file name="log.ts" path="C:\Users\Fathur Saputra\OneDrive\Documents\Coding\TypeScript\Intern Projects\pixelatee\src\application\log.ts">
        <metrics statements="3" coveredstatements="3" conditionals="0" coveredconditionals="0" methods="1" coveredmethods="1"/>
        <line num="4" count="7" type="stmt"/>
        <line num="13" count="7" type="stmt"/>
        <line num="15" count="7339" type="stmt"/>
      </file>
      <file name="web.ts" path="C:\Users\Fathur Saputra\OneDrive\Documents\Coding\TypeScript\Intern Projects\pixelatee\src\application\web.ts">
        <metrics statements="17" coveredstatements="16" conditionals="0" coveredconditionals="0" methods="1" coveredmethods="0"/>
        <line num="16" count="7" type="stmt"/>
        <line num="18" count="7" type="stmt"/>
        <line num="24" count="7" type="stmt"/>
        <line num="30" count="7" type="stmt"/>
        <line num="31" count="7" type="stmt"/>
        <line num="32" count="7" type="stmt"/>
        <line num="37" count="7" type="stmt"/>
        <line num="42" count="7" type="stmt"/>
        <line num="43" count="7" type="stmt"/>
        <line num="44" count="7" type="stmt"/>
        <line num="45" count="7" type="stmt"/>
        <line num="46" count="7" type="stmt"/>
        <line num="47" count="7" type="stmt"/>
        <line num="48" count="7" type="stmt"/>
        <line num="53" count="7" type="stmt"/>
        <line num="54" count="0" type="stmt"/>
        <line num="60" count="7" type="stmt"/>
      </file>
    </package>
    <package name="controller">
      <metrics statements="268" coveredstatements="235" conditionals="36" coveredconditionals="23" methods="41" coveredmethods="40"/>
      <file name="auth.controller.ts" path="C:\Users\Fathur Saputra\OneDrive\Documents\Coding\TypeScript\Intern Projects\pixelatee\src\controller\auth.controller.ts">
        <metrics statements="6" coveredstatements="6" conditionals="0" coveredconditionals="0" methods="1" coveredmethods="1"/>
        <line num="16" count="125" type="stmt"/>
        <line num="18" count="125" type="stmt"/>
        <line num="21" count="125" type="stmt"/>
        <line num="24" count="120" type="stmt"/>
        <line num="33" count="120" type="stmt"/>
        <line num="35" count="5" type="stmt"/>
      </file>
      <file name="client.controller.ts" path="C:\Users\Fathur Saputra\OneDrive\Documents\Coding\TypeScript\Intern Projects\pixelatee\src\controller\client.controller.ts">
        <metrics statements="43" coveredstatements="30" conditionals="12" coveredconditionals="5" methods="5" coveredmethods="5"/>
        <line num="21" count="2" type="stmt"/>
        <line num="23" count="2" type="stmt"/>
        <line num="26" count="2" type="stmt"/>
        <line num="28" count="0" type="stmt"/>
        <line num="40" count="10" type="stmt"/>
        <line num="42" count="10" type="stmt"/>
        <line num="45" count="10" type="stmt"/>
        <line num="48" count="10" type="cond" truecount="2" falsecount="0"/>
        <line num="49" count="9" type="stmt"/>
        <line num="53" count="10" type="stmt"/>
        <line num="56" count="9" type="stmt"/>
        <line num="59" count="1" type="stmt"/>
        <line num="62" count="1" type="cond" truecount="1" falsecount="1"/>
        <line num="63" count="0" type="stmt"/>
        <line num="64" count="0" type="cond" truecount="0" falsecount="2"/>
        <line num="65" count="0" type="stmt"/>
        <line num="68" count="0" type="stmt"/>
        <line num="72" count="1" type="stmt"/>
        <line num="84" count="2" type="stmt"/>
        <line num="86" count="2" type="stmt"/>
        <line num="89" count="2" type="stmt"/>
        <line num="92" count="2" type="stmt"/>
        <line num="95" count="2" type="cond" truecount="2" falsecount="0"/>
        <line num="96" count="1" type="stmt"/>
        <line num="100" count="2" type="stmt"/>
        <line num="103" count="2" type="stmt"/>
        <line num="106" count="0" type="stmt"/>
        <line num="109" count="0" type="cond" truecount="0" falsecount="2"/>
        <line num="110" count="0" type="stmt"/>
        <line num="111" count="0" type="cond" truecount="0" falsecount="2"/>
        <line num="112" count="0" type="stmt"/>
        <line num="115" count="0" type="stmt"/>
        <line num="119" count="0" type="stmt"/>
        <line num="131" count="2" type="stmt"/>
        <line num="133" count="2" type="stmt"/>
        <line num="136" count="2" type="stmt"/>
        <line num="139" count="1" type="stmt"/>
        <line num="141" count="1" type="stmt"/>
        <line num="153" count="1" type="stmt"/>
        <line num="155" count="1" type="stmt"/>
        <line num="158" count="1" type="stmt"/>
        <line num="161" count="1" type="stmt"/>
        <line num="163" count="0" type="stmt"/>
      </file>
      <file name="contact.controller.ts" path="C:\Users\Fathur Saputra\OneDrive\Documents\Coding\TypeScript\Intern Projects\pixelatee\src\controller\contact.controller.ts">
        <metrics statements="21" coveredstatements="20" conditionals="0" coveredconditionals="0" methods="4" coveredmethods="4"/>
        <line num="19" count="5" type="stmt"/>
        <line num="21" count="5" type="stmt"/>
        <line num="24" count="5" type="stmt"/>
        <line num="27" count="1" type="stmt"/>
        <line num="29" count="4" type="stmt"/>
        <line num="41" count="4" type="stmt"/>
        <line num="43" count="4" type="stmt"/>
        <line num="46" count="4" type="stmt"/>
        <line num="49" count="4" type="stmt"/>
        <line num="52" count="4" type="stmt"/>
        <line num="54" count="0" type="stmt"/>
        <line num="66" count="2" type="stmt"/>
        <line num="68" count="2" type="stmt"/>
        <line num="71" count="2" type="stmt"/>
        <line num="74" count="1" type="stmt"/>
        <line num="76" count="1" type="stmt"/>
        <line num="88" count="2" type="stmt"/>
        <line num="90" count="2" type="stmt"/>
        <line num="93" count="2" type="stmt"/>
        <line num="96" count="1" type="stmt"/>
        <line num="98" count="1" type="stmt"/>
      </file>
      <file name="guest.controller.ts" path="C:\Users\Fathur Saputra\OneDrive\Documents\Coding\TypeScript\Intern Projects\pixelatee\src\controller\guest.controller.ts">
        <metrics statements="0" coveredstatements="0" conditionals="0" coveredconditionals="0" methods="0" coveredmethods="0"/>
      </file>
      <file name="newsletter.controller.ts" path="C:\Users\Fathur Saputra\OneDrive\Documents\Coding\TypeScript\Intern Projects\pixelatee\src\controller\newsletter.controller.ts">
        <metrics statements="66" coveredstatements="58" conditionals="8" coveredconditionals="5" methods="10" coveredmethods="10"/>
        <line num="22" count="7" type="stmt"/>
        <line num="24" count="7" type="stmt"/>
        <line num="27" count="7" type="stmt"/>
        <line num="30" count="2" type="stmt"/>
        <line num="32" count="5" type="stmt"/>
        <line num="44" count="3" type="stmt"/>
        <line num="46" count="3" type="stmt"/>
        <line num="49" count="3" type="stmt"/>
        <line num="52" count="1" type="stmt"/>
        <line num="54" count="2" type="stmt"/>
        <line num="66" count="3" type="stmt"/>
        <line num="68" count="3" type="stmt"/>
        <line num="71" count="3" type="stmt"/>
        <line num="74" count="1" type="stmt"/>
        <line num="76" count="2" type="stmt"/>
        <line num="88" count="1" type="stmt"/>
        <line num="90" count="1" type="stmt"/>
        <line num="93" count="1" type="stmt"/>
        <line num="96" count="1" type="stmt"/>
        <line num="98" count="0" type="stmt"/>
        <line num="110" count="1" type="stmt"/>
        <line num="112" count="1" type="stmt"/>
        <line num="115" count="1" type="stmt"/>
        <line num="118" count="1" type="stmt"/>
        <line num="121" count="1" type="stmt"/>
        <line num="123" count="0" type="stmt"/>
        <line num="128" count="2" type="stmt"/>
        <line num="130" count="2" type="stmt"/>
        <line num="133" count="2" type="stmt"/>
        <line num="136" count="1" type="stmt"/>
        <line num="138" count="1" type="stmt"/>
        <line num="150" count="3" type="stmt"/>
        <line num="152" count="3" type="stmt"/>
        <line num="155" count="3" type="stmt"/>
        <line num="158" count="3" type="stmt"/>
        <line num="161" count="3" type="cond" truecount="2" falsecount="0"/>
        <line num="162" count="2" type="stmt"/>
        <line num="166" count="3" type="stmt"/>
        <line num="169" count="2" type="stmt"/>
        <line num="172" count="1" type="stmt"/>
        <line num="175" count="1" type="cond" truecount="1" falsecount="1"/>
        <line num="176" count="0" type="stmt"/>
        <line num="177" count="0" type="cond" truecount="0" falsecount="2"/>
        <line num="178" count="0" type="stmt"/>
        <line num="181" count="0" type="stmt"/>
        <line num="185" count="1" type="stmt"/>
        <line num="198" count="2" type="stmt"/>
        <line num="200" count="2" type="stmt"/>
        <line num="203" count="2" type="stmt"/>
        <line num="206" count="1" type="stmt"/>
        <line num="208" count="1" type="stmt"/>
        <line num="221" count="1" type="stmt"/>
        <line num="223" count="1" type="stmt"/>
        <line num="226" count="1" type="stmt"/>
        <line num="229" count="1" type="stmt"/>
        <line num="231" count="0" type="stmt"/>
        <line num="243" count="2" type="stmt"/>
        <line num="245" count="2" type="stmt"/>
        <line num="248" count="2" type="stmt"/>
        <line num="251" count="2" type="stmt"/>
        <line num="254" count="2" type="stmt"/>
        <line num="257" count="2" type="cond" truecount="2" falsecount="0"/>
        <line num="258" count="1" type="stmt"/>
        <line num="262" count="2" type="stmt"/>
        <line num="265" count="2" type="stmt"/>
        <line num="267" count="0" type="stmt"/>
      </file>
      <file name="portfolio.controller.ts" path="C:\Users\Fathur Saputra\OneDrive\Documents\Coding\TypeScript\Intern Projects\pixelatee\src\controller\portfolio.controller.ts">
        <metrics statements="63" coveredstatements="60" conditionals="14" coveredconditionals="11" methods="8" coveredmethods="8"/>
        <line num="21" count="2" type="stmt"/>
        <line num="23" count="2" type="stmt"/>
        <line num="26" count="2" type="stmt"/>
        <line num="28" count="0" type="stmt"/>
        <line num="40" count="3" type="stmt"/>
        <line num="42" count="3" type="stmt"/>
        <line num="45" count="3" type="stmt"/>
        <line num="48" count="2" type="stmt"/>
        <line num="50" count="1" type="stmt"/>
        <line num="62" count="5" type="stmt"/>
        <line num="64" count="5" type="stmt"/>
        <line num="67" count="5" type="stmt"/>
        <line num="70" count="5" type="stmt"/>
        <line num="73" count="5" type="stmt"/>
        <line num="75" count="0" type="stmt"/>
        <line num="80" count="2" type="stmt"/>
        <line num="82" count="2" type="stmt"/>
        <line num="84" count="2" type="stmt"/>
        <line num="87" count="1" type="stmt"/>
        <line num="89" count="1" type="stmt"/>
        <line num="101" count="2" type="stmt"/>
        <line num="103" count="2" type="stmt"/>
        <line num="106" count="2" type="stmt"/>
        <line num="109" count="1" type="stmt"/>
        <line num="111" count="1" type="stmt"/>
        <line num="123" count="7" type="stmt"/>
        <line num="125" count="7" type="stmt"/>
        <line num="128" count="7" type="stmt"/>
        <line num="131" count="7" type="stmt"/>
        <line num="134" count="7" type="cond" truecount="3" falsecount="1"/>
        <line num="135" count="7" type="stmt"/>
        <line num="136" count="7" type="stmt"/>
        <line num="137" count="7" type="stmt"/>
        <line num="138" count="7" type="stmt"/>
        <line num="139" count="7" type="stmt"/>
        <line num="143" count="7" type="stmt"/>
        <line num="146" count="6" type="stmt"/>
        <line num="149" count="1" type="stmt"/>
        <line num="152" count="1" type="cond" truecount="3" falsecount="1"/>
        <line num="153" count="1" type="stmt"/>
        <line num="154" count="1" type="stmt"/>
        <line num="155" count="1" type="cond" truecount="1" falsecount="1"/>
        <line num="156" count="1" type="stmt"/>
        <line num="159" count="0" type="stmt"/>
        <line num="164" count="1" type="stmt"/>
        <line num="169" count="2" type="stmt"/>
        <line num="171" count="2" type="stmt"/>
        <line num="174" count="2" type="stmt"/>
        <line num="177" count="2" type="stmt"/>
        <line num="180" count="2" type="cond" truecount="4" falsecount="0"/>
        <line num="181" count="1" type="stmt"/>
        <line num="182" count="1" type="stmt"/>
        <line num="183" count="1" type="stmt"/>
        <line num="184" count="1" type="stmt"/>
        <line num="185" count="1" type="stmt"/>
        <line num="189" count="2" type="stmt"/>
        <line num="192" count="1" type="stmt"/>
        <line num="194" count="1" type="stmt"/>
        <line num="206" count="2" type="stmt"/>
        <line num="208" count="2" type="stmt"/>
        <line num="211" count="2" type="stmt"/>
        <line num="214" count="1" type="stmt"/>
        <line num="216" count="1" type="stmt"/>
      </file>
      <file name="super-admin.controller.ts" path="C:\Users\Fathur Saputra\OneDrive\Documents\Coding\TypeScript\Intern Projects\pixelatee\src\controller\super-admin.controller.ts">
        <metrics statements="16" coveredstatements="15" conditionals="0" coveredconditionals="0" methods="4" coveredmethods="3"/>
        <line num="19" count="4" type="stmt"/>
        <line num="21" count="4" type="stmt"/>
        <line num="24" count="4" type="stmt"/>
        <line num="27" count="2" type="stmt"/>
        <line num="29" count="2" type="stmt"/>
        <line num="34" count="1" type="stmt"/>
        <line num="36" count="1" type="stmt"/>
        <line num="39" count="1" type="stmt"/>
        <line num="42" count="1" type="stmt"/>
        <line num="45" count="1" type="stmt"/>
        <line num="47" count="0" type="stmt"/>
        <line num="54" count="2" type="stmt"/>
        <line num="56" count="2" type="stmt"/>
        <line num="59" count="2" type="stmt"/>
        <line num="62" count="1" type="stmt"/>
        <line num="64" count="1" type="stmt"/>
      </file>
      <file name="user.controller.ts" path="C:\Users\Fathur Saputra\OneDrive\Documents\Coding\TypeScript\Intern Projects\pixelatee\src\controller\user.controller.ts">
        <metrics statements="53" coveredstatements="46" conditionals="2" coveredconditionals="2" methods="9" coveredmethods="9"/>
        <line num="20" count="1" type="stmt"/>
        <line num="22" count="1" type="stmt"/>
        <line num="25" count="1" type="stmt"/>
        <line num="28" count="1" type="stmt"/>
        <line num="30" count="0" type="stmt"/>
        <line num="43" count="1" type="stmt"/>
        <line num="45" count="1" type="stmt"/>
        <line num="48" count="1" type="stmt"/>
        <line num="51" count="1" type="stmt"/>
        <line num="59" count="1" type="stmt"/>
        <line num="61" count="0" type="stmt"/>
        <line num="74" count="1" type="stmt"/>
        <line num="76" count="1" type="stmt"/>
        <line num="79" count="1" type="stmt"/>
        <line num="82" count="1" type="stmt"/>
        <line num="85" count="1" type="stmt"/>
        <line num="87" count="0" type="stmt"/>
        <line num="100" count="1" type="stmt"/>
        <line num="102" count="1" type="stmt"/>
        <line num="105" count="1" type="stmt"/>
        <line num="108" count="1" type="stmt"/>
        <line num="110" count="0" type="stmt"/>
        <line num="123" count="2" type="stmt"/>
        <line num="125" count="2" type="stmt"/>
        <line num="128" count="2" type="stmt"/>
        <line num="131" count="2" type="stmt"/>
        <line num="134" count="2" type="cond" truecount="2" falsecount="0"/>
        <line num="135" count="1" type="stmt"/>
        <line num="139" count="2" type="stmt"/>
        <line num="142" count="1" type="stmt"/>
        <line num="144" count="1" type="stmt"/>
        <line num="157" count="1" type="stmt"/>
        <line num="159" count="1" type="stmt"/>
        <line num="162" count="1" type="stmt"/>
        <line num="165" count="1" type="stmt"/>
        <line num="167" count="0" type="stmt"/>
        <line num="180" count="1" type="stmt"/>
        <line num="182" count="1" type="stmt"/>
        <line num="185" count="1" type="stmt"/>
        <line num="188" count="1" type="stmt"/>
        <line num="191" count="1" type="stmt"/>
        <line num="193" count="0" type="stmt"/>
        <line num="206" count="2" type="stmt"/>
        <line num="208" count="2" type="stmt"/>
        <line num="211" count="2" type="stmt"/>
        <line num="214" count="2" type="stmt"/>
        <line num="216" count="0" type="stmt"/>
        <line num="229" count="3" type="stmt"/>
        <line num="231" count="3" type="stmt"/>
        <line num="234" count="3" type="stmt"/>
        <line num="237" count="3" type="stmt"/>
        <line num="240" count="2" type="stmt"/>
        <line num="242" count="1" type="stmt"/>
      </file>
    </package>
    <package name="error">
      <metrics statements="4" coveredstatements="4" conditionals="1" coveredconditionals="1" methods="1" coveredmethods="1"/>
      <file name="response.error.ts" path="C:\Users\Fathur Saputra\OneDrive\Documents\Coding\TypeScript\Intern Projects\pixelatee\src\error\response.error.ts">
        <metrics statements="4" coveredstatements="4" conditionals="1" coveredconditionals="1" methods="1" coveredmethods="1"/>
        <line num="2" count="65" type="stmt"/>
        <line num="3" count="65" type="stmt"/>
        <line num="12" count="65" type="stmt"/>
        <line num="13" count="65" type="stmt"/>
      </file>
    </package>
    <package name="helper">
      <metrics statements="2" coveredstatements="2" conditionals="0" coveredconditionals="0" methods="0" coveredmethods="0"/>
      <file name="mailer.helper.ts" path="C:\Users\Fathur Saputra\OneDrive\Documents\Coding\TypeScript\Intern Projects\pixelatee\src\helper\mailer.helper.ts">
        <metrics statements="2" coveredstatements="2" conditionals="0" coveredconditionals="0" methods="0" coveredmethods="0"/>
        <line num="5" count="7" type="stmt"/>
        <line num="8" count="7" type="stmt"/>
      </file>
    </package>
    <package name="middleware">
      <metrics statements="55" coveredstatements="48" conditionals="32" coveredconditionals="26" methods="14" coveredmethods="14"/>
      <file name="auth.middleware.ts" path="C:\Users\Fathur Saputra\OneDrive\Documents\Coding\TypeScript\Intern Projects\pixelatee\src\middleware\auth.middleware.ts">
        <metrics statements="27" coveredstatements="22" conditionals="12" coveredconditionals="8" methods="5" coveredmethods="5"/>
        <line num="13" count="7" type="stmt"/>
        <line num="24" count="127" type="stmt"/>
        <line num="28" count="127" type="cond" truecount="1" falsecount="1"/>
        <line num="29" count="0" type="stmt"/>
        <line num="30" count="0" type="stmt"/>
        <line num="32" count="127" type="stmt"/>
        <line num="36" count="127" type="cond" truecount="2" falsecount="0"/>
        <line num="38" count="30" type="stmt"/>
        <line num="42" count="97" type="stmt"/>
        <line num="45" count="97" type="cond" truecount="1" falsecount="1"/>
        <line num="47" count="0" type="stmt"/>
        <line num="51" count="97" type="stmt"/>
        <line num="54" count="96" type="stmt"/>
        <line num="57" count="96" type="stmt"/>
        <line num="60" count="96" type="cond" truecount="1" falsecount="1"/>
        <line num="62" count="0" type="stmt"/>
        <line num="66" count="96" type="stmt"/>
        <line num="69" count="96" type="stmt"/>
        <line num="71" count="31" type="stmt"/>
        <line num="81" count="231" type="stmt"/>
        <line num="83" count="96" type="cond" truecount="1" falsecount="1"/>
        <line num="85" count="0" type="stmt"/>
        <line num="89" count="96" type="stmt"/>
        <line num="121" count="168" type="stmt"/>
        <line num="123" count="83" type="cond" truecount="2" falsecount="0"/>
        <line num="125" count="63" type="stmt"/>
        <line num="128" count="20" type="stmt"/>
      </file>
      <file name="error.middleware.ts" path="C:\Users\Fathur Saputra\OneDrive\Documents\Coding\TypeScript\Intern Projects\pixelatee\src\middleware\error.middleware.ts">
        <metrics statements="7" coveredstatements="6" conditionals="6" coveredconditionals="5" methods="2" coveredmethods="2"/>
        <line num="9" count="87" type="cond" truecount="2" falsecount="0"/>
        <line num="10" count="65" type="stmt"/>
        <line num="11" count="22" type="cond" truecount="2" falsecount="0"/>
        <line num="12" count="48" type="stmt"/>
        <line num="13" count="1" type="cond" truecount="1" falsecount="1"/>
        <line num="14" count="1" type="stmt"/>
        <line num="16" count="0" type="stmt"/>
      </file>
      <file name="file-upload.middleware.ts" path="C:\Users\Fathur Saputra\OneDrive\Documents\Coding\TypeScript\Intern Projects\pixelatee\src\middleware\file-upload.middleware.ts">
        <metrics statements="21" coveredstatements="20" conditionals="14" coveredconditionals="13" methods="7" coveredmethods="7"/>
        <line num="12" count="49" type="stmt"/>
        <line num="14" count="31" type="stmt"/>
        <line num="15" count="31" type="cond" truecount="2" falsecount="0"/>
        <line num="16" count="16" type="stmt"/>
        <line num="18" count="31" type="stmt"/>
        <line num="21" count="31" type="stmt"/>
        <line num="22" count="31" type="stmt"/>
        <line num="35" count="35" type="cond" truecount="2" falsecount="0"/>
        <line num="36" count="3" type="stmt"/>
        <line num="40" count="35" type="stmt"/>
        <line num="45" count="14" type="cond" truecount="3" falsecount="1"/>
        <line num="46" count="14" type="stmt"/>
        <line num="48" count="0" type="stmt"/>
        <line num="54" count="35" type="stmt"/>
        <line num="67" count="14" type="cond" truecount="2" falsecount="0"/>
        <line num="68" count="1" type="stmt"/>
        <line num="72" count="14" type="stmt"/>
        <line num="77" count="18" type="cond" truecount="4" falsecount="0"/>
        <line num="78" count="17" type="stmt"/>
        <line num="80" count="1" type="stmt"/>
        <line num="86" count="14" type="stmt"/>
      </file>
    </package>
    <package name="model">
      <metrics statements="22" coveredstatements="22" conditionals="0" coveredconditionals="0" methods="22" coveredmethods="22"/>
      <file name="auth.model.ts" path="C:\Users\Fathur Saputra\OneDrive\Documents\Coding\TypeScript\Intern Projects\pixelatee\src\model\auth.model.ts">
        <metrics statements="1" coveredstatements="1" conditionals="0" coveredconditionals="0" methods="1" coveredmethods="1"/>
        <line num="25" count="120" type="stmt"/>
      </file>
      <file name="client.model.ts" path="C:\Users\Fathur Saputra\OneDrive\Documents\Coding\TypeScript\Intern Projects\pixelatee\src\model\client.model.ts">
        <metrics statements="3" coveredstatements="3" conditionals="0" coveredconditionals="0" methods="3" coveredmethods="3"/>
        <line num="19" count="12" type="stmt"/>
        <line num="25" count="3" type="stmt"/>
        <line num="26" count="20" type="stmt"/>
      </file>
      <file name="contact.model.ts" path="C:\Users\Fathur Saputra\OneDrive\Documents\Coding\TypeScript\Intern Projects\pixelatee\src\model\contact.model.ts">
        <metrics statements="4" coveredstatements="4" conditionals="0" coveredconditionals="0" methods="4" coveredmethods="4"/>
        <line num="47" count="3" type="stmt"/>
        <line num="58" count="4" type="stmt"/>
        <line num="59" count="24" type="stmt"/>
        <line num="72" count="4" type="stmt"/>
      </file>
      <file name="newsletter.model.ts" path="C:\Users\Fathur Saputra\OneDrive\Documents\Coding\TypeScript\Intern Projects\pixelatee\src\model\newsletter.model.ts">
        <metrics statements="4" coveredstatements="4" conditionals="0" coveredconditionals="0" methods="4" coveredmethods="4"/>
        <line num="48" count="3" type="stmt"/>
        <line num="55" count="7" type="stmt"/>
        <line num="66" count="1" type="stmt"/>
        <line num="67" count="5" type="stmt"/>
      </file>
      <file name="portfolio.model.ts" path="C:\Users\Fathur Saputra\OneDrive\Documents\Coding\TypeScript\Intern Projects\pixelatee\src\model\portfolio.model.ts">
        <metrics statements="4" coveredstatements="4" conditionals="0" coveredconditionals="0" methods="4" coveredmethods="4"/>
        <line num="53" count="12" type="stmt"/>
        <line num="71" count="7" type="stmt"/>
        <line num="72" count="43" type="stmt"/>
        <line num="97" count="5" type="stmt"/>
      </file>
      <file name="super-admin.model.ts" path="C:\Users\Fathur Saputra\OneDrive\Documents\Coding\TypeScript\Intern Projects\pixelatee\src\model\super-admin.model.ts">
        <metrics statements="4" coveredstatements="4" conditionals="0" coveredconditionals="0" methods="4" coveredmethods="4"/>
        <line num="48" count="3" type="stmt"/>
        <line num="54" count="1" type="stmt"/>
        <line num="55" count="15" type="stmt"/>
        <line num="66" count="1" type="stmt"/>
      </file>
      <file name="user.model.ts" path="C:\Users\Fathur Saputra\OneDrive\Documents\Coding\TypeScript\Intern Projects\pixelatee\src\model\user.model.ts">
        <metrics statements="2" coveredstatements="2" conditionals="0" coveredconditionals="0" methods="2" coveredmethods="2"/>
        <line num="64" count="2" type="stmt"/>
        <line num="74" count="9" type="stmt"/>
      </file>
    </package>
    <package name="route">
      <metrics statements="48" coveredstatements="48" conditionals="0" coveredconditionals="0" methods="0" coveredmethods="0"/>
      <file name="auth.route.ts" path="C:\Users\Fathur Saputra\OneDrive\Documents\Coding\TypeScript\Intern Projects\pixelatee\src\route\auth.route.ts">
        <metrics statements="2" coveredstatements="2" conditionals="0" coveredconditionals="0" methods="0" coveredmethods="0"/>
        <line num="5" count="7" type="stmt"/>
        <line num="7" count="7" type="stmt"/>
      </file>
      <file name="client.route.ts" path="C:\Users\Fathur Saputra\OneDrive\Documents\Coding\TypeScript\Intern Projects\pixelatee\src\route\client.route.ts">
        <metrics statements="6" coveredstatements="6" conditionals="0" coveredconditionals="0" methods="0" coveredmethods="0"/>
        <line num="8" count="7" type="stmt"/>
        <line num="10" count="7" type="stmt"/>
        <line num="11" count="7" type="stmt"/>
        <line num="12" count="7" type="stmt"/>
        <line num="20" count="7" type="stmt"/>
        <line num="28" count="7" type="stmt"/>
      </file>
      <file name="contact.route.ts" path="C:\Users\Fathur Saputra\OneDrive\Documents\Coding\TypeScript\Intern Projects\pixelatee\src\route\contact.route.ts">
        <metrics statements="5" coveredstatements="5" conditionals="0" coveredconditionals="0" methods="0" coveredmethods="0"/>
        <line num="7" count="7" type="stmt"/>
        <line num="9" count="7" type="stmt"/>
        <line num="11" count="7" type="stmt"/>
        <line num="12" count="7" type="stmt"/>
        <line num="13" count="7" type="stmt"/>
      </file>
      <file name="newsletter.route.ts" path="C:\Users\Fathur Saputra\OneDrive\Documents\Coding\TypeScript\Intern Projects\pixelatee\src\route\newsletter.route.ts">
        <metrics statements="11" coveredstatements="11" conditionals="0" coveredconditionals="0" methods="0" coveredmethods="0"/>
        <line num="7" count="7" type="stmt"/>
        <line num="9" count="7" type="stmt"/>
        <line num="10" count="7" type="stmt"/>
        <line num="11" count="7" type="stmt"/>
        <line num="12" count="7" type="stmt"/>
        <line num="14" count="7" type="stmt"/>
        <line num="15" count="7" type="stmt"/>
        <line num="16" count="7" type="stmt"/>
        <line num="17" count="7" type="stmt"/>
        <line num="25" count="7" type="stmt"/>
        <line num="33" count="7" type="stmt"/>
      </file>
      <file name="portfolio.route.ts" path="C:\Users\Fathur Saputra\OneDrive\Documents\Coding\TypeScript\Intern Projects\pixelatee\src\route\portfolio.route.ts">
        <metrics statements="9" coveredstatements="9" conditionals="0" coveredconditionals="0" methods="0" coveredmethods="0"/>
        <line num="8" count="7" type="stmt"/>
        <line num="13" count="7" type="stmt"/>
        <line num="14" count="7" type="stmt"/>
        <line num="19" count="7" type="stmt"/>
        <line num="20" count="7" type="stmt"/>
        <line num="21" count="7" type="stmt"/>
        <line num="22" count="7" type="stmt"/>
        <line num="30" count="7" type="stmt"/>
        <line num="38" count="7" type="stmt"/>
      </file>
      <file name="super-admin.route.ts" path="C:\Users\Fathur Saputra\OneDrive\Documents\Coding\TypeScript\Intern Projects\pixelatee\src\route\super-admin.route.ts">
        <metrics statements="5" coveredstatements="5" conditionals="0" coveredconditionals="0" methods="0" coveredmethods="0"/>
        <line num="6" count="7" type="stmt"/>
        <line num="8" count="7" type="stmt"/>
        <line num="9" count="7" type="stmt"/>
        <line num="10" count="7" type="stmt"/>
        <line num="11" count="7" type="stmt"/>
      </file>
      <file name="user.route.ts" path="C:\Users\Fathur Saputra\OneDrive\Documents\Coding\TypeScript\Intern Projects\pixelatee\src\route\user.route.ts">
        <metrics statements="10" coveredstatements="10" conditionals="0" coveredconditionals="0" methods="0" coveredmethods="0"/>
        <line num="8" count="7" type="stmt"/>
        <line num="10" count="7" type="stmt"/>
        <line num="11" count="7" type="stmt"/>
        <line num="12" count="7" type="stmt"/>
        <line num="13" count="7" type="stmt"/>
        <line num="14" count="7" type="stmt"/>
        <line num="15" count="7" type="stmt"/>
        <line num="16" count="7" type="stmt"/>
        <line num="17" count="7" type="stmt"/>
        <line num="18" count="7" type="stmt"/>
      </file>
    </package>
    <package name="schema">
      <metrics statements="25" coveredstatements="25" conditionals="0" coveredconditionals="0" methods="1" coveredmethods="1"/>
      <file name="auth.schema.ts" path="C:\Users\Fathur Saputra\OneDrive\Documents\Coding\TypeScript\Intern Projects\pixelatee\src\schema\auth.schema.ts">
        <metrics statements="1" coveredstatements="1" conditionals="0" coveredconditionals="0" methods="0" coveredmethods="0"/>
        <line num="6" count="7" type="stmt"/>
      </file>
      <file name="client.schema.ts" path="C:\Users\Fathur Saputra\OneDrive\Documents\Coding\TypeScript\Intern Projects\pixelatee\src\schema\client.schema.ts">
        <metrics statements="3" coveredstatements="3" conditionals="0" coveredconditionals="0" methods="0" coveredmethods="0"/>
        <line num="6" count="7" type="stmt"/>
        <line num="16" count="7" type="stmt"/>
        <line num="20" count="7" type="stmt"/>
      </file>
      <file name="contact.schema.ts" path="C:\Users\Fathur Saputra\OneDrive\Documents\Coding\TypeScript\Intern Projects\pixelatee\src\schema\contact.schema.ts">
        <metrics statements="3" coveredstatements="3" conditionals="0" coveredconditionals="0" methods="0" coveredmethods="0"/>
        <line num="6" count="7" type="stmt"/>
        <line num="18" count="7" type="stmt"/>
        <line num="28" count="7" type="stmt"/>
      </file>
      <file name="newsletter.schema.ts" path="C:\Users\Fathur Saputra\OneDrive\Documents\Coding\TypeScript\Intern Projects\pixelatee\src\schema\newsletter.schema.ts">
        <metrics statements="6" coveredstatements="6" conditionals="0" coveredconditionals="0" methods="0" coveredmethods="0"/>
        <line num="5" count="7" type="stmt"/>
        <line num="11" count="7" type="stmt"/>
        <line num="17" count="7" type="stmt"/>
        <line num="21" count="7" type="stmt"/>
        <line num="27" count="7" type="stmt"/>
        <line num="39" count="7" type="stmt"/>
      </file>
      <file name="portfolio.schema.ts" path="C:\Users\Fathur Saputra\OneDrive\Documents\Coding\TypeScript\Intern Projects\pixelatee\src\schema\portfolio.schema.ts">
        <metrics statements="4" coveredstatements="4" conditionals="0" coveredconditionals="0" methods="0" coveredmethods="0"/>
        <line num="6" count="7" type="stmt"/>
        <line num="12" count="7" type="stmt"/>
        <line num="36" count="7" type="stmt"/>
        <line num="63" count="7" type="stmt"/>
      </file>
      <file name="super-admin.schema.ts" path="C:\Users\Fathur Saputra\OneDrive\Documents\Coding\TypeScript\Intern Projects\pixelatee\src\schema\super-admin.schema.ts">
        <metrics statements="3" coveredstatements="3" conditionals="0" coveredconditionals="0" methods="0" coveredmethods="0"/>
        <line num="6" count="7" type="stmt"/>
        <line num="25" count="7" type="stmt"/>
        <line num="31" count="7" type="stmt"/>
      </file>
      <file name="user.schema.ts" path="C:\Users\Fathur Saputra\OneDrive\Documents\Coding\TypeScript\Intern Projects\pixelatee\src\schema\user.schema.ts">
        <metrics statements="4" coveredstatements="4" conditionals="0" coveredconditionals="0" methods="0" coveredmethods="0"/>
        <line num="6" count="7" type="stmt"/>
        <line num="13" count="7" type="stmt"/>
        <line num="20" count="7" type="stmt"/>
        <line num="24" count="7" type="stmt"/>
      </file>
      <file name="validation.ts" path="C:\Users\Fathur Saputra\OneDrive\Documents\Coding\TypeScript\Intern Projects\pixelatee\src\schema\validation.ts">
        <metrics statements="1" coveredstatements="1" conditionals="0" coveredconditionals="0" methods="1" coveredmethods="1"/>
        <line num="11" count="220" type="stmt"/>
      </file>
    </package>
    <package name="service">
      <metrics statements="387" coveredstatements="366" conditionals="160" coveredconditionals="122" methods="45" coveredmethods="44"/>
      <file name="auth.service.ts" path="C:\Users\Fathur Saputra\OneDrive\Documents\Coding\TypeScript\Intern Projects\pixelatee\src\service\auth.service.ts">
        <metrics statements="7" coveredstatements="7" conditionals="4" coveredconditionals="3" methods="1" coveredmethods="1"/>
        <line num="24" count="125" type="stmt"/>
        <line num="27" count="121" type="stmt"/>
        <line num="30" count="121" type="cond" truecount="1" falsecount="1"/>
        <line num="32" count="121" type="stmt"/>
        <line num="35" count="121" type="cond" truecount="2" falsecount="0"/>
        <line num="38" count="120" type="stmt"/>
        <line num="41" count="120" type="stmt"/>
      </file>
      <file name="client.service.ts" path="C:\Users\Fathur Saputra\OneDrive\Documents\Coding\TypeScript\Intern Projects\pixelatee\src\service\client.service.ts">
        <metrics statements="26" coveredstatements="26" conditionals="14" coveredconditionals="11" methods="7" coveredmethods="7"/>
        <line num="22" count="2" type="stmt"/>
        <line num="25" count="15" type="stmt"/>
        <line num="28" count="2" type="stmt"/>
        <line num="39" count="10" type="stmt"/>
        <line num="42" count="9" type="stmt"/>
        <line num="50" count="9" type="stmt"/>
        <line num="62" count="2" type="stmt"/>
        <line num="65" count="2" type="stmt"/>
        <line num="68" count="2" type="stmt"/>
        <line num="71" count="2" type="cond" truecount="1" falsecount="1"/>
        <line num="74" count="2" type="cond" truecount="4" falsecount="0"/>
        <line num="75" count="1" type="cond" truecount="1" falsecount="1"/>
        <line num="76" count="1" type="stmt"/>
        <line num="81" count="2" type="stmt"/>
        <line num="90" count="2" type="stmt"/>
        <line num="101" count="2" type="stmt"/>
        <line num="104" count="2" type="stmt"/>
        <line num="107" count="2" type="cond" truecount="2" falsecount="0"/>
        <line num="108" count="1" type="stmt"/>
        <line num="112" count="1" type="cond" truecount="1" falsecount="1"/>
        <line num="113" count="1" type="stmt"/>
        <line num="117" count="1" type="stmt"/>
        <line num="120" count="1" type="stmt"/>
        <line num="130" count="1" type="stmt"/>
        <line num="133" count="5" type="stmt"/>
        <line num="136" count="1" type="stmt"/>
      </file>
      <file name="contact.service.ts" path="C:\Users\Fathur Saputra\OneDrive\Documents\Coding\TypeScript\Intern Projects\pixelatee\src\service\contact.service.ts">
        <metrics statements="31" coveredstatements="30" conditionals="10" coveredconditionals="9" methods="4" coveredmethods="4"/>
        <line num="21" count="5" type="stmt"/>
        <line num="24" count="1" type="stmt"/>
        <line num="27" count="1" type="stmt"/>
        <line num="28" count="1" type="stmt"/>
        <line num="29" count="1" type="stmt"/>
        <line num="30" count="1" type="stmt"/>
        <line num="31" count="1" type="stmt"/>
        <line num="34" count="1" type="stmt"/>
        <line num="46" count="4" type="stmt"/>
        <line num="49" count="4" type="stmt"/>
        <line num="52" count="4" type="stmt"/>
        <line num="55" count="4" type="cond" truecount="2" falsecount="0"/>
        <line num="58" count="4" type="cond" truecount="2" falsecount="0"/>
        <line num="61" count="4" type="stmt"/>
        <line num="70" count="4" type="stmt"/>
        <line num="73" count="4" type="stmt"/>
        <line num="84" count="2" type="stmt"/>
        <line num="87" count="2" type="stmt"/>
        <line num="90" count="2" type="cond" truecount="2" falsecount="0"/>
        <line num="93" count="1" type="stmt"/>
        <line num="104" count="2" type="stmt"/>
        <line num="107" count="2" type="stmt"/>
        <line num="110" count="2" type="cond" truecount="2" falsecount="0"/>
        <line num="113" count="1" type="stmt"/>
        <line num="115" count="1" type="stmt"/>
        <line num="116" count="1" type="stmt"/>
        <line num="117" count="1" type="stmt"/>
        <line num="118" count="1" type="stmt"/>
        <line num="119" count="1" type="cond" truecount="1" falsecount="1"/>
        <line num="120" count="0" type="stmt"/>
        <line num="124" count="1" type="stmt"/>
      </file>
      <file name="guest.service.ts" path="C:\Users\Fathur Saputra\OneDrive\Documents\Coding\TypeScript\Intern Projects\pixelatee\src\service\guest.service.ts">
        <metrics statements="0" coveredstatements="0" conditionals="0" coveredconditionals="0" methods="0" coveredmethods="0"/>
      </file>
      <file name="newsletter.service.ts" path="C:\Users\Fathur Saputra\OneDrive\Documents\Coding\TypeScript\Intern Projects\pixelatee\src\service\newsletter.service.ts">
        <metrics statements="93" coveredstatements="90" conditionals="34" coveredconditionals="27" methods="10" coveredmethods="10"/>
        <line num="22" count="7" type="stmt"/>
        <line num="33" count="7" type="stmt"/>
        <line num="36" count="3" type="stmt"/>
        <line num="39" count="3" type="cond" truecount="2" falsecount="0"/>
        <line num="42" count="2" type="stmt"/>
        <line num="45" count="2" type="stmt"/>
        <line num="48" count="2" type="stmt"/>
        <line num="51" count="2" type="stmt"/>
        <line num="59" count="2" type="stmt"/>
        <line num="70" count="3" type="stmt"/>
        <line num="73" count="2" type="stmt"/>
        <line num="78" count="2" type="cond" truecount="2" falsecount="0"/>
        <line num="81" count="1" type="stmt"/>
        <line num="84" count="1" type="stmt"/>
        <line num="95" count="1" type="stmt"/>
        <line num="98" count="1" type="stmt"/>
        <line num="103" count="1" type="cond" truecount="1" falsecount="1"/>
        <line num="106" count="1" type="stmt"/>
        <line num="109" count="1" type="stmt"/>
        <line num="112" count="1" type="stmt"/>
        <line num="123" count="3" type="stmt"/>
        <line num="126" count="2" type="stmt"/>
        <line num="131" count="2" type="cond" truecount="2" falsecount="0"/>
        <line num="134" count="1" type="stmt"/>
        <line num="137" count="1" type="stmt"/>
        <line num="142" count="1" type="stmt"/>
        <line num="145" count="1" type="stmt"/>
        <line num="150" count="1" type="cond" truecount="1" falsecount="1"/>
        <line num="153" count="1" type="cond" truecount="1" falsecount="1"/>
        <line num="156" count="1" type="cond" truecount="1" falsecount="1"/>
        <line num="159" count="1" type="stmt"/>
        <line num="168" count="1" type="stmt"/>
        <line num="173" count="2" type="stmt"/>
        <line num="176" count="2" type="stmt"/>
        <line num="184" count="2" type="cond" truecount="2" falsecount="0"/>
        <line num="187" count="1" type="stmt"/>
        <line num="200" count="3" type="stmt"/>
        <line num="203" count="2" type="cond" truecount="2" falsecount="0"/>
        <line num="206" count="2" type="stmt"/>
        <line num="221" count="2" type="cond" truecount="2" falsecount="0"/>
        <line num="223" count="1" type="stmt"/>
        <line num="226" count="1" type="stmt"/>
        <line num="229" count="1" type="stmt"/>
        <line num="232" count="1" type="stmt"/>
        <line num="235" count="1" type="stmt"/>
        <line num="238" count="1" type="stmt"/>
        <line num="240" count="2" type="stmt"/>
        <line num="243" count="2" type="stmt"/>
        <line num="253" count="2" type="stmt"/>
        <line num="254" count="2" type="stmt"/>
        <line num="255" count="2" type="stmt"/>
        <line num="256" count="2" type="stmt"/>
        <line num="257" count="2" type="stmt"/>
        <line num="258" count="2" type="stmt"/>
        <line num="261" count="2" type="stmt"/>
        <line num="272" count="1" type="stmt"/>
        <line num="275" count="1" type="stmt"/>
        <line num="278" count="1" type="cond" truecount="1" falsecount="1"/>
        <line num="281" count="1" type="stmt"/>
        <line num="282" count="1" type="stmt"/>
        <line num="285" count="1" type="stmt"/>
        <line num="298" count="2" type="stmt"/>
        <line num="301" count="2" type="stmt"/>
        <line num="304" count="2" type="stmt"/>
        <line num="307" count="2" type="cond" truecount="1" falsecount="1"/>
        <line num="310" count="2" type="cond" truecount="4" falsecount="0"/>
        <line num="311" count="1" type="stmt"/>
        <line num="312" count="1" type="stmt"/>
        <line num="313" count="0" type="stmt"/>
        <line num="315" count="1" type="stmt"/>
        <line num="320" count="2" type="stmt"/>
        <line num="336" count="2" type="stmt"/>
        <line num="337" count="2" type="stmt"/>
        <line num="338" count="2" type="stmt"/>
        <line num="339" count="2" type="stmt"/>
        <line num="340" count="2" type="stmt"/>
        <line num="343" count="2" type="stmt"/>
        <line num="354" count="2" type="stmt"/>
        <line num="357" count="2" type="stmt"/>
        <line num="360" count="2" type="cond" truecount="2" falsecount="0"/>
        <line num="363" count="1" type="stmt"/>
        <line num="364" count="1" type="stmt"/>
        <line num="365" count="0" type="stmt"/>
        <line num="367" count="1" type="cond" truecount="1" falsecount="1"/>
        <line num="368" count="1" type="stmt"/>
        <line num="370" count="0" type="stmt"/>
        <line num="375" count="1" type="stmt"/>
        <line num="378" count="1" type="stmt"/>
        <line num="379" count="1" type="stmt"/>
        <line num="380" count="1" type="stmt"/>
        <line num="381" count="1" type="stmt"/>
        <line num="382" count="1" type="stmt"/>
        <line num="385" count="1" type="stmt"/>
      </file>
      <file name="portfolio.service.ts" path="C:\Users\Fathur Saputra\OneDrive\Documents\Coding\TypeScript\Intern Projects\pixelatee\src\service\portfolio.service.ts">
        <metrics statements="131" coveredstatements="121" conditionals="78" coveredconditionals="57" methods="10" coveredmethods="10"/>
        <line num="23" count="2" type="stmt"/>
        <line num="26" count="2" type="stmt"/>
        <line num="27" count="10" type="stmt"/>
        <line num="28" count="10" type="stmt"/>
        <line num="29" count="10" type="stmt"/>
        <line num="30" count="10" type="stmt"/>
        <line num="34" count="2" type="stmt"/>
        <line num="45" count="3" type="stmt"/>
        <line num="48" count="3" type="stmt"/>
        <line num="51" count="3" type="cond" truecount="2" falsecount="0"/>
        <line num="54" count="2" type="stmt"/>
        <line num="56" count="2" type="cond" truecount="2" falsecount="0"/>
        <line num="57" count="2" type="cond" truecount="2" falsecount="0"/>
        <line num="58" count="2" type="cond" truecount="2" falsecount="0"/>
        <line num="59" count="2" type="cond" truecount="2" falsecount="0"/>
        <line num="62" count="2" type="stmt"/>
        <line num="74" count="5" type="stmt"/>
        <line num="77" count="5" type="stmt"/>
        <line num="80" count="5" type="stmt"/>
        <line num="85" count="5" type="cond" truecount="1" falsecount="1"/>
        <line num="88" count="5" type="cond" truecount="2" falsecount="0"/>
        <line num="91" count="5" type="stmt"/>
        <line num="104" count="5" type="stmt"/>
        <line num="105" count="33" type="stmt"/>
        <line num="106" count="33" type="stmt"/>
        <line num="107" count="33" type="stmt"/>
        <line num="108" count="33" type="stmt"/>
        <line num="112" count="5" type="stmt"/>
        <line num="115" count="5" type="stmt"/>
        <line num="126" count="2" type="stmt"/>
        <line num="129" count="2" type="stmt"/>
        <line num="132" count="2" type="cond" truecount="2" falsecount="0"/>
        <line num="135" count="1" type="cond" truecount="1" falsecount="1"/>
        <line num="136" count="1" type="cond" truecount="1" falsecount="1"/>
        <line num="137" count="1" type="cond" truecount="1" falsecount="1"/>
        <line num="138" count="1" type="cond" truecount="1" falsecount="1"/>
        <line num="141" count="1" type="stmt"/>
        <line num="146" count="2" type="stmt"/>
        <line num="149" count="2" type="stmt"/>
        <line num="152" count="2" type="cond" truecount="2" falsecount="0"/>
        <line num="155" count="1" type="stmt"/>
        <line num="160" count="2" type="stmt"/>
        <line num="163" count="2" type="stmt"/>
        <line num="166" count="1" type="stmt"/>
        <line num="169" count="1" type="cond" truecount="1" falsecount="1"/>
        <line num="172" count="1" type="cond" truecount="1" falsecount="1"/>
        <line num="173" count="1" type="stmt"/>
        <line num="174" count="1" type="stmt"/>
        <line num="175" count="0" type="stmt"/>
        <line num="177" count="1" type="stmt"/>
        <line num="180" count="1" type="cond" truecount="1" falsecount="1"/>
        <line num="181" count="1" type="stmt"/>
        <line num="182" count="1" type="stmt"/>
        <line num="183" count="0" type="stmt"/>
        <line num="185" count="1" type="stmt"/>
        <line num="188" count="1" type="cond" truecount="1" falsecount="1"/>
        <line num="189" count="1" type="stmt"/>
        <line num="190" count="1" type="stmt"/>
        <line num="191" count="0" type="stmt"/>
        <line num="193" count="1" type="stmt"/>
        <line num="196" count="1" type="cond" truecount="1" falsecount="1"/>
        <line num="197" count="1" type="stmt"/>
        <line num="198" count="1" type="stmt"/>
        <line num="199" count="0" type="stmt"/>
        <line num="201" count="1" type="stmt"/>
        <line num="204" count="1" type="cond" truecount="1" falsecount="1"/>
        <line num="205" count="1" type="stmt"/>
        <line num="206" count="1" type="stmt"/>
        <line num="207" count="0" type="stmt"/>
        <line num="209" count="1" type="stmt"/>
        <line num="214" count="1" type="stmt"/>
        <line num="233" count="1" type="stmt"/>
        <line num="234" count="1" type="cond" truecount="1" falsecount="1"/>
        <line num="235" count="1" type="stmt"/>
        <line num="237" count="1" type="stmt"/>
        <line num="238" count="1" type="stmt"/>
        <line num="239" count="1" type="stmt"/>
        <line num="240" count="1" type="stmt"/>
        <line num="241" count="1" type="stmt"/>
        <line num="244" count="1" type="stmt"/>
        <line num="257" count="7" type="stmt"/>
        <line num="260" count="6" type="stmt"/>
        <line num="263" count="6" type="cond" truecount="1" falsecount="1"/>
        <line num="266" count="6" type="stmt"/>
        <line num="285" count="6" type="stmt"/>
        <line num="286" count="6" type="cond" truecount="1" falsecount="1"/>
        <line num="287" count="6" type="stmt"/>
        <line num="289" count="6" type="stmt"/>
        <line num="290" count="6" type="stmt"/>
        <line num="291" count="6" type="stmt"/>
        <line num="292" count="6" type="stmt"/>
        <line num="293" count="6" type="stmt"/>
        <line num="296" count="6" type="stmt"/>
        <line num="307" count="2" type="stmt"/>
        <line num="310" count="2" type="stmt"/>
        <line num="313" count="2" type="cond" truecount="2" falsecount="0"/>
        <line num="316" count="1" type="cond" truecount="1" falsecount="1"/>
        <line num="317" count="1" type="stmt"/>
        <line num="318" count="1" type="stmt"/>
        <line num="319" count="0" type="stmt"/>
        <line num="321" count="1" type="stmt"/>
        <line num="324" count="1" type="cond" truecount="1" falsecount="1"/>
        <line num="325" count="1" type="stmt"/>
        <line num="326" count="1" type="stmt"/>
        <line num="327" count="0" type="stmt"/>
        <line num="329" count="1" type="stmt"/>
        <line num="332" count="1" type="cond" truecount="1" falsecount="1"/>
        <line num="333" count="1" type="stmt"/>
        <line num="334" count="1" type="stmt"/>
        <line num="335" count="0" type="stmt"/>
        <line num="337" count="1" type="stmt"/>
        <line num="340" count="1" type="cond" truecount="1" falsecount="1"/>
        <line num="341" count="1" type="stmt"/>
        <line num="342" count="1" type="stmt"/>
        <line num="343" count="0" type="stmt"/>
        <line num="345" count="1" type="stmt"/>
        <line num="348" count="1" type="cond" truecount="1" falsecount="1"/>
        <line num="349" count="1" type="stmt"/>
        <line num="350" count="1" type="stmt"/>
        <line num="351" count="0" type="stmt"/>
        <line num="353" count="1" type="stmt"/>
        <line num="358" count="1" type="stmt"/>
        <line num="361" count="1" type="stmt"/>
        <line num="362" count="1" type="cond" truecount="1" falsecount="1"/>
        <line num="363" count="1" type="stmt"/>
        <line num="365" count="1" type="stmt"/>
        <line num="366" count="1" type="stmt"/>
        <line num="367" count="1" type="stmt"/>
        <line num="368" count="1" type="stmt"/>
        <line num="369" count="1" type="stmt"/>
        <line num="372" count="1" type="stmt"/>
      </file>
      <file name="super-admin.service.ts" path="C:\Users\Fathur Saputra\OneDrive\Documents\Coding\TypeScript\Intern Projects\pixelatee\src\service\super-admin.service.ts">
        <metrics statements="27" coveredstatements="23" conditionals="14" coveredconditionals="12" methods="4" coveredmethods="3"/>
        <line num="17" count="4" type="stmt"/>
        <line num="20" count="3" type="stmt"/>
        <line num="23" count="3" type="cond" truecount="2" falsecount="0"/>
        <line num="26" count="2" type="stmt"/>
        <line num="74" count="2" type="stmt"/>
        <line num="79" count="1" type="stmt"/>
        <line num="82" count="1" type="stmt"/>
        <line num="85" count="1" type="stmt"/>
        <line num="90" count="1" type="cond" truecount="1" falsecount="1"/>
        <line num="91" count="0" type="stmt"/>
        <line num="95" count="1" type="cond" truecount="1" falsecount="1"/>
        <line num="96" count="0" type="stmt"/>
        <line num="100" count="1" type="stmt"/>
        <line num="108" count="1" type="stmt"/>
        <line num="110" count="1" type="stmt"/>
        <line num="115" count="2" type="stmt"/>
        <line num="118" count="2" type="stmt"/>
        <line num="125" count="2" type="cond" truecount="2" falsecount="0"/>
        <line num="128" count="1" type="stmt"/>
        <line num="129" count="1" type="stmt"/>
        <line num="130" count="1" type="stmt"/>
        <line num="133" count="1" type="stmt"/>
        <line num="136" count="1" type="stmt"/>
        <line num="140" count="1" type="stmt"/>
        <line num="143" count="1" type="stmt"/>
        <line num="148" count="0" type="stmt"/>
        <line num="151" count="0" type="stmt"/>
      </file>
      <file name="user.service.ts" path="C:\Users\Fathur Saputra\OneDrive\Documents\Coding\TypeScript\Intern Projects\pixelatee\src\service\user.service.ts">
        <metrics statements="72" coveredstatements="69" conditionals="6" coveredconditionals="3" methods="9" coveredmethods="9"/>
        <line num="22" count="1" type="stmt"/>
        <line num="25" count="1" type="stmt"/>
        <line num="28" count="1" type="stmt"/>
        <line num="39" count="1" type="stmt"/>
        <line num="42" count="1" type="stmt"/>
        <line num="43" count="1" type="stmt"/>
        <line num="44" count="1" type="stmt"/>
        <line num="45" count="1" type="stmt"/>
        <line num="46" count="1" type="stmt"/>
        <line num="47" count="1" type="stmt"/>
        <line num="50" count="1" type="stmt"/>
        <line num="61" count="1" type="stmt"/>
        <line num="64" count="1" type="stmt"/>
        <line num="65" count="1" type="stmt"/>
        <line num="66" count="1" type="stmt"/>
        <line num="67" count="1" type="stmt"/>
        <line num="68" count="1" type="stmt"/>
        <line num="69" count="1" type="stmt"/>
        <line num="70" count="1" type="stmt"/>
        <line num="73" count="1" type="stmt"/>
        <line num="86" count="2" type="stmt"/>
        <line num="89" count="1" type="stmt"/>
        <line num="92" count="1" type="cond" truecount="3" falsecount="1"/>
        <line num="93" count="0" type="stmt"/>
        <line num="94" count="0" type="cond" truecount="0" falsecount="2"/>
        <line num="95" count="0" type="stmt"/>
        <line num="100" count="1" type="stmt"/>
        <line num="107" count="1" type="stmt"/>
        <line num="108" count="1" type="stmt"/>
        <line num="109" count="1" type="stmt"/>
        <line num="110" count="1" type="stmt"/>
        <line num="111" count="1" type="stmt"/>
        <line num="112" count="1" type="stmt"/>
        <line num="113" count="1" type="stmt"/>
        <line num="116" count="1" type="stmt"/>
        <line num="127" count="1" type="stmt"/>
        <line num="130" count="1" type="stmt"/>
        <line num="131" count="1" type="stmt"/>
        <line num="132" count="1" type="stmt"/>
        <line num="135" count="1" type="stmt"/>
        <line num="147" count="1" type="stmt"/>
        <line num="150" count="1" type="stmt"/>
        <line num="164" count="1" type="stmt"/>
        <line num="165" count="1" type="stmt"/>
        <line num="166" count="1" type="stmt"/>
        <line num="167" count="1" type="stmt"/>
        <line num="168" count="1" type="stmt"/>
        <line num="169" count="1" type="stmt"/>
        <line num="170" count="1" type="stmt"/>
        <line num="172" count="1" type="stmt"/>
        <line num="184" count="1" type="stmt"/>
        <line num="187" count="1" type="stmt"/>
        <line num="196" count="1" type="stmt"/>
        <line num="197" count="1" type="stmt"/>
        <line num="198" count="1" type="stmt"/>
        <line num="199" count="1" type="stmt"/>
        <line num="200" count="1" type="stmt"/>
        <line num="201" count="1" type="stmt"/>
        <line num="202" count="1" type="stmt"/>
        <line num="205" count="1" type="stmt"/>
        <line num="216" count="2" type="stmt"/>
        <line num="225" count="2" type="stmt"/>
        <line num="237" count="3" type="stmt"/>
        <line num="240" count="2" type="stmt"/>
        <line num="260" count="2" type="stmt"/>
        <line num="261" count="2" type="stmt"/>
        <line num="262" count="2" type="stmt"/>
        <line num="263" count="2" type="stmt"/>
        <line num="264" count="2" type="stmt"/>
        <line num="265" count="2" type="stmt"/>
        <line num="266" count="2" type="stmt"/>
        <line num="268" count="2" type="stmt"/>
      </file>
    </package>
    <package name="types">
      <metrics statements="0" coveredstatements="0" conditionals="0" coveredconditionals="0" methods="0" coveredmethods="0"/>
      <file name="user.type.ts" path="C:\Users\Fathur Saputra\OneDrive\Documents\Coding\TypeScript\Intern Projects\pixelatee\src\types\user.type.ts">
        <metrics statements="0" coveredstatements="0" conditionals="0" coveredconditionals="0" methods="0" coveredmethods="0"/>
      </file>
    </package>
  </project>
</coverage>
