{"C:\\Users\\Fathur Saputra\\OneDrive\\Documents\\Coding\\TypeScript\\Intern Projects\\pixelatee\\src\\application\\database.ts": {"path":"C:\\Users\\Fathur Saputra\\OneDrive\\Documents\\Coding\\TypeScript\\Intern Projects\\pixelatee\\src\\application\\database.ts","statementMap":{"0":{"start":{"line":5,"column":22},"end":{"line":24,"column":2}},"1":{"start":{"line":26,"column":0},"end":{"line":28,"column":3}},"2":{"start":{"line":27,"column":2},"end":{"line":27,"column":25}},"3":{"start":{"line":30,"column":0},"end":{"line":32,"column":3}},"4":{"start":{"line":31,"column":2},"end":{"line":31,"column":23}},"5":{"start":{"line":34,"column":0},"end":{"line":36,"column":3}},"6":{"start":{"line":35,"column":2},"end":{"line":35,"column":25}},"7":{"start":{"line":38,"column":0},"end":{"line":40,"column":3}},"8":{"start":{"line":39,"column":2},"end":{"line":39,"column":26}}},"fnMap":{"0":{"name":"(anonymous_0)","decl":{"start":{"line":26,"column":19},"end":{"line":26,"column":20}},"loc":{"start":{"line":26,"column":26},"end":{"line":28,"column":1}},"line":26},"1":{"name":"(anonymous_1)","decl":{"start":{"line":30,"column":20},"end":{"line":30,"column":21}},"loc":{"start":{"line":30,"column":27},"end":{"line":32,"column":1}},"line":30},"2":{"name":"(anonymous_2)","decl":{"start":{"line":34,"column":19},"end":{"line":34,"column":20}},"loc":{"start":{"line":34,"column":26},"end":{"line":36,"column":1}},"line":34},"3":{"name":"(anonymous_3)","decl":{"start":{"line":38,"column":20},"end":{"line":38,"column":21}},"loc":{"start":{"line":38,"column":27},"end":{"line":40,"column":1}},"line":38}},"branchMap":{},"s":{"0":1,"1":1,"2":1,"3":1,"4":330,"5":1,"6":0,"7":1,"8":0},"f":{"0":1,"1":330,"2":0,"3":0},"b":{},"_coverageSchema":"1a1c01bbd47fc00a2c39e90264f33305004495a9","hash":"6a391685b96cc616acf2e4432807eb6698ff35b5"}
,"C:\\Users\\Fathur Saputra\\OneDrive\\Documents\\Coding\\TypeScript\\Intern Projects\\pixelatee\\src\\application\\log.ts": {"path":"C:\\Users\\Fathur Saputra\\OneDrive\\Documents\\Coding\\TypeScript\\Intern Projects\\pixelatee\\src\\application\\log.ts","statementMap":{"0":{"start":{"line":4,"column":36},"end":{"line":11,"column":2}},"1":{"start":{"line":13,"column":38},"end":{"line":17,"column":2}},"2":{"start":{"line":15,"column":42},"end":{"line":15,"column":118}}},"fnMap":{"0":{"name":"(anonymous_0)","decl":{"start":{"line":15,"column":32},"end":{"line":15,"column":33}},"loc":{"start":{"line":15,"column":42},"end":{"line":15,"column":118}},"line":15}},"branchMap":{},"s":{"0":1,"1":1,"2":331},"f":{"0":331},"b":{},"_coverageSchema":"1a1c01bbd47fc00a2c39e90264f33305004495a9","hash":"09068258b555831ce15e21dd7b02822bbec03df0"}
,"C:\\Users\\Fathur Saputra\\OneDrive\\Documents\\Coding\\TypeScript\\Intern Projects\\pixelatee\\src\\application\\web.ts": {"path":"C:\\Users\\Fathur Saputra\\OneDrive\\Documents\\Coding\\TypeScript\\Intern Projects\\pixelatee\\src\\application\\web.ts","statementMap":{"0":{"start":{"line":15,"column":0},"end":{"line":15,"column":16}},"1":{"start":{"line":17,"column":40},"end":{"line":17,"column":49}},"2":{"start":{"line":23,"column":0},"end":{"line":28,"column":2}},"3":{"start":{"line":29,"column":0},"end":{"line":29,"column":50}},"4":{"start":{"line":30,"column":0},"end":{"line":30,"column":24}},"5":{"start":{"line":31,"column":0},"end":{"line":31,"column":48}},"6":{"start":{"line":36,"column":0},"end":{"line":36,"column":34}},"7":{"start":{"line":41,"column":0},"end":{"line":41,"column":30}},"8":{"start":{"line":42,"column":0},"end":{"line":42,"column":36}},"9":{"start":{"line":43,"column":0},"end":{"line":43,"column":35}},"10":{"start":{"line":44,"column":0},"end":{"line":44,"column":32}},"11":{"start":{"line":45,"column":0},"end":{"line":45,"column":30}},"12":{"start":{"line":46,"column":0},"end":{"line":46,"column":33}},"13":{"start":{"line":51,"column":0},"end":{"line":53,"column":3}},"14":{"start":{"line":52,"column":2},"end":{"line":52,"column":101}},"15":{"start":{"line":58,"column":0},"end":{"line":58,"column":32}}},"fnMap":{"0":{"name":"(anonymous_0)","decl":{"start":{"line":51,"column":8},"end":{"line":51,"column":9}},"loc":{"start":{"line":51,"column":91},"end":{"line":53,"column":1}},"line":51}},"branchMap":{},"s":{"0":1,"1":1,"2":1,"3":1,"4":1,"5":1,"6":1,"7":1,"8":1,"9":1,"10":1,"11":1,"12":1,"13":1,"14":0,"15":1},"f":{"0":0},"b":{},"_coverageSchema":"1a1c01bbd47fc00a2c39e90264f33305004495a9","hash":"b01d5bbec655781695a100f2918f4bc943a19e96"}
,"C:\\Users\\Fathur Saputra\\OneDrive\\Documents\\Coding\\TypeScript\\Intern Projects\\pixelatee\\src\\controller\\auth.controller.ts": {"path":"C:\\Users\\Fathur Saputra\\OneDrive\\Documents\\Coding\\TypeScript\\Intern Projects\\pixelatee\\src\\controller\\auth.controller.ts","statementMap":{"0":{"start":{"line":16,"column":4},"end":{"line":36,"column":5}},"1":{"start":{"line":18,"column":40},"end":{"line":18,"column":68}},"2":{"start":{"line":21,"column":37},"end":{"line":21,"column":69}},"3":{"start":{"line":24,"column":6},"end":{"line":30,"column":9}},"4":{"start":{"line":33,"column":6},"end":{"line":33,"column":117}},"5":{"start":{"line":35,"column":6},"end":{"line":35,"column":18}}},"fnMap":{"0":{"name":"(anonymous_0)","decl":{"start":{"line":15,"column":2},"end":{"line":15,"column":3}},"loc":{"start":{"line":15,"column":116},"end":{"line":37,"column":3}},"line":15}},"branchMap":{},"s":{"0":14,"1":14,"2":14,"3":14,"4":14,"5":0},"f":{"0":14},"b":{},"_coverageSchema":"1a1c01bbd47fc00a2c39e90264f33305004495a9","hash":"d67ba135842fc10a4ad2f4dfd275c80dd95f6b87"}
,"C:\\Users\\Fathur Saputra\\OneDrive\\Documents\\Coding\\TypeScript\\Intern Projects\\pixelatee\\src\\controller\\client.controller.ts": {"path":"C:\\Users\\Fathur Saputra\\OneDrive\\Documents\\Coding\\TypeScript\\Intern Projects\\pixelatee\\src\\controller\\client.controller.ts","statementMap":{"0":{"start":{"line":21,"column":4},"end":{"line":29,"column":5}},"1":{"start":{"line":23,"column":41},"end":{"line":23,"column":74}},"2":{"start":{"line":26,"column":6},"end":{"line":26,"column":117}},"3":{"start":{"line":28,"column":6},"end":{"line":28,"column":18}},"4":{"start":{"line":40,"column":4},"end":{"line":73,"column":5}},"5":{"start":{"line":42,"column":37},"end":{"line":42,"column":62}},"6":{"start":{"line":45,"column":52},"end":{"line":45,"column":95}},"7":{"start":{"line":48,"column":6},"end":{"line":50,"column":7}},"8":{"start":{"line":49,"column":8},"end":{"line":49,"column":37}},"9":{"start":{"line":53,"column":39},"end":{"line":53,"column":85}},"10":{"start":{"line":56,"column":6},"end":{"line":56,"column":116}},"11":{"start":{"line":59,"column":52},"end":{"line":59,"column":95}},"12":{"start":{"line":62,"column":6},"end":{"line":70,"column":7}},"13":{"start":{"line":63,"column":8},"end":{"line":69,"column":9}},"14":{"start":{"line":64,"column":10},"end":{"line":66,"column":11}},"15":{"start":{"line":65,"column":12},"end":{"line":65,"column":60}},"16":{"start":{"line":68,"column":10},"end":{"line":68,"column":54}},"17":{"start":{"line":72,"column":6},"end":{"line":72,"column":18}},"18":{"start":{"line":84,"column":4},"end":{"line":120,"column":5}},"19":{"start":{"line":86,"column":37},"end":{"line":86,"column":62}},"20":{"start":{"line":89,"column":35},"end":{"line":89,"column":61}},"21":{"start":{"line":92,"column":52},"end":{"line":92,"column":95}},"22":{"start":{"line":95,"column":6},"end":{"line":97,"column":7}},"23":{"start":{"line":96,"column":8},"end":{"line":96,"column":37}},"24":{"start":{"line":100,"column":39},"end":{"line":100,"column":93}},"25":{"start":{"line":103,"column":6},"end":{"line":103,"column":116}},"26":{"start":{"line":106,"column":52},"end":{"line":106,"column":95}},"27":{"start":{"line":109,"column":6},"end":{"line":117,"column":7}},"28":{"start":{"line":110,"column":8},"end":{"line":116,"column":9}},"29":{"start":{"line":111,"column":10},"end":{"line":113,"column":11}},"30":{"start":{"line":112,"column":12},"end":{"line":112,"column":60}},"31":{"start":{"line":115,"column":10},"end":{"line":115,"column":54}},"32":{"start":{"line":119,"column":6},"end":{"line":119,"column":18}},"33":{"start":{"line":131,"column":4},"end":{"line":142,"column":5}},"34":{"start":{"line":133,"column":35},"end":{"line":133,"column":61}},"35":{"start":{"line":136,"column":39},"end":{"line":136,"column":78}},"36":{"start":{"line":139,"column":6},"end":{"line":139,"column":116}},"37":{"start":{"line":141,"column":6},"end":{"line":141,"column":18}},"38":{"start":{"line":153,"column":4},"end":{"line":164,"column":5}},"39":{"start":{"line":155,"column":37},"end":{"line":155,"column":62}},"40":{"start":{"line":158,"column":41},"end":{"line":158,"column":73}},"41":{"start":{"line":161,"column":6},"end":{"line":161,"column":136}},"42":{"start":{"line":163,"column":6},"end":{"line":163,"column":18}}},"fnMap":{"0":{"name":"(anonymous_0)","decl":{"start":{"line":20,"column":2},"end":{"line":20,"column":3}},"loc":{"start":{"line":20,"column":118},"end":{"line":30,"column":3}},"line":20},"1":{"name":"(anonymous_1)","decl":{"start":{"line":39,"column":2},"end":{"line":39,"column":3}},"loc":{"start":{"line":39,"column":118},"end":{"line":74,"column":3}},"line":39},"2":{"name":"(anonymous_2)","decl":{"start":{"line":83,"column":2},"end":{"line":83,"column":3}},"loc":{"start":{"line":83,"column":118},"end":{"line":121,"column":3}},"line":83},"3":{"name":"(anonymous_3)","decl":{"start":{"line":130,"column":2},"end":{"line":130,"column":3}},"loc":{"start":{"line":130,"column":118},"end":{"line":143,"column":3}},"line":130},"4":{"name":"(anonymous_4)","decl":{"start":{"line":152,"column":2},"end":{"line":152,"column":3}},"loc":{"start":{"line":152,"column":117},"end":{"line":165,"column":3}},"line":152}},"branchMap":{"0":{"loc":{"start":{"line":48,"column":6},"end":{"line":50,"column":7}},"type":"if","locations":[{"start":{"line":48,"column":6},"end":{"line":50,"column":7}},{"start":{},"end":{}}],"line":48},"1":{"loc":{"start":{"line":62,"column":6},"end":{"line":70,"column":7}},"type":"if","locations":[{"start":{"line":62,"column":6},"end":{"line":70,"column":7}},{"start":{},"end":{}}],"line":62},"2":{"loc":{"start":{"line":64,"column":10},"end":{"line":66,"column":11}},"type":"if","locations":[{"start":{"line":64,"column":10},"end":{"line":66,"column":11}},{"start":{},"end":{}}],"line":64},"3":{"loc":{"start":{"line":95,"column":6},"end":{"line":97,"column":7}},"type":"if","locations":[{"start":{"line":95,"column":6},"end":{"line":97,"column":7}},{"start":{},"end":{}}],"line":95},"4":{"loc":{"start":{"line":109,"column":6},"end":{"line":117,"column":7}},"type":"if","locations":[{"start":{"line":109,"column":6},"end":{"line":117,"column":7}},{"start":{},"end":{}}],"line":109},"5":{"loc":{"start":{"line":111,"column":10},"end":{"line":113,"column":11}},"type":"if","locations":[{"start":{"line":111,"column":10},"end":{"line":113,"column":11}},{"start":{},"end":{}}],"line":111}},"s":{"0":0,"1":0,"2":0,"3":0,"4":0,"5":0,"6":0,"7":0,"8":0,"9":0,"10":0,"11":0,"12":0,"13":0,"14":0,"15":0,"16":0,"17":0,"18":0,"19":0,"20":0,"21":0,"22":0,"23":0,"24":0,"25":0,"26":0,"27":0,"28":0,"29":0,"30":0,"31":0,"32":0,"33":0,"34":0,"35":0,"36":0,"37":0,"38":0,"39":0,"40":0,"41":0,"42":0},"f":{"0":0,"1":0,"2":0,"3":0,"4":0},"b":{"0":[0,0],"1":[0,0],"2":[0,0],"3":[0,0],"4":[0,0],"5":[0,0]},"_coverageSchema":"1a1c01bbd47fc00a2c39e90264f33305004495a9","hash":"6076a4f73072567f709bf5e4041b1c817956ce1d"}
,"C:\\Users\\Fathur Saputra\\OneDrive\\Documents\\Coding\\TypeScript\\Intern Projects\\pixelatee\\src\\controller\\contact.controller.ts": {"path":"C:\\Users\\Fathur Saputra\\OneDrive\\Documents\\Coding\\TypeScript\\Intern Projects\\pixelatee\\src\\controller\\contact.controller.ts","statementMap":{"0":{"start":{"line":19,"column":4},"end":{"line":30,"column":5}},"1":{"start":{"line":21,"column":38},"end":{"line":21,"column":64}},"2":{"start":{"line":24,"column":40},"end":{"line":24,"column":82}},"3":{"start":{"line":27,"column":6},"end":{"line":27,"column":126}},"4":{"start":{"line":29,"column":6},"end":{"line":29,"column":18}},"5":{"start":{"line":41,"column":4},"end":{"line":55,"column":5}},"6":{"start":{"line":43,"column":80},"end":{"line":43,"column":88}},"7":{"start":{"line":46,"column":38},"end":{"line":46,"column":76}},"8":{"start":{"line":49,"column":50},"end":{"line":49,"column":97}},"9":{"start":{"line":52,"column":6},"end":{"line":52,"column":118}},"10":{"start":{"line":54,"column":6},"end":{"line":54,"column":18}},"11":{"start":{"line":66,"column":4},"end":{"line":77,"column":5}},"12":{"start":{"line":68,"column":39},"end":{"line":68,"column":66}},"13":{"start":{"line":71,"column":40},"end":{"line":71,"column":86}},"14":{"start":{"line":74,"column":6},"end":{"line":74,"column":121}},"15":{"start":{"line":76,"column":6},"end":{"line":76,"column":18}},"16":{"start":{"line":88,"column":4},"end":{"line":99,"column":5}},"17":{"start":{"line":90,"column":39},"end":{"line":90,"column":66}},"18":{"start":{"line":93,"column":39},"end":{"line":93,"column":82}},"19":{"start":{"line":96,"column":6},"end":{"line":96,"column":117}},"20":{"start":{"line":98,"column":6},"end":{"line":98,"column":18}}},"fnMap":{"0":{"name":"(anonymous_0)","decl":{"start":{"line":18,"column":2},"end":{"line":18,"column":3}},"loc":{"start":{"line":18,"column":123},"end":{"line":31,"column":3}},"line":18},"1":{"name":"(anonymous_1)","decl":{"start":{"line":40,"column":2},"end":{"line":40,"column":3}},"loc":{"start":{"line":40,"column":118},"end":{"line":56,"column":3}},"line":40},"2":{"name":"(anonymous_2)","decl":{"start":{"line":65,"column":2},"end":{"line":65,"column":3}},"loc":{"start":{"line":65,"column":121},"end":{"line":78,"column":3}},"line":65},"3":{"name":"(anonymous_3)","decl":{"start":{"line":87,"column":2},"end":{"line":87,"column":3}},"loc":{"start":{"line":87,"column":118},"end":{"line":100,"column":3}},"line":87}},"branchMap":{},"s":{"0":0,"1":0,"2":0,"3":0,"4":0,"5":0,"6":0,"7":0,"8":0,"9":0,"10":0,"11":0,"12":0,"13":0,"14":0,"15":0,"16":0,"17":0,"18":0,"19":0,"20":0},"f":{"0":0,"1":0,"2":0,"3":0},"b":{},"_coverageSchema":"1a1c01bbd47fc00a2c39e90264f33305004495a9","hash":"fd021283e7b80399159a56e7283b1d77838b830e"}
,"C:\\Users\\Fathur Saputra\\OneDrive\\Documents\\Coding\\TypeScript\\Intern Projects\\pixelatee\\src\\controller\\newsletter.controller.ts": {"path":"C:\\Users\\Fathur Saputra\\OneDrive\\Documents\\Coding\\TypeScript\\Intern Projects\\pixelatee\\src\\controller\\newsletter.controller.ts","statementMap":{"0":{"start":{"line":22,"column":4},"end":{"line":33,"column":5}},"1":{"start":{"line":24,"column":45},"end":{"line":24,"column":78}},"2":{"start":{"line":27,"column":50},"end":{"line":27,"column":87}},"3":{"start":{"line":30,"column":6},"end":{"line":30,"column":113}},"4":{"start":{"line":32,"column":6},"end":{"line":32,"column":18}},"5":{"start":{"line":44,"column":4},"end":{"line":55,"column":5}},"6":{"start":{"line":46,"column":44},"end":{"line":46,"column":77}},"7":{"start":{"line":49,"column":43},"end":{"line":49,"column":84}},"8":{"start":{"line":52,"column":6},"end":{"line":52,"column":81}},"9":{"start":{"line":54,"column":6},"end":{"line":54,"column":18}},"10":{"start":{"line":66,"column":4},"end":{"line":77,"column":5}},"11":{"start":{"line":68,"column":44},"end":{"line":68,"column":77}},"12":{"start":{"line":71,"column":43},"end":{"line":71,"column":82}},"13":{"start":{"line":74,"column":6},"end":{"line":74,"column":114}},"14":{"start":{"line":76,"column":6},"end":{"line":76,"column":18}},"15":{"start":{"line":88,"column":4},"end":{"line":99,"column":5}},"16":{"start":{"line":90,"column":44},"end":{"line":90,"column":77}},"17":{"start":{"line":93,"column":43},"end":{"line":93,"column":87}},"18":{"start":{"line":96,"column":6},"end":{"line":96,"column":114}},"19":{"start":{"line":98,"column":6},"end":{"line":98,"column":18}},"20":{"start":{"line":110,"column":4},"end":{"line":124,"column":5}},"21":{"start":{"line":112,"column":80},"end":{"line":112,"column":88}},"22":{"start":{"line":115,"column":41},"end":{"line":115,"column":71}},"23":{"start":{"line":118,"column":45},"end":{"line":118,"column":95}},"24":{"start":{"line":121,"column":6},"end":{"line":121,"column":122}},"25":{"start":{"line":123,"column":6},"end":{"line":123,"column":18}},"26":{"start":{"line":128,"column":4},"end":{"line":139,"column":5}},"27":{"start":{"line":130,"column":39},"end":{"line":130,"column":69}},"28":{"start":{"line":133,"column":43},"end":{"line":133,"column":89}},"29":{"start":{"line":136,"column":6},"end":{"line":136,"column":117}},"30":{"start":{"line":138,"column":6},"end":{"line":138,"column":18}},"31":{"start":{"line":150,"column":4},"end":{"line":186,"column":5}},"32":{"start":{"line":152,"column":80},"end":{"line":152,"column":88}},"33":{"start":{"line":155,"column":41},"end":{"line":155,"column":70}},"34":{"start":{"line":158,"column":40},"end":{"line":158,"column":71}},"35":{"start":{"line":161,"column":6},"end":{"line":163,"column":7}},"36":{"start":{"line":162,"column":8},"end":{"line":162,"column":38}},"37":{"start":{"line":166,"column":43},"end":{"line":166,"column":99}},"38":{"start":{"line":169,"column":6},"end":{"line":169,"column":120}},"39":{"start":{"line":172,"column":52},"end":{"line":172,"column":95}},"40":{"start":{"line":175,"column":6},"end":{"line":183,"column":7}},"41":{"start":{"line":176,"column":8},"end":{"line":182,"column":9}},"42":{"start":{"line":177,"column":10},"end":{"line":179,"column":11}},"43":{"start":{"line":178,"column":12},"end":{"line":178,"column":64}},"44":{"start":{"line":181,"column":10},"end":{"line":181,"column":54}},"45":{"start":{"line":185,"column":6},"end":{"line":185,"column":18}},"46":{"start":{"line":198,"column":4},"end":{"line":209,"column":5}},"47":{"start":{"line":200,"column":39},"end":{"line":200,"column":69}},"48":{"start":{"line":203,"column":43},"end":{"line":203,"column":86}},"49":{"start":{"line":206,"column":6},"end":{"line":206,"column":120}},"50":{"start":{"line":208,"column":6},"end":{"line":208,"column":18}},"51":{"start":{"line":221,"column":4},"end":{"line":232,"column":5}},"52":{"start":{"line":223,"column":39},"end":{"line":223,"column":69}},"53":{"start":{"line":226,"column":43},"end":{"line":226,"column":91}},"54":{"start":{"line":229,"column":6},"end":{"line":229,"column":125}},"55":{"start":{"line":231,"column":6},"end":{"line":231,"column":18}},"56":{"start":{"line":243,"column":4},"end":{"line":268,"column":5}},"57":{"start":{"line":245,"column":80},"end":{"line":245,"column":88}},"58":{"start":{"line":248,"column":52},"end":{"line":248,"column":95}},"59":{"start":{"line":251,"column":39},"end":{"line":251,"column":69}},"60":{"start":{"line":254,"column":41},"end":{"line":254,"column":70}},"61":{"start":{"line":257,"column":6},"end":{"line":259,"column":7}},"62":{"start":{"line":258,"column":8},"end":{"line":258,"column":38}},"63":{"start":{"line":262,"column":43},"end":{"line":262,"column":107}},"64":{"start":{"line":265,"column":6},"end":{"line":265,"column":120}},"65":{"start":{"line":267,"column":6},"end":{"line":267,"column":18}}},"fnMap":{"0":{"name":"(anonymous_0)","decl":{"start":{"line":21,"column":2},"end":{"line":21,"column":3}},"loc":{"start":{"line":21,"column":115},"end":{"line":34,"column":3}},"line":21},"1":{"name":"(anonymous_1)","decl":{"start":{"line":43,"column":2},"end":{"line":43,"column":3}},"loc":{"start":{"line":43,"column":119},"end":{"line":56,"column":3}},"line":43},"2":{"name":"(anonymous_2)","decl":{"start":{"line":65,"column":2},"end":{"line":65,"column":3}},"loc":{"start":{"line":65,"column":117},"end":{"line":78,"column":3}},"line":65},"3":{"name":"(anonymous_3)","decl":{"start":{"line":87,"column":2},"end":{"line":87,"column":3}},"loc":{"start":{"line":87,"column":122},"end":{"line":100,"column":3}},"line":87},"4":{"name":"(anonymous_4)","decl":{"start":{"line":109,"column":2},"end":{"line":109,"column":3}},"loc":{"start":{"line":109,"column":118},"end":{"line":125,"column":3}},"line":109},"5":{"name":"(anonymous_5)","decl":{"start":{"line":127,"column":2},"end":{"line":127,"column":3}},"loc":{"start":{"line":127,"column":121},"end":{"line":140,"column":3}},"line":127},"6":{"name":"(anonymous_6)","decl":{"start":{"line":149,"column":2},"end":{"line":149,"column":3}},"loc":{"start":{"line":149,"column":118},"end":{"line":187,"column":3}},"line":149},"7":{"name":"(anonymous_7)","decl":{"start":{"line":197,"column":2},"end":{"line":197,"column":3}},"loc":{"start":{"line":197,"column":118},"end":{"line":210,"column":3}},"line":197},"8":{"name":"(anonymous_8)","decl":{"start":{"line":220,"column":2},"end":{"line":220,"column":3}},"loc":{"start":{"line":220,"column":123},"end":{"line":233,"column":3}},"line":220},"9":{"name":"(anonymous_9)","decl":{"start":{"line":242,"column":2},"end":{"line":242,"column":3}},"loc":{"start":{"line":242,"column":118},"end":{"line":269,"column":3}},"line":242}},"branchMap":{"0":{"loc":{"start":{"line":161,"column":6},"end":{"line":163,"column":7}},"type":"if","locations":[{"start":{"line":161,"column":6},"end":{"line":163,"column":7}},{"start":{},"end":{}}],"line":161},"1":{"loc":{"start":{"line":175,"column":6},"end":{"line":183,"column":7}},"type":"if","locations":[{"start":{"line":175,"column":6},"end":{"line":183,"column":7}},{"start":{},"end":{}}],"line":175},"2":{"loc":{"start":{"line":177,"column":10},"end":{"line":179,"column":11}},"type":"if","locations":[{"start":{"line":177,"column":10},"end":{"line":179,"column":11}},{"start":{},"end":{}}],"line":177},"3":{"loc":{"start":{"line":257,"column":6},"end":{"line":259,"column":7}},"type":"if","locations":[{"start":{"line":257,"column":6},"end":{"line":259,"column":7}},{"start":{},"end":{}}],"line":257}},"s":{"0":0,"1":0,"2":0,"3":0,"4":0,"5":0,"6":0,"7":0,"8":0,"9":0,"10":0,"11":0,"12":0,"13":0,"14":0,"15":0,"16":0,"17":0,"18":0,"19":0,"20":0,"21":0,"22":0,"23":0,"24":0,"25":0,"26":0,"27":0,"28":0,"29":0,"30":0,"31":0,"32":0,"33":0,"34":0,"35":0,"36":0,"37":0,"38":0,"39":0,"40":0,"41":0,"42":0,"43":0,"44":0,"45":0,"46":0,"47":0,"48":0,"49":0,"50":0,"51":0,"52":0,"53":0,"54":0,"55":0,"56":0,"57":0,"58":0,"59":0,"60":0,"61":0,"62":0,"63":0,"64":0,"65":0},"f":{"0":0,"1":0,"2":0,"3":0,"4":0,"5":0,"6":0,"7":0,"8":0,"9":0},"b":{"0":[0,0],"1":[0,0],"2":[0,0],"3":[0,0]},"_coverageSchema":"1a1c01bbd47fc00a2c39e90264f33305004495a9","hash":"d53bead99b9abffac1e46ab79b45858f36aaba0e"}
,"C:\\Users\\Fathur Saputra\\OneDrive\\Documents\\Coding\\TypeScript\\Intern Projects\\pixelatee\\src\\controller\\portfolio.controller.ts": {"path":"C:\\Users\\Fathur Saputra\\OneDrive\\Documents\\Coding\\TypeScript\\Intern Projects\\pixelatee\\src\\controller\\portfolio.controller.ts","statementMap":{"0":{"start":{"line":21,"column":4},"end":{"line":29,"column":5}},"1":{"start":{"line":23,"column":44},"end":{"line":23,"column":81}},"2":{"start":{"line":26,"column":6},"end":{"line":26,"column":120}},"3":{"start":{"line":28,"column":6},"end":{"line":28,"column":18}},"4":{"start":{"line":40,"column":4},"end":{"line":51,"column":5}},"5":{"start":{"line":42,"column":39},"end":{"line":42,"column":68}},"6":{"start":{"line":45,"column":42},"end":{"line":45,"column":89}},"7":{"start":{"line":48,"column":6},"end":{"line":48,"column":123}},"8":{"start":{"line":50,"column":6},"end":{"line":50,"column":18}},"9":{"start":{"line":62,"column":4},"end":{"line":76,"column":5}},"10":{"start":{"line":64,"column":80},"end":{"line":64,"column":88}},"11":{"start":{"line":67,"column":40},"end":{"line":67,"column":80}},"12":{"start":{"line":70,"column":52},"end":{"line":70,"column":101}},"13":{"start":{"line":73,"column":6},"end":{"line":73,"column":126}},"14":{"start":{"line":75,"column":6},"end":{"line":75,"column":18}},"15":{"start":{"line":80,"column":4},"end":{"line":90,"column":5}},"16":{"start":{"line":82,"column":38},"end":{"line":82,"column":67}},"17":{"start":{"line":84,"column":42},"end":{"line":84,"column":89}},"18":{"start":{"line":87,"column":6},"end":{"line":87,"column":146}},"19":{"start":{"line":89,"column":6},"end":{"line":89,"column":18}},"20":{"start":{"line":101,"column":4},"end":{"line":112,"column":5}},"21":{"start":{"line":103,"column":38},"end":{"line":103,"column":67}},"22":{"start":{"line":106,"column":42},"end":{"line":106,"column":87}},"23":{"start":{"line":109,"column":6},"end":{"line":109,"column":129}},"24":{"start":{"line":111,"column":6},"end":{"line":111,"column":18}},"25":{"start":{"line":123,"column":4},"end":{"line":165,"column":5}},"26":{"start":{"line":125,"column":80},"end":{"line":125,"column":88}},"27":{"start":{"line":128,"column":40},"end":{"line":128,"column":68}},"28":{"start":{"line":131,"column":43},"end":{"line":131,"column":77}},"29":{"start":{"line":134,"column":6},"end":{"line":140,"column":7}},"30":{"start":{"line":135,"column":8},"end":{"line":135,"column":48}},"31":{"start":{"line":136,"column":8},"end":{"line":136,"column":49}},"32":{"start":{"line":137,"column":8},"end":{"line":137,"column":48}},"33":{"start":{"line":138,"column":8},"end":{"line":138,"column":49}},"34":{"start":{"line":139,"column":8},"end":{"line":139,"column":48}},"35":{"start":{"line":143,"column":42},"end":{"line":143,"column":98}},"36":{"start":{"line":146,"column":6},"end":{"line":146,"column":119}},"37":{"start":{"line":149,"column":20},"end":{"line":149,"column":66}},"38":{"start":{"line":152,"column":6},"end":{"line":162,"column":7}},"39":{"start":{"line":153,"column":8},"end":{"line":161,"column":9}},"40":{"start":{"line":154,"column":10},"end":{"line":160,"column":11}},"41":{"start":{"line":155,"column":12},"end":{"line":157,"column":13}},"42":{"start":{"line":156,"column":14},"end":{"line":156,"column":39}},"43":{"start":{"line":159,"column":12},"end":{"line":159,"column":56}},"44":{"start":{"line":164,"column":6},"end":{"line":164,"column":18}},"45":{"start":{"line":169,"column":4},"end":{"line":195,"column":5}},"46":{"start":{"line":171,"column":38},"end":{"line":171,"column":67}},"47":{"start":{"line":174,"column":40},"end":{"line":174,"column":68}},"48":{"start":{"line":177,"column":43},"end":{"line":177,"column":77}},"49":{"start":{"line":180,"column":6},"end":{"line":186,"column":7}},"50":{"start":{"line":181,"column":8},"end":{"line":181,"column":48}},"51":{"start":{"line":182,"column":8},"end":{"line":182,"column":49}},"52":{"start":{"line":183,"column":8},"end":{"line":183,"column":48}},"53":{"start":{"line":184,"column":8},"end":{"line":184,"column":49}},"54":{"start":{"line":185,"column":8},"end":{"line":185,"column":48}},"55":{"start":{"line":189,"column":42},"end":{"line":189,"column":100}},"56":{"start":{"line":192,"column":6},"end":{"line":192,"column":119}},"57":{"start":{"line":194,"column":6},"end":{"line":194,"column":18}},"58":{"start":{"line":206,"column":4},"end":{"line":217,"column":5}},"59":{"start":{"line":208,"column":38},"end":{"line":208,"column":67}},"60":{"start":{"line":211,"column":42},"end":{"line":211,"column":84}},"61":{"start":{"line":214,"column":6},"end":{"line":214,"column":119}},"62":{"start":{"line":216,"column":6},"end":{"line":216,"column":18}}},"fnMap":{"0":{"name":"(anonymous_0)","decl":{"start":{"line":20,"column":2},"end":{"line":20,"column":3}},"loc":{"start":{"line":20,"column":123},"end":{"line":30,"column":3}},"line":20},"1":{"name":"(anonymous_1)","decl":{"start":{"line":39,"column":2},"end":{"line":39,"column":3}},"loc":{"start":{"line":39,"column":126},"end":{"line":52,"column":3}},"line":39},"2":{"name":"(anonymous_2)","decl":{"start":{"line":61,"column":2},"end":{"line":61,"column":3}},"loc":{"start":{"line":61,"column":118},"end":{"line":77,"column":3}},"line":61},"3":{"name":"(anonymous_3)","decl":{"start":{"line":79,"column":2},"end":{"line":79,"column":3}},"loc":{"start":{"line":79,"column":123},"end":{"line":91,"column":3}},"line":79},"4":{"name":"(anonymous_4)","decl":{"start":{"line":100,"column":2},"end":{"line":100,"column":3}},"loc":{"start":{"line":100,"column":121},"end":{"line":113,"column":3}},"line":100},"5":{"name":"(anonymous_5)","decl":{"start":{"line":122,"column":2},"end":{"line":122,"column":3}},"loc":{"start":{"line":122,"column":118},"end":{"line":166,"column":3}},"line":122},"6":{"name":"(anonymous_6)","decl":{"start":{"line":168,"column":2},"end":{"line":168,"column":3}},"loc":{"start":{"line":168,"column":118},"end":{"line":196,"column":3}},"line":168},"7":{"name":"(anonymous_7)","decl":{"start":{"line":205,"column":2},"end":{"line":205,"column":3}},"loc":{"start":{"line":205,"column":118},"end":{"line":218,"column":3}},"line":205}},"branchMap":{"0":{"loc":{"start":{"line":134,"column":6},"end":{"line":140,"column":7}},"type":"if","locations":[{"start":{"line":134,"column":6},"end":{"line":140,"column":7}},{"start":{},"end":{}}],"line":134},"1":{"loc":{"start":{"line":134,"column":10},"end":{"line":134,"column":39}},"type":"binary-expr","locations":[{"start":{"line":134,"column":10},"end":{"line":134,"column":15}},{"start":{"line":134,"column":19},"end":{"line":134,"column":39}}],"line":134},"2":{"loc":{"start":{"line":152,"column":6},"end":{"line":162,"column":7}},"type":"if","locations":[{"start":{"line":152,"column":6},"end":{"line":162,"column":7}},{"start":{},"end":{}}],"line":152},"3":{"loc":{"start":{"line":152,"column":10},"end":{"line":152,"column":39}},"type":"binary-expr","locations":[{"start":{"line":152,"column":10},"end":{"line":152,"column":15}},{"start":{"line":152,"column":19},"end":{"line":152,"column":39}}],"line":152},"4":{"loc":{"start":{"line":155,"column":12},"end":{"line":157,"column":13}},"type":"if","locations":[{"start":{"line":155,"column":12},"end":{"line":157,"column":13}},{"start":{},"end":{}}],"line":155},"5":{"loc":{"start":{"line":180,"column":6},"end":{"line":186,"column":7}},"type":"if","locations":[{"start":{"line":180,"column":6},"end":{"line":186,"column":7}},{"start":{},"end":{}}],"line":180},"6":{"loc":{"start":{"line":180,"column":10},"end":{"line":180,"column":39}},"type":"binary-expr","locations":[{"start":{"line":180,"column":10},"end":{"line":180,"column":15}},{"start":{"line":180,"column":19},"end":{"line":180,"column":39}}],"line":180}},"s":{"0":0,"1":0,"2":0,"3":0,"4":0,"5":0,"6":0,"7":0,"8":0,"9":0,"10":0,"11":0,"12":0,"13":0,"14":0,"15":0,"16":0,"17":0,"18":0,"19":0,"20":0,"21":0,"22":0,"23":0,"24":0,"25":0,"26":0,"27":0,"28":0,"29":0,"30":0,"31":0,"32":0,"33":0,"34":0,"35":0,"36":0,"37":0,"38":0,"39":0,"40":0,"41":0,"42":0,"43":0,"44":0,"45":0,"46":0,"47":0,"48":0,"49":0,"50":0,"51":0,"52":0,"53":0,"54":0,"55":0,"56":0,"57":0,"58":0,"59":0,"60":0,"61":0,"62":0},"f":{"0":0,"1":0,"2":0,"3":0,"4":0,"5":0,"6":0,"7":0},"b":{"0":[0,0],"1":[0,0],"2":[0,0],"3":[0,0],"4":[0,0],"5":[0,0],"6":[0,0]},"_coverageSchema":"1a1c01bbd47fc00a2c39e90264f33305004495a9","hash":"55748a29eb68f4f60b210b113822014f2505e601"}
,"C:\\Users\\Fathur Saputra\\OneDrive\\Documents\\Coding\\TypeScript\\Intern Projects\\pixelatee\\src\\controller\\user.controller.ts": {"path":"C:\\Users\\Fathur Saputra\\OneDrive\\Documents\\Coding\\TypeScript\\Intern Projects\\pixelatee\\src\\controller\\user.controller.ts","statementMap":{"0":{"start":{"line":20,"column":4},"end":{"line":31,"column":5}},"1":{"start":{"line":22,"column":80},"end":{"line":22,"column":88}},"2":{"start":{"line":25,"column":37},"end":{"line":25,"column":68}},"3":{"start":{"line":28,"column":6},"end":{"line":28,"column":114}},"4":{"start":{"line":30,"column":6},"end":{"line":30,"column":18}},"5":{"start":{"line":43,"column":4},"end":{"line":62,"column":5}},"6":{"start":{"line":45,"column":80},"end":{"line":45,"column":88}},"7":{"start":{"line":48,"column":37},"end":{"line":48,"column":67}},"8":{"start":{"line":51,"column":6},"end":{"line":56,"column":9}},"9":{"start":{"line":59,"column":6},"end":{"line":59,"column":118}},"10":{"start":{"line":61,"column":6},"end":{"line":61,"column":18}},"11":{"start":{"line":74,"column":4},"end":{"line":88,"column":5}},"12":{"start":{"line":76,"column":35},"end":{"line":76,"column":58}},"13":{"start":{"line":79,"column":80},"end":{"line":79,"column":88}},"14":{"start":{"line":82,"column":37},"end":{"line":82,"column":84}},"15":{"start":{"line":85,"column":6},"end":{"line":85,"column":118}},"16":{"start":{"line":87,"column":6},"end":{"line":87,"column":18}},"17":{"start":{"line":92,"column":4},"end":{"line":103,"column":5}},"18":{"start":{"line":94,"column":80},"end":{"line":94,"column":88}},"19":{"start":{"line":97,"column":37},"end":{"line":97,"column":79}},"20":{"start":{"line":100,"column":6},"end":{"line":100,"column":120}},"21":{"start":{"line":102,"column":6},"end":{"line":102,"column":18}},"22":{"start":{"line":107,"column":4},"end":{"line":129,"column":5}},"23":{"start":{"line":109,"column":80},"end":{"line":109,"column":88}},"24":{"start":{"line":112,"column":35},"end":{"line":112,"column":58}},"25":{"start":{"line":115,"column":52},"end":{"line":115,"column":60}},"26":{"start":{"line":118,"column":6},"end":{"line":120,"column":7}},"27":{"start":{"line":119,"column":8},"end":{"line":119,"column":38}},"28":{"start":{"line":123,"column":37},"end":{"line":123,"column":87}},"29":{"start":{"line":126,"column":6},"end":{"line":126,"column":115}},"30":{"start":{"line":128,"column":6},"end":{"line":128,"column":18}},"31":{"start":{"line":133,"column":4},"end":{"line":144,"column":5}},"32":{"start":{"line":135,"column":80},"end":{"line":135,"column":88}},"33":{"start":{"line":138,"column":37},"end":{"line":138,"column":86}},"34":{"start":{"line":141,"column":6},"end":{"line":141,"column":128}},"35":{"start":{"line":143,"column":6},"end":{"line":143,"column":18}},"36":{"start":{"line":148,"column":4},"end":{"line":162,"column":5}},"37":{"start":{"line":150,"column":80},"end":{"line":150,"column":88}},"38":{"start":{"line":153,"column":35},"end":{"line":153,"column":58}},"39":{"start":{"line":156,"column":37},"end":{"line":156,"column":88}},"40":{"start":{"line":159,"column":6},"end":{"line":159,"column":123}},"41":{"start":{"line":161,"column":6},"end":{"line":161,"column":18}}},"fnMap":{"0":{"name":"(anonymous_0)","decl":{"start":{"line":19,"column":2},"end":{"line":19,"column":3}},"loc":{"start":{"line":19,"column":110},"end":{"line":32,"column":3}},"line":19},"1":{"name":"(anonymous_1)","decl":{"start":{"line":42,"column":2},"end":{"line":42,"column":3}},"loc":{"start":{"line":42,"column":109},"end":{"line":63,"column":3}},"line":42},"2":{"name":"(anonymous_2)","decl":{"start":{"line":73,"column":2},"end":{"line":73,"column":3}},"loc":{"start":{"line":73,"column":117},"end":{"line":89,"column":3}},"line":73},"3":{"name":"(anonymous_3)","decl":{"start":{"line":91,"column":2},"end":{"line":91,"column":3}},"loc":{"start":{"line":91,"column":121},"end":{"line":104,"column":3}},"line":91},"4":{"name":"(anonymous_4)","decl":{"start":{"line":106,"column":2},"end":{"line":106,"column":3}},"loc":{"start":{"line":106,"column":114},"end":{"line":130,"column":3}},"line":106},"5":{"name":"(anonymous_5)","decl":{"start":{"line":132,"column":2},"end":{"line":132,"column":3}},"loc":{"start":{"line":132,"column":128},"end":{"line":145,"column":3}},"line":132},"6":{"name":"(anonymous_6)","decl":{"start":{"line":147,"column":2},"end":{"line":147,"column":3}},"loc":{"start":{"line":147,"column":121},"end":{"line":163,"column":3}},"line":147},"7":{"name":"(anonymous_7)","decl":{"start":{"line":165,"column":2},"end":{"line":165,"column":3}},"loc":{"start":{"line":165,"column":116},"end":{"line":165,"column":118}},"line":165}},"branchMap":{"0":{"loc":{"start":{"line":118,"column":6},"end":{"line":120,"column":7}},"type":"if","locations":[{"start":{"line":118,"column":6},"end":{"line":120,"column":7}},{"start":{},"end":{}}],"line":118}},"s":{"0":1,"1":1,"2":1,"3":1,"4":0,"5":1,"6":1,"7":1,"8":1,"9":1,"10":0,"11":1,"12":1,"13":1,"14":1,"15":1,"16":0,"17":1,"18":1,"19":1,"20":1,"21":0,"22":2,"23":2,"24":2,"25":2,"26":2,"27":1,"28":2,"29":1,"30":1,"31":1,"32":1,"33":1,"34":1,"35":0,"36":1,"37":1,"38":1,"39":1,"40":1,"41":0},"f":{"0":1,"1":1,"2":1,"3":1,"4":2,"5":1,"6":1,"7":0},"b":{"0":[1,1]},"_coverageSchema":"1a1c01bbd47fc00a2c39e90264f33305004495a9","hash":"68ff656a72eaa4c583a46b4bd3c0cd26f5101c63"}
,"C:\\Users\\Fathur Saputra\\OneDrive\\Documents\\Coding\\TypeScript\\Intern Projects\\pixelatee\\src\\error\\response.error.ts": {"path":"C:\\Users\\Fathur Saputra\\OneDrive\\Documents\\Coding\\TypeScript\\Intern Projects\\pixelatee\\src\\error\\response.error.ts","statementMap":{"0":{"start":{"line":2,"column":24},"end":{"line":2,"column":39}},"1":{"start":{"line":3,"column":26},"end":{"line":3,"column":29}},"2":{"start":{"line":12,"column":4},"end":{"line":12,"column":19}},"3":{"start":{"line":13,"column":4},"end":{"line":13,"column":25}}},"fnMap":{"0":{"name":"(anonymous_0)","decl":{"start":{"line":11,"column":2},"end":{"line":11,"column":3}},"loc":{"start":{"line":11,"column":53},"end":{"line":14,"column":3}},"line":11}},"branchMap":{"0":{"loc":{"start":{"line":11,"column":31},"end":{"line":11,"column":51}},"type":"default-arg","locations":[{"start":{"line":11,"column":48},"end":{"line":11,"column":51}}],"line":11}},"s":{"0":6,"1":6,"2":6,"3":6},"f":{"0":6},"b":{"0":[0]},"_coverageSchema":"1a1c01bbd47fc00a2c39e90264f33305004495a9","hash":"e36ffb852454f9cfa5844530d22d78ffb46d9d70"}
,"C:\\Users\\Fathur Saputra\\OneDrive\\Documents\\Coding\\TypeScript\\Intern Projects\\pixelatee\\src\\helper\\mailer.helper.ts": {"path":"C:\\Users\\Fathur Saputra\\OneDrive\\Documents\\Coding\\TypeScript\\Intern Projects\\pixelatee\\src\\helper\\mailer.helper.ts","statementMap":{"0":{"start":{"line":5,"column":0},"end":{"line":5,"column":16}},"1":{"start":{"line":8,"column":105},"end":{"line":16,"column":2}}},"fnMap":{},"branchMap":{},"s":{"0":1,"1":1},"f":{},"b":{},"_coverageSchema":"1a1c01bbd47fc00a2c39e90264f33305004495a9","hash":"95259a3841be5edb42529264efded1a217f00c21"}
,"C:\\Users\\Fathur Saputra\\OneDrive\\Documents\\Coding\\TypeScript\\Intern Projects\\pixelatee\\src\\middleware\\auth.middleware.ts": {"path":"C:\\Users\\Fathur Saputra\\OneDrive\\Documents\\Coding\\TypeScript\\Intern Projects\\pixelatee\\src\\middleware\\auth.middleware.ts","statementMap":{"0":{"start":{"line":13,"column":0},"end":{"line":13,"column":16}},"1":{"start":{"line":24,"column":4},"end":{"line":72,"column":5}},"2":{"start":{"line":28,"column":6},"end":{"line":33,"column":7}},"3":{"start":{"line":29,"column":8},"end":{"line":29,"column":72}},"4":{"start":{"line":30,"column":8},"end":{"line":30,"column":50}},"5":{"start":{"line":32,"column":8},"end":{"line":32,"column":72}},"6":{"start":{"line":36,"column":6},"end":{"line":39,"column":7}},"7":{"start":{"line":38,"column":8},"end":{"line":38,"column":53}},"8":{"start":{"line":42,"column":40},"end":{"line":42,"column":67}},"9":{"start":{"line":45,"column":6},"end":{"line":48,"column":7}},"10":{"start":{"line":47,"column":8},"end":{"line":47,"column":53}},"11":{"start":{"line":51,"column":46},"end":{"line":51,"column":88}},"12":{"start":{"line":54,"column":22},"end":{"line":54,"column":36}},"13":{"start":{"line":57,"column":79},"end":{"line":57,"column":170}},"14":{"start":{"line":60,"column":6},"end":{"line":63,"column":7}},"15":{"start":{"line":62,"column":8},"end":{"line":62,"column":53}},"16":{"start":{"line":66,"column":6},"end":{"line":66,"column":26}},"17":{"start":{"line":69,"column":6},"end":{"line":69,"column":13}},"18":{"start":{"line":71,"column":6},"end":{"line":71,"column":18}},"19":{"start":{"line":81,"column":4},"end":{"line":90,"column":6}},"20":{"start":{"line":83,"column":6},"end":{"line":86,"column":7}},"21":{"start":{"line":85,"column":8},"end":{"line":85,"column":50}},"22":{"start":{"line":89,"column":6},"end":{"line":89,"column":13}},"23":{"start":{"line":121,"column":4},"end":{"line":130,"column":6}},"24":{"start":{"line":123,"column":6},"end":{"line":129,"column":7}},"25":{"start":{"line":125,"column":8},"end":{"line":125,"column":15}},"26":{"start":{"line":128,"column":8},"end":{"line":128,"column":50}}},"fnMap":{"0":{"name":"(anonymous_0)","decl":{"start":{"line":23,"column":2},"end":{"line":23,"column":3}},"loc":{"start":{"line":23,"column":121},"end":{"line":73,"column":3}},"line":23},"1":{"name":"(anonymous_1)","decl":{"start":{"line":80,"column":2},"end":{"line":80,"column":3}},"loc":{"start":{"line":80,"column":79},"end":{"line":91,"column":3}},"line":80},"2":{"name":"(anonymous_2)","decl":{"start":{"line":81,"column":11},"end":{"line":81,"column":12}},"loc":{"start":{"line":81,"column":84},"end":{"line":90,"column":5}},"line":81},"3":{"name":"(anonymous_3)","decl":{"start":{"line":98,"column":2},"end":{"line":98,"column":3}},"loc":{"start":{"line":120,"column":28},"end":{"line":131,"column":3}},"line":120},"4":{"name":"(anonymous_4)","decl":{"start":{"line":121,"column":11},"end":{"line":121,"column":12}},"loc":{"start":{"line":121,"column":84},"end":{"line":130,"column":5}},"line":121}},"branchMap":{"0":{"loc":{"start":{"line":28,"column":6},"end":{"line":33,"column":7}},"type":"if","locations":[{"start":{"line":28,"column":6},"end":{"line":33,"column":7}},{"start":{"line":31,"column":13},"end":{"line":33,"column":7}}],"line":28},"1":{"loc":{"start":{"line":36,"column":6},"end":{"line":39,"column":7}},"type":"if","locations":[{"start":{"line":36,"column":6},"end":{"line":39,"column":7}},{"start":{},"end":{}}],"line":36},"2":{"loc":{"start":{"line":45,"column":6},"end":{"line":48,"column":7}},"type":"if","locations":[{"start":{"line":45,"column":6},"end":{"line":48,"column":7}},{"start":{},"end":{}}],"line":45},"3":{"loc":{"start":{"line":60,"column":6},"end":{"line":63,"column":7}},"type":"if","locations":[{"start":{"line":60,"column":6},"end":{"line":63,"column":7}},{"start":{},"end":{}}],"line":60},"4":{"loc":{"start":{"line":83,"column":6},"end":{"line":86,"column":7}},"type":"if","locations":[{"start":{"line":83,"column":6},"end":{"line":86,"column":7}},{"start":{},"end":{}}],"line":83},"5":{"loc":{"start":{"line":123,"column":6},"end":{"line":129,"column":7}},"type":"if","locations":[{"start":{"line":123,"column":6},"end":{"line":129,"column":7}},{"start":{"line":126,"column":13},"end":{"line":129,"column":7}}],"line":123}},"s":{"0":1,"1":14,"2":14,"3":0,"4":0,"5":14,"6":14,"7":6,"8":8,"9":8,"10":0,"11":8,"12":8,"13":8,"14":8,"15":0,"16":8,"17":8,"18":6,"19":27,"20":8,"21":0,"22":8,"23":20,"24":0,"25":0,"26":0},"f":{"0":14,"1":27,"2":8,"3":20,"4":0},"b":{"0":[0,14],"1":[6,8],"2":[0,8],"3":[0,8],"4":[0,8],"5":[0,0]},"_coverageSchema":"1a1c01bbd47fc00a2c39e90264f33305004495a9","hash":"4541c8a8a27c9baae971afa04857ff8d5d7ccf70"}
,"C:\\Users\\Fathur Saputra\\OneDrive\\Documents\\Coding\\TypeScript\\Intern Projects\\pixelatee\\src\\middleware\\error.middleware.ts": {"path":"C:\\Users\\Fathur Saputra\\OneDrive\\Documents\\Coding\\TypeScript\\Intern Projects\\pixelatee\\src\\middleware\\error.middleware.ts","statementMap":{"0":{"start":{"line":9,"column":4},"end":{"line":17,"column":5}},"1":{"start":{"line":10,"column":6},"end":{"line":10,"column":120}},"2":{"start":{"line":11,"column":11},"end":{"line":17,"column":5}},"3":{"start":{"line":12,"column":6},"end":{"line":12,"column":131}},"4":{"start":{"line":12,"column":113},"end":{"line":12,"column":126}},"5":{"start":{"line":13,"column":11},"end":{"line":17,"column":5}},"6":{"start":{"line":14,"column":6},"end":{"line":14,"column":102}},"7":{"start":{"line":16,"column":6},"end":{"line":16,"column":102}}},"fnMap":{"0":{"name":"(anonymous_0)","decl":{"start":{"line":8,"column":2},"end":{"line":8,"column":3}},"loc":{"start":{"line":8,"column":110},"end":{"line":18,"column":3}},"line":8},"1":{"name":"(anonymous_1)","decl":{"start":{"line":12,"column":102},"end":{"line":12,"column":103}},"loc":{"start":{"line":12,"column":113},"end":{"line":12,"column":126}},"line":12}},"branchMap":{"0":{"loc":{"start":{"line":9,"column":4},"end":{"line":17,"column":5}},"type":"if","locations":[{"start":{"line":9,"column":4},"end":{"line":17,"column":5}},{"start":{"line":11,"column":11},"end":{"line":17,"column":5}}],"line":9},"1":{"loc":{"start":{"line":11,"column":11},"end":{"line":17,"column":5}},"type":"if","locations":[{"start":{"line":11,"column":11},"end":{"line":17,"column":5}},{"start":{"line":13,"column":11},"end":{"line":17,"column":5}}],"line":11},"2":{"loc":{"start":{"line":13,"column":11},"end":{"line":17,"column":5}},"type":"if","locations":[{"start":{"line":13,"column":11},"end":{"line":17,"column":5}},{"start":{"line":15,"column":11},"end":{"line":17,"column":5}}],"line":13}},"s":{"0":7,"1":6,"2":1,"3":1,"4":1,"5":0,"6":0,"7":0},"f":{"0":7,"1":1},"b":{"0":[6,1],"1":[1,0],"2":[0,0]},"_coverageSchema":"1a1c01bbd47fc00a2c39e90264f33305004495a9","hash":"aec7949a7040398e93628e181a5391726c5381b2"}
,"C:\\Users\\Fathur Saputra\\OneDrive\\Documents\\Coding\\TypeScript\\Intern Projects\\pixelatee\\src\\middleware\\file-upload.middleware.ts": {"path":"C:\\Users\\Fathur Saputra\\OneDrive\\Documents\\Coding\\TypeScript\\Intern Projects\\pixelatee\\src\\middleware\\file-upload.middleware.ts","statementMap":{"0":{"start":{"line":12,"column":4},"end":{"line":24,"column":7}},"1":{"start":{"line":14,"column":23},"end":{"line":14,"column":39}},"2":{"start":{"line":15,"column":8},"end":{"line":17,"column":9}},"3":{"start":{"line":16,"column":10},"end":{"line":16,"column":52}},"4":{"start":{"line":18,"column":8},"end":{"line":18,"column":25}},"5":{"start":{"line":21,"column":29},"end":{"line":21,"column":79}},"6":{"start":{"line":22,"column":8},"end":{"line":22,"column":57}},"7":{"start":{"line":35,"column":4},"end":{"line":37,"column":5}},"8":{"start":{"line":36,"column":6},"end":{"line":36,"column":37}},"9":{"start":{"line":40,"column":19},"end":{"line":51,"column":6}},"10":{"start":{"line":45,"column":8},"end":{"line":49,"column":9}},"11":{"start":{"line":46,"column":10},"end":{"line":46,"column":25}},"12":{"start":{"line":48,"column":10},"end":{"line":48,"column":26}},"13":{"start":{"line":54,"column":4},"end":{"line":54,"column":35}},"14":{"start":{"line":67,"column":4},"end":{"line":69,"column":5}},"15":{"start":{"line":68,"column":6},"end":{"line":68,"column":37}},"16":{"start":{"line":72,"column":19},"end":{"line":83,"column":6}},"17":{"start":{"line":77,"column":8},"end":{"line":81,"column":9}},"18":{"start":{"line":78,"column":10},"end":{"line":78,"column":25}},"19":{"start":{"line":80,"column":10},"end":{"line":80,"column":26}},"20":{"start":{"line":86,"column":4},"end":{"line":86,"column":39}}},"fnMap":{"0":{"name":"(anonymous_0)","decl":{"start":{"line":11,"column":2},"end":{"line":11,"column":3}},"loc":{"start":{"line":11,"column":38},"end":{"line":25,"column":3}},"line":11},"1":{"name":"(anonymous_1)","decl":{"start":{"line":13,"column":19},"end":{"line":13,"column":20}},"loc":{"start":{"line":13,"column":38},"end":{"line":19,"column":7}},"line":13},"2":{"name":"(anonymous_2)","decl":{"start":{"line":20,"column":16},"end":{"line":20,"column":17}},"loc":{"start":{"line":20,"column":35},"end":{"line":23,"column":7}},"line":20},"3":{"name":"(anonymous_3)","decl":{"start":{"line":33,"column":2},"end":{"line":33,"column":3}},"loc":{"start":{"line":33,"column":75},"end":{"line":55,"column":3}},"line":33},"4":{"name":"(anonymous_4)","decl":{"start":{"line":44,"column":18},"end":{"line":44,"column":19}},"loc":{"start":{"line":44,"column":37},"end":{"line":50,"column":7}},"line":44},"5":{"name":"(anonymous_5)","decl":{"start":{"line":65,"column":2},"end":{"line":65,"column":3}},"loc":{"start":{"line":65,"column":90},"end":{"line":87,"column":3}},"line":65},"6":{"name":"(anonymous_6)","decl":{"start":{"line":76,"column":18},"end":{"line":76,"column":19}},"loc":{"start":{"line":76,"column":43},"end":{"line":82,"column":7}},"line":76}},"branchMap":{"0":{"loc":{"start":{"line":15,"column":8},"end":{"line":17,"column":9}},"type":"if","locations":[{"start":{"line":15,"column":8},"end":{"line":17,"column":9}},{"start":{},"end":{}}],"line":15},"1":{"loc":{"start":{"line":35,"column":4},"end":{"line":37,"column":5}},"type":"if","locations":[{"start":{"line":35,"column":4},"end":{"line":37,"column":5}},{"start":{},"end":{}}],"line":35},"2":{"loc":{"start":{"line":45,"column":8},"end":{"line":49,"column":9}},"type":"if","locations":[{"start":{"line":45,"column":8},"end":{"line":49,"column":9}},{"start":{"line":47,"column":15},"end":{"line":49,"column":9}}],"line":45},"3":{"loc":{"start":{"line":45,"column":12},"end":{"line":45,"column":75}},"type":"binary-expr","locations":[{"start":{"line":45,"column":12},"end":{"line":45,"column":42}},{"start":{"line":45,"column":46},"end":{"line":45,"column":75}}],"line":45},"4":{"loc":{"start":{"line":67,"column":4},"end":{"line":69,"column":5}},"type":"if","locations":[{"start":{"line":67,"column":4},"end":{"line":69,"column":5}},{"start":{},"end":{}}],"line":67},"5":{"loc":{"start":{"line":77,"column":8},"end":{"line":81,"column":9}},"type":"if","locations":[{"start":{"line":77,"column":8},"end":{"line":81,"column":9}},{"start":{"line":79,"column":15},"end":{"line":81,"column":9}}],"line":77},"6":{"loc":{"start":{"line":77,"column":12},"end":{"line":77,"column":75}},"type":"binary-expr","locations":[{"start":{"line":77,"column":12},"end":{"line":77,"column":42}},{"start":{"line":77,"column":46},"end":{"line":77,"column":75}}],"line":77}},"s":{"0":7,"1":1,"2":1,"3":0,"4":1,"5":1,"6":1,"7":5,"8":1,"9":5,"10":1,"11":1,"12":0,"13":5,"14":2,"15":0,"16":2,"17":0,"18":0,"19":0,"20":2},"f":{"0":7,"1":1,"2":1,"3":5,"4":1,"5":2,"6":0},"b":{"0":[0,1],"1":[1,4],"2":[1,0],"3":[1,1],"4":[0,2],"5":[0,0],"6":[0,0]},"_coverageSchema":"1a1c01bbd47fc00a2c39e90264f33305004495a9","hash":"9fdfba43711f62ff91c689cfb4c87732511796bd"}
,"C:\\Users\\Fathur Saputra\\OneDrive\\Documents\\Coding\\TypeScript\\Intern Projects\\pixelatee\\src\\model\\auth.model.ts": {"path":"C:\\Users\\Fathur Saputra\\OneDrive\\Documents\\Coding\\TypeScript\\Intern Projects\\pixelatee\\src\\model\\auth.model.ts","statementMap":{"0":{"start":{"line":25,"column":2},"end":{"line":25,"column":46}}},"fnMap":{"0":{"name":"toAuthResponse","decl":{"start":{"line":24,"column":16},"end":{"line":24,"column":30}},"loc":{"start":{"line":24,"column":73},"end":{"line":26,"column":1}},"line":24}},"branchMap":{},"s":{"0":14},"f":{"0":14},"b":{},"_coverageSchema":"1a1c01bbd47fc00a2c39e90264f33305004495a9","hash":"abf72b2d92359da5159d07c677ff314790cfca72"}
,"C:\\Users\\Fathur Saputra\\OneDrive\\Documents\\Coding\\TypeScript\\Intern Projects\\pixelatee\\src\\model\\client.model.ts": {"path":"C:\\Users\\Fathur Saputra\\OneDrive\\Documents\\Coding\\TypeScript\\Intern Projects\\pixelatee\\src\\model\\client.model.ts","statementMap":{"0":{"start":{"line":19,"column":2},"end":{"line":21,"column":4}},"1":{"start":{"line":25,"column":2},"end":{"line":31,"column":5}},"2":{"start":{"line":26,"column":4},"end":{"line":30,"column":6}}},"fnMap":{"0":{"name":"toClientResponse","decl":{"start":{"line":18,"column":16},"end":{"line":18,"column":32}},"loc":{"start":{"line":18,"column":65},"end":{"line":22,"column":1}},"line":18},"1":{"name":"toClientsResponse","decl":{"start":{"line":24,"column":16},"end":{"line":24,"column":33}},"loc":{"start":{"line":24,"column":70},"end":{"line":32,"column":1}},"line":24},"2":{"name":"(anonymous_2)","decl":{"start":{"line":25,"column":20},"end":{"line":25,"column":21}},"loc":{"start":{"line":25,"column":30},"end":{"line":31,"column":3}},"line":25}},"branchMap":{},"s":{"0":0,"1":0,"2":0},"f":{"0":0,"1":0,"2":0},"b":{},"_coverageSchema":"1a1c01bbd47fc00a2c39e90264f33305004495a9","hash":"0f7f6a5456c8c5190908d2f6720fc6005a8c3679"}
,"C:\\Users\\Fathur Saputra\\OneDrive\\Documents\\Coding\\TypeScript\\Intern Projects\\pixelatee\\src\\model\\contact.model.ts": {"path":"C:\\Users\\Fathur Saputra\\OneDrive\\Documents\\Coding\\TypeScript\\Intern Projects\\pixelatee\\src\\model\\contact.model.ts","statementMap":{"0":{"start":{"line":47,"column":2},"end":{"line":54,"column":4}},"1":{"start":{"line":58,"column":2},"end":{"line":68,"column":5}},"2":{"start":{"line":59,"column":4},"end":{"line":67,"column":6}},"3":{"start":{"line":72,"column":2},"end":{"line":80,"column":4}}},"fnMap":{"0":{"name":"toContactResponse","decl":{"start":{"line":46,"column":16},"end":{"line":46,"column":33}},"loc":{"start":{"line":46,"column":96},"end":{"line":55,"column":1}},"line":46},"1":{"name":"toContactsResponse","decl":{"start":{"line":57,"column":16},"end":{"line":57,"column":34}},"loc":{"start":{"line":57,"column":103},"end":{"line":69,"column":1}},"line":57},"2":{"name":"(anonymous_2)","decl":{"start":{"line":58,"column":21},"end":{"line":58,"column":22}},"loc":{"start":{"line":58,"column":31},"end":{"line":68,"column":3}},"line":58},"3":{"name":"toContactPaginationResponse","decl":{"start":{"line":71,"column":16},"end":{"line":71,"column":43}},"loc":{"start":{"line":71,"column":187},"end":{"line":81,"column":1}},"line":71}},"branchMap":{},"s":{"0":0,"1":0,"2":0,"3":0},"f":{"0":0,"1":0,"2":0,"3":0},"b":{},"_coverageSchema":"1a1c01bbd47fc00a2c39e90264f33305004495a9","hash":"0fee6f93869f1665d785bb4089014b055fa56f96"}
,"C:\\Users\\Fathur Saputra\\OneDrive\\Documents\\Coding\\TypeScript\\Intern Projects\\pixelatee\\src\\model\\newsletter.model.ts": {"path":"C:\\Users\\Fathur Saputra\\OneDrive\\Documents\\Coding\\TypeScript\\Intern Projects\\pixelatee\\src\\model\\newsletter.model.ts","statementMap":{"0":{"start":{"line":48,"column":2},"end":{"line":51,"column":4}},"1":{"start":{"line":55,"column":2},"end":{"line":62,"column":4}},"2":{"start":{"line":66,"column":2},"end":{"line":75,"column":5}},"3":{"start":{"line":67,"column":4},"end":{"line":74,"column":6}}},"fnMap":{"0":{"name":"toNewsletterJoinResponse","decl":{"start":{"line":47,"column":16},"end":{"line":47,"column":40}},"loc":{"start":{"line":47,"column":91},"end":{"line":52,"column":1}},"line":47},"1":{"name":"toNewsletterResponse","decl":{"start":{"line":54,"column":16},"end":{"line":54,"column":36}},"loc":{"start":{"line":54,"column":100},"end":{"line":63,"column":1}},"line":54},"2":{"name":"toNewslettersResponse","decl":{"start":{"line":65,"column":16},"end":{"line":65,"column":37}},"loc":{"start":{"line":65,"column":108},"end":{"line":76,"column":1}},"line":65},"3":{"name":"(anonymous_3)","decl":{"start":{"line":66,"column":25},"end":{"line":66,"column":26}},"loc":{"start":{"line":66,"column":41},"end":{"line":75,"column":3}},"line":66}},"branchMap":{},"s":{"0":0,"1":0,"2":0,"3":0},"f":{"0":0,"1":0,"2":0,"3":0},"b":{},"_coverageSchema":"1a1c01bbd47fc00a2c39e90264f33305004495a9","hash":"1ef87963585977e69dce18510748714b7cb782ee"}
,"C:\\Users\\Fathur Saputra\\OneDrive\\Documents\\Coding\\TypeScript\\Intern Projects\\pixelatee\\src\\model\\portfolio.model.ts": {"path":"C:\\Users\\Fathur Saputra\\OneDrive\\Documents\\Coding\\TypeScript\\Intern Projects\\pixelatee\\src\\model\\portfolio.model.ts","statementMap":{"0":{"start":{"line":53,"column":2},"end":{"line":62,"column":4}},"1":{"start":{"line":71,"column":2},"end":{"line":84,"column":5}},"2":{"start":{"line":72,"column":4},"end":{"line":83,"column":6}},"3":{"start":{"line":97,"column":2},"end":{"line":105,"column":4}}},"fnMap":{"0":{"name":"toPortfolioResponse","decl":{"start":{"line":52,"column":16},"end":{"line":52,"column":35}},"loc":{"start":{"line":52,"column":105},"end":{"line":63,"column":1}},"line":52},"1":{"name":"toPortfoliosResponse","decl":{"start":{"line":70,"column":16},"end":{"line":70,"column":36}},"loc":{"start":{"line":70,"column":112},"end":{"line":85,"column":1}},"line":70},"2":{"name":"(anonymous_2)","decl":{"start":{"line":71,"column":23},"end":{"line":71,"column":24}},"loc":{"start":{"line":71,"column":33},"end":{"line":84,"column":3}},"line":71},"3":{"name":"toPortfolioPaginationResponse","decl":{"start":{"line":96,"column":16},"end":{"line":96,"column":45}},"loc":{"start":{"line":96,"column":196},"end":{"line":106,"column":1}},"line":96}},"branchMap":{},"s":{"0":0,"1":0,"2":0,"3":0},"f":{"0":0,"1":0,"2":0,"3":0},"b":{},"_coverageSchema":"1a1c01bbd47fc00a2c39e90264f33305004495a9","hash":"6a9f9e02d0f3ef3f44390b4fe9b72a057e571ab5"}
,"C:\\Users\\Fathur Saputra\\OneDrive\\Documents\\Coding\\TypeScript\\Intern Projects\\pixelatee\\src\\model\\super-admin.model.ts": {"path":"C:\\Users\\Fathur Saputra\\OneDrive\\Documents\\Coding\\TypeScript\\Intern Projects\\pixelatee\\src\\model\\super-admin.model.ts","statementMap":{"0":{"start":{"line":22,"column":2},"end":{"line":24,"column":4}}},"fnMap":{"0":{"name":"toAdminRegisterResponse","decl":{"start":{"line":21,"column":16},"end":{"line":21,"column":39}},"loc":{"start":{"line":21,"column":76},"end":{"line":25,"column":1}},"line":21}},"branchMap":{},"s":{"0":0},"f":{"0":0},"b":{}}
,"C:\\Users\\Fathur Saputra\\OneDrive\\Documents\\Coding\\TypeScript\\Intern Projects\\pixelatee\\src\\model\\user.model.ts": {"path":"C:\\Users\\Fathur Saputra\\OneDrive\\Documents\\Coding\\TypeScript\\Intern Projects\\pixelatee\\src\\model\\user.model.ts","statementMap":{"0":{"start":{"line":66,"column":2},"end":{"line":69,"column":4}},"1":{"start":{"line":73,"column":2},"end":{"line":100,"column":4}},"2":{"start":{"line":104,"column":2},"end":{"line":142,"column":4}}},"fnMap":{"0":{"name":"toUserNavigationResponse","decl":{"start":{"line":65,"column":16},"end":{"line":65,"column":40}},"loc":{"start":{"line":65,"column":123},"end":{"line":70,"column":1}},"line":65},"1":{"name":"toUserPermissionResponse","decl":{"start":{"line":72,"column":16},"end":{"line":72,"column":40}},"loc":{"start":{"line":72,"column":83},"end":{"line":101,"column":1}},"line":72},"2":{"name":"toUserResponse","decl":{"start":{"line":103,"column":16},"end":{"line":103,"column":30}},"loc":{"start":{"line":103,"column":127},"end":{"line":143,"column":1}},"line":103}},"branchMap":{},"s":{"0":0,"1":0,"2":7},"f":{"0":0,"1":0,"2":7},"b":{},"_coverageSchema":"1a1c01bbd47fc00a2c39e90264f33305004495a9","hash":"a535bca0b9219d202668cae829f03495d626d086"}
,"C:\\Users\\Fathur Saputra\\OneDrive\\Documents\\Coding\\TypeScript\\Intern Projects\\pixelatee\\src\\route\\auth.route.ts": {"path":"C:\\Users\\Fathur Saputra\\OneDrive\\Documents\\Coding\\TypeScript\\Intern Projects\\pixelatee\\src\\route\\auth.route.ts","statementMap":{"0":{"start":{"line":5,"column":41},"end":{"line":5,"column":57}},"1":{"start":{"line":7,"column":0},"end":{"line":7,"column":59}}},"fnMap":{},"branchMap":{},"s":{"0":1,"1":1},"f":{},"b":{},"_coverageSchema":"1a1c01bbd47fc00a2c39e90264f33305004495a9","hash":"5afcbdf696cf051d7279b876a7abe861748e8f74"}
,"C:\\Users\\Fathur Saputra\\OneDrive\\Documents\\Coding\\TypeScript\\Intern Projects\\pixelatee\\src\\route\\client.route.ts": {"path":"C:\\Users\\Fathur Saputra\\OneDrive\\Documents\\Coding\\TypeScript\\Intern Projects\\pixelatee\\src\\route\\client.route.ts","statementMap":{"0":{"start":{"line":8,"column":43},"end":{"line":8,"column":59}},"1":{"start":{"line":10,"column":0},"end":{"line":10,"column":195}},"2":{"start":{"line":11,"column":0},"end":{"line":11,"column":199}},"3":{"start":{"line":12,"column":0},"end":{"line":19,"column":2}},"4":{"start":{"line":20,"column":0},"end":{"line":27,"column":2}},"5":{"start":{"line":28,"column":0},"end":{"line":28,"column":210}}},"fnMap":{},"branchMap":{},"s":{"0":1,"1":1,"2":1,"3":1,"4":1,"5":1},"f":{},"b":{},"_coverageSchema":"1a1c01bbd47fc00a2c39e90264f33305004495a9","hash":"168b7d06ab907f763cbd157a81fe76628ae7f0cf"}
,"C:\\Users\\Fathur Saputra\\OneDrive\\Documents\\Coding\\TypeScript\\Intern Projects\\pixelatee\\src\\route\\contact.route.ts": {"path":"C:\\Users\\Fathur Saputra\\OneDrive\\Documents\\Coding\\TypeScript\\Intern Projects\\pixelatee\\src\\route\\contact.route.ts","statementMap":{"0":{"start":{"line":7,"column":44},"end":{"line":7,"column":60}},"1":{"start":{"line":9,"column":0},"end":{"line":9,"column":70}},"2":{"start":{"line":11,"column":0},"end":{"line":11,"column":199}},"3":{"start":{"line":12,"column":0},"end":{"line":12,"column":213}},"4":{"start":{"line":13,"column":0},"end":{"line":13,"column":215}}},"fnMap":{},"branchMap":{},"s":{"0":1,"1":1,"2":1,"3":1,"4":1},"f":{},"b":{},"_coverageSchema":"1a1c01bbd47fc00a2c39e90264f33305004495a9","hash":"89f3152a4121eb85f9664a7ac28dc3b84f0497d2"}
,"C:\\Users\\Fathur Saputra\\OneDrive\\Documents\\Coding\\TypeScript\\Intern Projects\\pixelatee\\src\\route\\newsletter.route.ts": {"path":"C:\\Users\\Fathur Saputra\\OneDrive\\Documents\\Coding\\TypeScript\\Intern Projects\\pixelatee\\src\\route\\newsletter.route.ts","statementMap":{"0":{"start":{"line":7,"column":47},"end":{"line":7,"column":63}},"1":{"start":{"line":9,"column":0},"end":{"line":9,"column":76}},"2":{"start":{"line":10,"column":0},"end":{"line":10,"column":83}},"3":{"start":{"line":11,"column":0},"end":{"line":11,"column":82}},"4":{"start":{"line":12,"column":0},"end":{"line":12,"column":92}},"5":{"start":{"line":14,"column":0},"end":{"line":14,"column":211}},"6":{"start":{"line":15,"column":0},"end":{"line":15,"column":228}},"7":{"start":{"line":16,"column":0},"end":{"line":16,"column":239}},"8":{"start":{"line":17,"column":0},"end":{"line":24,"column":2}},"9":{"start":{"line":25,"column":0},"end":{"line":32,"column":2}},"10":{"start":{"line":33,"column":0},"end":{"line":33,"column":230}}},"fnMap":{},"branchMap":{},"s":{"0":1,"1":1,"2":1,"3":1,"4":1,"5":1,"6":1,"7":1,"8":1,"9":1,"10":1},"f":{},"b":{},"_coverageSchema":"1a1c01bbd47fc00a2c39e90264f33305004495a9","hash":"2598f52af4f1d9a95d66865567a360ea1e30796a"}
,"C:\\Users\\Fathur Saputra\\OneDrive\\Documents\\Coding\\TypeScript\\Intern Projects\\pixelatee\\src\\route\\portfolio.route.ts": {"path":"C:\\Users\\Fathur Saputra\\OneDrive\\Documents\\Coding\\TypeScript\\Intern Projects\\pixelatee\\src\\route\\portfolio.route.ts","statementMap":{"0":{"start":{"line":8,"column":46},"end":{"line":8,"column":62}},"1":{"start":{"line":13,"column":0},"end":{"line":13,"column":75}},"2":{"start":{"line":14,"column":0},"end":{"line":14,"column":91}},"3":{"start":{"line":19,"column":0},"end":{"line":19,"column":207}},"4":{"start":{"line":20,"column":0},"end":{"line":20,"column":223}},"5":{"start":{"line":21,"column":0},"end":{"line":21,"column":234}},"6":{"start":{"line":22,"column":0},"end":{"line":29,"column":2}},"7":{"start":{"line":30,"column":0},"end":{"line":37,"column":2}},"8":{"start":{"line":38,"column":0},"end":{"line":38,"column":225}}},"fnMap":{},"branchMap":{},"s":{"0":1,"1":1,"2":1,"3":1,"4":1,"5":1,"6":1,"7":1,"8":1},"f":{},"b":{},"_coverageSchema":"1a1c01bbd47fc00a2c39e90264f33305004495a9","hash":"1871bf4aadcd0bbcc1a237c1a65f1e50f39d1472"}
,"C:\\Users\\Fathur Saputra\\OneDrive\\Documents\\Coding\\TypeScript\\Intern Projects\\pixelatee\\src\\route\\super-admin.route.ts": {"path":"C:\\Users\\Fathur Saputra\\OneDrive\\Documents\\Coding\\TypeScript\\Intern Projects\\pixelatee\\src\\route\\super-admin.route.ts","statementMap":{},"fnMap":{},"branchMap":{},"s":{},"f":{},"b":{}}
,"C:\\Users\\Fathur Saputra\\OneDrive\\Documents\\Coding\\TypeScript\\Intern Projects\\pixelatee\\src\\route\\user.route.ts": {"path":"C:\\Users\\Fathur Saputra\\OneDrive\\Documents\\Coding\\TypeScript\\Intern Projects\\pixelatee\\src\\route\\user.route.ts","statementMap":{"0":{"start":{"line":8,"column":41},"end":{"line":8,"column":57}},"1":{"start":{"line":10,"column":0},"end":{"line":10,"column":144}},"2":{"start":{"line":11,"column":0},"end":{"line":11,"column":169}},"3":{"start":{"line":12,"column":0},"end":{"line":12,"column":184}},"4":{"start":{"line":15,"column":0},"end":{"line":15,"column":211}},"5":{"start":{"line":16,"column":0},"end":{"line":16,"column":171}},"6":{"start":{"line":17,"column":0},"end":{"line":17,"column":162}},"7":{"start":{"line":20,"column":0},"end":{"line":20,"column":142}}},"fnMap":{},"branchMap":{},"s":{"0":1,"1":1,"2":1,"3":1,"4":1,"5":1,"6":1,"7":1},"f":{},"b":{},"_coverageSchema":"1a1c01bbd47fc00a2c39e90264f33305004495a9","hash":"00a8966113c2746b91d2cb18dd76045ffc07d576"}
,"C:\\Users\\Fathur Saputra\\OneDrive\\Documents\\Coding\\TypeScript\\Intern Projects\\pixelatee\\src\\schema\\auth.schema.ts": {"path":"C:\\Users\\Fathur Saputra\\OneDrive\\Documents\\Coding\\TypeScript\\Intern Projects\\pixelatee\\src\\schema\\auth.schema.ts","statementMap":{"0":{"start":{"line":6,"column":62},"end":{"line":14,"column":15}}},"fnMap":{},"branchMap":{},"s":{"0":1},"f":{},"b":{},"_coverageSchema":"1a1c01bbd47fc00a2c39e90264f33305004495a9","hash":"e78bdc558ab973d9ebbf2965e85e67675f6bc8c8"}
,"C:\\Users\\Fathur Saputra\\OneDrive\\Documents\\Coding\\TypeScript\\Intern Projects\\pixelatee\\src\\schema\\client.schema.ts": {"path":"C:\\Users\\Fathur Saputra\\OneDrive\\Documents\\Coding\\TypeScript\\Intern Projects\\pixelatee\\src\\schema\\client.schema.ts","statementMap":{"0":{"start":{"line":6,"column":60},"end":{"line":14,"column":15}},"1":{"start":{"line":16,"column":59},"end":{"line":18,"column":4}},"2":{"start":{"line":20,"column":60},"end":{"line":26,"column":4}}},"fnMap":{},"branchMap":{},"s":{"0":1,"1":1,"2":1},"f":{},"b":{},"_coverageSchema":"1a1c01bbd47fc00a2c39e90264f33305004495a9","hash":"e95c86c386d85ad7f078fb3664699cd1a5695d0c"}
,"C:\\Users\\Fathur Saputra\\OneDrive\\Documents\\Coding\\TypeScript\\Intern Projects\\pixelatee\\src\\schema\\contact.schema.ts": {"path":"C:\\Users\\Fathur Saputra\\OneDrive\\Documents\\Coding\\TypeScript\\Intern Projects\\pixelatee\\src\\schema\\contact.schema.ts","statementMap":{"0":{"start":{"line":6,"column":61},"end":{"line":16,"column":15}},"1":{"start":{"line":18,"column":62},"end":{"line":26,"column":4}},"2":{"start":{"line":28,"column":60},"end":{"line":30,"column":4}}},"fnMap":{},"branchMap":{},"s":{"0":1,"1":1,"2":1},"f":{},"b":{},"_coverageSchema":"1a1c01bbd47fc00a2c39e90264f33305004495a9","hash":"cdb2cd2c36b39a05d2ad05afc217ca86c2c6905f"}
,"C:\\Users\\Fathur Saputra\\OneDrive\\Documents\\Coding\\TypeScript\\Intern Projects\\pixelatee\\src\\schema\\newsletter.schema.ts": {"path":"C:\\Users\\Fathur Saputra\\OneDrive\\Documents\\Coding\\TypeScript\\Intern Projects\\pixelatee\\src\\schema\\newsletter.schema.ts","statementMap":{"0":{"start":{"line":5,"column":66},"end":{"line":9,"column":15}},"1":{"start":{"line":11,"column":67},"end":{"line":15,"column":15}},"2":{"start":{"line":17,"column":63},"end":{"line":19,"column":4}},"3":{"start":{"line":21,"column":64},"end":{"line":25,"column":4}},"4":{"start":{"line":27,"column":64},"end":{"line":37,"column":4}},"5":{"start":{"line":39,"column":64},"end":{"line":49,"column":4}}},"fnMap":{},"branchMap":{},"s":{"0":1,"1":1,"2":1,"3":1,"4":1,"5":1},"f":{},"b":{},"_coverageSchema":"1a1c01bbd47fc00a2c39e90264f33305004495a9","hash":"e09a868e5af3cb40b47e3c7cd838cfb73a9db4ef"}
,"C:\\Users\\Fathur Saputra\\OneDrive\\Documents\\Coding\\TypeScript\\Intern Projects\\pixelatee\\src\\schema\\portfolio.schema.ts": {"path":"C:\\Users\\Fathur Saputra\\OneDrive\\Documents\\Coding\\TypeScript\\Intern Projects\\pixelatee\\src\\schema\\portfolio.schema.ts","statementMap":{"0":{"start":{"line":6,"column":62},"end":{"line":10,"column":15}},"1":{"start":{"line":12,"column":63},"end":{"line":34,"column":4}},"2":{"start":{"line":36,"column":63},"end":{"line":61,"column":4}},"3":{"start":{"line":63,"column":63},"end":{"line":67,"column":4}}},"fnMap":{},"branchMap":{},"s":{"0":1,"1":1,"2":1,"3":1},"f":{},"b":{},"_coverageSchema":"1a1c01bbd47fc00a2c39e90264f33305004495a9","hash":"0ce3a1a1e14b0f77766699bef03b2c8efa2bc3ec"}
,"C:\\Users\\Fathur Saputra\\OneDrive\\Documents\\Coding\\TypeScript\\Intern Projects\\pixelatee\\src\\schema\\super-admin.schema.ts": {"path":"C:\\Users\\Fathur Saputra\\OneDrive\\Documents\\Coding\\TypeScript\\Intern Projects\\pixelatee\\src\\schema\\super-admin.schema.ts","statementMap":{"0":{"start":{"line":6,"column":75},"end":{"line":23,"column":15}}},"fnMap":{},"branchMap":{},"s":{"0":0},"f":{},"b":{}}
,"C:\\Users\\Fathur Saputra\\OneDrive\\Documents\\Coding\\TypeScript\\Intern Projects\\pixelatee\\src\\schema\\user.schema.ts": {"path":"C:\\Users\\Fathur Saputra\\OneDrive\\Documents\\Coding\\TypeScript\\Intern Projects\\pixelatee\\src\\schema\\user.schema.ts","statementMap":{"0":{"start":{"line":6,"column":58},"end":{"line":19,"column":4}},"1":{"start":{"line":21,"column":64},"end":{"line":26,"column":4}},"2":{"start":{"line":28,"column":72},"end":{"line":33,"column":4}},"3":{"start":{"line":35,"column":67},"end":{"line":37,"column":4}}},"fnMap":{},"branchMap":{},"s":{"0":1,"1":1,"2":1,"3":1},"f":{},"b":{},"_coverageSchema":"1a1c01bbd47fc00a2c39e90264f33305004495a9","hash":"7f251f51ce4947d9cb512353a04941d28958fcb8"}
,"C:\\Users\\Fathur Saputra\\OneDrive\\Documents\\Coding\\TypeScript\\Intern Projects\\pixelatee\\src\\schema\\validation.ts": {"path":"C:\\Users\\Fathur Saputra\\OneDrive\\Documents\\Coding\\TypeScript\\Intern Projects\\pixelatee\\src\\schema\\validation.ts","statementMap":{"0":{"start":{"line":11,"column":4},"end":{"line":11,"column":33}}},"fnMap":{"0":{"name":"(anonymous_0)","decl":{"start":{"line":10,"column":2},"end":{"line":10,"column":3}},"loc":{"start":{"line":10,"column":65},"end":{"line":12,"column":3}},"line":10}},"branchMap":{},"s":{"0":18},"f":{"0":18},"b":{},"_coverageSchema":"1a1c01bbd47fc00a2c39e90264f33305004495a9","hash":"935619a3dfbc202d85125156ec6240944889f75f"}
,"C:\\Users\\Fathur Saputra\\OneDrive\\Documents\\Coding\\TypeScript\\Intern Projects\\pixelatee\\src\\service\\auth.service.ts": {"path":"C:\\Users\\Fathur Saputra\\OneDrive\\Documents\\Coding\\TypeScript\\Intern Projects\\pixelatee\\src\\service\\auth.service.ts","statementMap":{"0":{"start":{"line":24,"column":39},"end":{"line":24,"column":85}},"1":{"start":{"line":27,"column":34},"end":{"line":27,"column":100}},"2":{"start":{"line":30,"column":4},"end":{"line":30,"column":82}},"3":{"start":{"line":30,"column":19},"end":{"line":30,"column":82}},"4":{"start":{"line":32,"column":37},"end":{"line":32,"column":95}},"5":{"start":{"line":35,"column":4},"end":{"line":35,"column":89}},"6":{"start":{"line":35,"column":26},"end":{"line":35,"column":89}},"7":{"start":{"line":38,"column":18},"end":{"line":38,"column":93}},"8":{"start":{"line":41,"column":4},"end":{"line":41,"column":43}}},"fnMap":{"0":{"name":"(anonymous_0)","decl":{"start":{"line":22,"column":2},"end":{"line":22,"column":3}},"loc":{"start":{"line":22,"column":78},"end":{"line":42,"column":3}},"line":22}},"branchMap":{"0":{"loc":{"start":{"line":30,"column":4},"end":{"line":30,"column":82}},"type":"if","locations":[{"start":{"line":30,"column":4},"end":{"line":30,"column":82}},{"start":{},"end":{}}],"line":30},"1":{"loc":{"start":{"line":35,"column":4},"end":{"line":35,"column":89}},"type":"if","locations":[{"start":{"line":35,"column":4},"end":{"line":35,"column":89}},{"start":{},"end":{}}],"line":35}},"s":{"0":14,"1":14,"2":14,"3":0,"4":14,"5":14,"6":0,"7":14,"8":14},"f":{"0":14},"b":{"0":[0,14],"1":[0,14]},"_coverageSchema":"1a1c01bbd47fc00a2c39e90264f33305004495a9","hash":"82d2abc60e3726c58888375b9ded5c003ca8182f"}
,"C:\\Users\\Fathur Saputra\\OneDrive\\Documents\\Coding\\TypeScript\\Intern Projects\\pixelatee\\src\\service\\client.service.ts": {"path":"C:\\Users\\Fathur Saputra\\OneDrive\\Documents\\Coding\\TypeScript\\Intern Projects\\pixelatee\\src\\service\\client.service.ts","statementMap":{"0":{"start":{"line":22,"column":33},"end":{"line":22,"column":91}},"1":{"start":{"line":25,"column":4},"end":{"line":25,"column":53}},"2":{"start":{"line":25,"column":30},"end":{"line":25,"column":50}},"3":{"start":{"line":28,"column":4},"end":{"line":28,"column":41}},"4":{"start":{"line":39,"column":45},"end":{"line":39,"column":109}},"5":{"start":{"line":42,"column":33},"end":{"line":47,"column":6}},"6":{"start":{"line":50,"column":4},"end":{"line":50,"column":42}},"7":{"start":{"line":62,"column":45},"end":{"line":62,"column":109}},"8":{"start":{"line":65,"column":43},"end":{"line":65,"column":105}},"9":{"start":{"line":68,"column":38},"end":{"line":68,"column":114}},"10":{"start":{"line":71,"column":4},"end":{"line":71,"column":65}},"11":{"start":{"line":71,"column":21},"end":{"line":71,"column":65}},"12":{"start":{"line":74,"column":4},"end":{"line":78,"column":5}},"13":{"start":{"line":75,"column":6},"end":{"line":77,"column":7}},"14":{"start":{"line":76,"column":8},"end":{"line":76,"column":58}},"15":{"start":{"line":81,"column":33},"end":{"line":87,"column":6}},"16":{"start":{"line":90,"column":4},"end":{"line":90,"column":42}},"17":{"start":{"line":101,"column":43},"end":{"line":101,"column":105}},"18":{"start":{"line":104,"column":38},"end":{"line":104,"column":114}},"19":{"start":{"line":107,"column":4},"end":{"line":109,"column":5}},"20":{"start":{"line":108,"column":6},"end":{"line":108,"column":58}},"21":{"start":{"line":112,"column":4},"end":{"line":114,"column":5}},"22":{"start":{"line":113,"column":6},"end":{"line":113,"column":56}},"23":{"start":{"line":117,"column":33},"end":{"line":117,"column":93}},"24":{"start":{"line":120,"column":4},"end":{"line":120,"column":42}},"25":{"start":{"line":130,"column":33},"end":{"line":130,"column":91}},"26":{"start":{"line":133,"column":4},"end":{"line":133,"column":55}},"27":{"start":{"line":133,"column":30},"end":{"line":133,"column":52}},"28":{"start":{"line":136,"column":4},"end":{"line":136,"column":41}}},"fnMap":{"0":{"name":"(anonymous_0)","decl":{"start":{"line":20,"column":2},"end":{"line":20,"column":3}},"loc":{"start":{"line":20,"column":63},"end":{"line":29,"column":3}},"line":20},"1":{"name":"(anonymous_1)","decl":{"start":{"line":25,"column":19},"end":{"line":25,"column":20}},"loc":{"start":{"line":25,"column":30},"end":{"line":25,"column":50}},"line":25},"2":{"name":"(anonymous_2)","decl":{"start":{"line":37,"column":2},"end":{"line":37,"column":3}},"loc":{"start":{"line":37,"column":122},"end":{"line":51,"column":3}},"line":37},"3":{"name":"(anonymous_3)","decl":{"start":{"line":60,"column":2},"end":{"line":60,"column":3}},"loc":{"start":{"line":60,"column":144},"end":{"line":91,"column":3}},"line":60},"4":{"name":"(anonymous_4)","decl":{"start":{"line":99,"column":2},"end":{"line":99,"column":3}},"loc":{"start":{"line":99,"column":81},"end":{"line":121,"column":3}},"line":99},"5":{"name":"(anonymous_5)","decl":{"start":{"line":128,"column":2},"end":{"line":128,"column":3}},"loc":{"start":{"line":128,"column":62},"end":{"line":137,"column":3}},"line":128},"6":{"name":"(anonymous_6)","decl":{"start":{"line":133,"column":19},"end":{"line":133,"column":20}},"loc":{"start":{"line":133,"column":30},"end":{"line":133,"column":52}},"line":133}},"branchMap":{"0":{"loc":{"start":{"line":71,"column":4},"end":{"line":71,"column":65}},"type":"if","locations":[{"start":{"line":71,"column":4},"end":{"line":71,"column":65}},{"start":{},"end":{}}],"line":71},"1":{"loc":{"start":{"line":74,"column":4},"end":{"line":78,"column":5}},"type":"if","locations":[{"start":{"line":74,"column":4},"end":{"line":78,"column":5}},{"start":{},"end":{}}],"line":74},"2":{"loc":{"start":{"line":74,"column":8},"end":{"line":74,"column":49}},"type":"binary-expr","locations":[{"start":{"line":74,"column":8},"end":{"line":74,"column":12}},{"start":{"line":74,"column":16},"end":{"line":74,"column":49}}],"line":74},"3":{"loc":{"start":{"line":75,"column":6},"end":{"line":77,"column":7}},"type":"if","locations":[{"start":{"line":75,"column":6},"end":{"line":77,"column":7}},{"start":{},"end":{}}],"line":75},"4":{"loc":{"start":{"line":84,"column":14},"end":{"line":84,"column":51}},"type":"binary-expr","locations":[{"start":{"line":84,"column":14},"end":{"line":84,"column":32}},{"start":{"line":84,"column":36},"end":{"line":84,"column":51}}],"line":84},"5":{"loc":{"start":{"line":107,"column":4},"end":{"line":109,"column":5}},"type":"if","locations":[{"start":{"line":107,"column":4},"end":{"line":109,"column":5}},{"start":{},"end":{}}],"line":107},"6":{"loc":{"start":{"line":112,"column":4},"end":{"line":114,"column":5}},"type":"if","locations":[{"start":{"line":112,"column":4},"end":{"line":114,"column":5}},{"start":{},"end":{}}],"line":112}},"s":{"0":0,"1":0,"2":0,"3":0,"4":0,"5":0,"6":0,"7":0,"8":0,"9":0,"10":0,"11":0,"12":0,"13":0,"14":0,"15":0,"16":0,"17":0,"18":0,"19":0,"20":0,"21":0,"22":0,"23":0,"24":0,"25":0,"26":0,"27":0,"28":0},"f":{"0":0,"1":0,"2":0,"3":0,"4":0,"5":0,"6":0},"b":{"0":[0,0],"1":[0,0],"2":[0,0],"3":[0,0],"4":[0,0],"5":[0,0],"6":[0,0]},"_coverageSchema":"1a1c01bbd47fc00a2c39e90264f33305004495a9","hash":"8af9b75b405bbb42c0c9bb6d816d9ecd71250915"}
,"C:\\Users\\Fathur Saputra\\OneDrive\\Documents\\Coding\\TypeScript\\Intern Projects\\pixelatee\\src\\service\\contact.service.ts": {"path":"C:\\Users\\Fathur Saputra\\OneDrive\\Documents\\Coding\\TypeScript\\Intern Projects\\pixelatee\\src\\service\\contact.service.ts","statementMap":{"0":{"start":{"line":21,"column":37},"end":{"line":21,"column":103}},"1":{"start":{"line":24,"column":62},"end":{"line":24,"column":137}},"2":{"start":{"line":27,"column":4},"end":{"line":27,"column":37}},"3":{"start":{"line":28,"column":4},"end":{"line":28,"column":39}},"4":{"start":{"line":29,"column":4},"end":{"line":29,"column":39}},"5":{"start":{"line":30,"column":4},"end":{"line":30,"column":36}},"6":{"start":{"line":31,"column":4},"end":{"line":31,"column":39}},"7":{"start":{"line":34,"column":4},"end":{"line":34,"column":44}},"8":{"start":{"line":46,"column":37},"end":{"line":46,"column":104}},"9":{"start":{"line":49,"column":19},"end":{"line":49,"column":43}},"10":{"start":{"line":52,"column":44},"end":{"line":52,"column":46}},"11":{"start":{"line":55,"column":4},"end":{"line":55,"column":120}},"12":{"start":{"line":55,"column":25},"end":{"line":55,"column":120}},"13":{"start":{"line":58,"column":4},"end":{"line":58,"column":50}},"14":{"start":{"line":58,"column":23},"end":{"line":58,"column":50}},"15":{"start":{"line":61,"column":64},"end":{"line":67,"column":6}},"16":{"start":{"line":70,"column":26},"end":{"line":70,"column":70}},"17":{"start":{"line":73,"column":4},"end":{"line":73,"column":101}},"18":{"start":{"line":84,"column":36},"end":{"line":84,"column":103}},"19":{"start":{"line":87,"column":69},"end":{"line":87,"column":167}},"20":{"start":{"line":90,"column":4},"end":{"line":90,"column":67}},"21":{"start":{"line":90,"column":22},"end":{"line":90,"column":67}},"22":{"start":{"line":93,"column":4},"end":{"line":93,"column":42}},"23":{"start":{"line":104,"column":36},"end":{"line":104,"column":103}},"24":{"start":{"line":107,"column":69},"end":{"line":107,"column":167}},"25":{"start":{"line":110,"column":4},"end":{"line":110,"column":67}},"26":{"start":{"line":110,"column":22},"end":{"line":110,"column":67}},"27":{"start":{"line":113,"column":62},"end":{"line":113,"column":156}},"28":{"start":{"line":115,"column":4},"end":{"line":115,"column":37}},"29":{"start":{"line":116,"column":4},"end":{"line":116,"column":39}},"30":{"start":{"line":117,"column":4},"end":{"line":117,"column":39}},"31":{"start":{"line":118,"column":4},"end":{"line":118,"column":36}},"32":{"start":{"line":119,"column":4},"end":{"line":121,"column":5}},"33":{"start":{"line":120,"column":6},"end":{"line":120,"column":46}},"34":{"start":{"line":124,"column":4},"end":{"line":124,"column":44}}},"fnMap":{"0":{"name":"(anonymous_0)","decl":{"start":{"line":19,"column":2},"end":{"line":19,"column":3}},"loc":{"start":{"line":19,"column":86},"end":{"line":35,"column":3}},"line":19},"1":{"name":"(anonymous_1)","decl":{"start":{"line":44,"column":2},"end":{"line":44,"column":3}},"loc":{"start":{"line":44,"column":162},"end":{"line":74,"column":3}},"line":44},"2":{"name":"(anonymous_2)","decl":{"start":{"line":82,"column":2},"end":{"line":82,"column":3}},"loc":{"start":{"line":82,"column":89},"end":{"line":94,"column":3}},"line":82},"3":{"name":"(anonymous_3)","decl":{"start":{"line":102,"column":2},"end":{"line":102,"column":3}},"loc":{"start":{"line":102,"column":86},"end":{"line":125,"column":3}},"line":102}},"branchMap":{"0":{"loc":{"start":{"line":55,"column":4},"end":{"line":55,"column":120}},"type":"if","locations":[{"start":{"line":55,"column":4},"end":{"line":55,"column":120}},{"start":{},"end":{}}],"line":55},"1":{"loc":{"start":{"line":58,"column":4},"end":{"l
[...]
":{"line":26,"column":23}},"loc":{"start":{"line":26,"column":32},"end":{"line":31,"column":5}},"line":26},"2":{"name":"(anonymous_2)","decl":{"start":{"line":43,"column":2},"end":{"line":43,"column":3}},"loc":{"start":{"line":43,"column":92},"end":{"line":63,"column":3}},"line":43},"3":{"name":"(anonymous_3)","decl":{"start":{"line":72,"column":2},"end":{"line":72,"column":3}},"loc":{"start":{"line":72,"column":166},"end":{"line":116,"column":3}},"line":72},"4":{"name":"(anonymous_4)","decl":{"start":{"line":104,"column":22},"end":{"line":104,"column":23}},"loc":{"start":{"line":104,"column":32},"end":{"line":109,"column":5}},"line":104},"5":{"name":"(anonymous_5)","decl":{"start":{"line":124,"column":2},"end":{"line":124,"column":3}},"loc":{"start":{"line":124,"column":90},"end":{"line":142,"column":3}},"line":124},"6":{"name":"(anonymous_6)","decl":{"start":{"line":144,"column":2},"end":{"line":144,"column":3}},"loc":{"start":{"line":144,"column":92},"end":{"line":156,"column":3}},"line":144},"7":{"name":"(anonymous_7)","decl":{"start":{"line":158,"column":2},"end":{"line":158,"column":3}},"loc":{"start":{"line":158,"column":144},"end":{"line":245,"column":3}},"line":158},"8":{"name":"(anonymous_8)","decl":{"start":{"line":255,"column":2},"end":{"line":255,"column":3}},"loc":{"start":{"line":255,"column":186},"end":{"line":297,"column":3}},"line":255},"9":{"name":"(anonymous_9)","decl":{"start":{"line":305,"column":2},"end":{"line":305,"column":3}},"loc":{"start":{"line":305,"column":87},"end":{"line":373,"column":3}},"line":305}},"branchMap":{"0":{"loc":{"start":{"line":51,"column":4},"end":{"line":51,"column":71}},"type":"if","locations":[{"start":{"line":51,"column":4},"end":{"line":51,"column":71}},{"start":{},"end":{}}],"line":51},"1":{"loc":{"start":{"line":56,"column":4},"end":{"line":56,"column":75}},"type":"if","locations":[{"start":{"line":56,"column":4},"end":{"line":56,"column":75}},{"start":{},"end":{}}],"line":56},"2":{"loc":{"start":{"line":57,"column":4},"end":{"line":57,"column":73}},"type":"if","locations":[{"start":{"line":57,"column":4},"end":{"line":57,"column":73}},{"start":{},"end":{}}],"line":57},"3":{"loc":{"start":{"line":58,"column":4},"end":{"line":58,"column":75}},"type":"if","locations":[{"start":{"line":58,"column":4},"end":{"line":58,"column":75}},{"start":{},"end":{}}],"line":58},"4":{"loc":{"start":{"line":59,"column":4},"end":{"line":59,"column":73}},"type":"if","locations":[{"start":{"line":59,"column":4},"end":{"line":59,"column":73}},{"start":{},"end":{}}],"line":59},"5":{"loc":{"start":{"line":85,"column":4},"end":{"line":85,"column":56}},"type":"if","locations":[{"start":{"line":85,"column":4},"end":{"line":85,"column":56}},{"start":{},"end":{}}],"line":85},"6":{"loc":{"start":{"line":88,"column":4},"end":{"line":88,"column":132}},"type":"if","locations":[{"start":{"line":88,"column":4},"end":{"line":88,"column":132}},{"start":{},"end":{}}],"line":88},"7":{"loc":{"start":{"line":132,"column":4},"end":{"line":132,"column":71}},"type":"if","locations":[{"start":{"line":132,"column":4},"end":{"line":132,"column":71}},{"start":{},"end":{}}],"line":132},"8":{"loc":{"start":{"line":135,"column":4},"end":{"line":135,"column":83}},"type":"if","locations":[{"start":{"line":135,"column":4},"end":{"line":135,"column":83}},{"start":{},"end":{}}],"line":135},"9":{"loc":{"start":{"line":136,"column":4},"end":{"line":136,"column":81}},"type":"if","locations":[{"start":{"line":136,"column":4},"end":{"line":136,"column":81}},{"start":{},"end":{}}],"line":136},"10":{"loc":{"start":{"line":137,"column":4},"end":{"line":137,"column":83}},"type":"if","locations":[{"start":{"line":137,"column":4},"end":{"line":137,"column":83}},{"start":{},"end":{}}],"line":137},"11":{"loc":{"start":{"line":138,"column":4},"end":{"line":138,"column":81}},"type":"if","locations":[{"start":{"line":138,"column":4},"end":{"line":138,"column":81}},{"start":{},"end":{}}],"line":138},"12":{"loc":{"start":{"line":152,"column":4},"end":{"line":152,"column":71}},"type":"if","locations":[{"start":{"line":152,"column":4},"end":{"line":152,"column":71}},{"start":{},"end":{}}],"line":152},"13":{"loc":{"start":{"line":169,"column":4},"end":{"line":169,"column":71}},"type":"if","locations":[{"start":{"line":169,"column":4},"end":{"line":169,"column":71}},{"start":{},"end":{}}],"line":169},"14":{"loc":{"start":{"line":172,"column":4},"end":{"line":179,"column":5}},"type":"if","locations":[{"start":{"line":172,"column":4},"end":{"line":179,"column":5}},{"start":{},"end":{}}],"line":172},"15":{"loc":{"start":{"line":180,"column":4},"end":{"line":187,"column":5}},"type":"if","locations":[{"start":{"line":180,"column":4},"end":{"line":187,"column":5}},{"start":{},"end":{}}],"line":180},"16":{"loc":{"start":{"line":188,"column":4},"end":{"line":195,"column":5}},"type":"if","locations":[{"start":{"line":188,"column":4},"end":{"line":195,"column":5}},{"start":{},"end":{}}],"line":188},"17":{"loc":{"start":{"line":196,"column":4},"end":{"line":203,"column":5}},"type":"if","locations":[{"start":{"line":196,"column":4},"end":{"line":203,"column":5}},{"start":{},"end":{}}],"line":196},"18":{"loc":{"start":{"line":204,"column":4},"end":{"line":211,"column":5}},"type":"if","locations":[{"start":{"line":204,"column":4},"end":{"line":211,"column":5}},{"start":{},"end":{}}],"line":204},"19":{"loc":{"start":{"line":219,"column":19},"end":{"line":219,"column":64}},"type":"binary-expr","locations":[{"start":{"line":219,"column":19},"end":{"line":219,"column":37}},{"start":{"line":219,"column":41},"end":{"line":219,"column":64}}],"line":219},"20":{"loc":{"start":{"line":220,"column":21},"end":{"line":220,"column":68}},"type":"binary-expr","locations":[{"start":{"line":220,"column":21},"end":{"line":220,"column":39}},{"start":{"line":220,"column":43},"end":{"line":220,"column":68}}],"line":220},"21":{"loc":{"start":{"line":221,"column":20},"end":{"line":221,"column":66}},"type":"binary-expr","locations":[{"start":{"line":221,"column":20},"end":{"line":221,"column":38}},{"start":{"line":221,"column":42},"end":{"line":221,"column":66}}],"line":221},"22":{"loc":{"start":{"line":222,"column":21},"end":{"line":222,"column":68}},"type":"binary-expr","locations":[{"start":{"line":222,"column":21},"end":{"line":222,"column":39}},{"start":{"line":222,"column":43},"end":{"line":222,"column":68}}],"line":222},"23":{"loc":{"start":{"line":223,"column":20},"end":{"line":223,"column":66}},"type":"binary-expr","locations":[{"start":{"line":223,"column":20},"end":{"line":223,"column":38}},{"start":{"line":223,"column":42},"end":{"line":223,"column":66}}],"line":223},"24":{"loc":{"start":{"line":234,"column":4},"end":{"line":236,"column":5}},"type":"if","locations":[{"start":{"line":234,"column":4},"end":{"line":236,"column":5}},{"start":{},"end":{}}],"line":234},"25":{"loc":{"start":{"line":263,"column":4},"end":{"line":263,"column":65}},"type":"if","locations":[{"start":{"line":263,"column":4},"end":{"line":263,"column":65}},{"start":{},"end":{}}],"line":263},"26":{"loc":{"start":{"line":269,"column":21},"end":{"line":269,"column":58}},"type":"binary-expr","locations":[{"start":{"line":269,"column":21},"end":{"line":269,"column":50}},{"start":{"line":269,"column":54},"end":{"line":269,"column":58}}],"line":269},"27":{"loc":{"start":{"line":274,"column":21},"end":{"line":274,"column":47}},"type":"binary-expr","locations":[{"start":{"line":274,"column":21},"end":{"line":274,"column":39}},{"start":{"line":274,"column":43},"end":{"line":274,"column":47}}],"line":274},"28":{"loc":{"start":{"line":275,"column":20},"end":{"line":275,"column":46}},"type":"binary-expr","locations":[{"start":{"line":275,"column":20},"end":{"line":275,"column":38}},{"start":{"line":275,"column":42},"end":{"line":275,"column":46}}],"line":275},"29":{"loc":{"start":{"line":276,"column":21},"end":{"line":276,"column":47}},"type":"binary-expr","locations":[{"start":{"line":276,"column":21},"end":{"line":276,"column":39}},{"start":{"line":276,"column":43},"end":{"line":276,"column":47}}],"line":276},"30":{"loc":{"start":{"line":277,"column":20},"end":{"line":277,"column":46}},"type":"binary-expr","locations":[{"start":{"line":277,"column":20},"end":{"line":277,"column":38}},{"start":{"line":277,"column":42},"end":{"line":277,"column":46}}],"line":277},"31":{"loc":{"start":{"line":286,"column":4},"end":{"line":288,"column":5}},"type":"if","locations":[{"start":{"line":286,"column":4},"end":{"line":288,"column":5}},{"start":{},"end":{}}],"line":286},"32":{"loc":{"start":{"line":313,"column":4},"end":{"line":313,"column":71}},"type":"if","locations":[{"start":{"line":313,"column":4},"end":{"line":313,"column":71}},{"start":{},"end":{}}],"line":313},"33":{"loc":{"start":{"line":316,"column":4},"end":{"line":323,"column":5}},"type":"if","locations":[{"start":{"line":316,"column":4},"end":{"line":323,"column":5}},{"start":{},"end":{}}],"line":316},"34":{"loc":{"start":{"line":324,"column":4},"end":{"line":331,"column":5}},"type":"if","locations":[{"start":{"line":324,"column":4},"end":{"line":331,"column":5}},{"start":{},"end":{}}],"line":324},"35":{"loc":{"start":{"line":332,"column":4},"end":{"line":339,"column":5}},"type":"if","locations":[{"start":{"line":332,"column":4},"end":{"line":339,"column":5}},{"start":{},"end":{}}],"line":332},"36":{"loc":{"start":{"line":340,"column":4},"end":{"line":347,"column":5}},"type":"if","locations":[{"start":{"line":340,"column":4},"end":{"line":347,"column":5}},{"start":{},"end":{}}],"line":340},"37":{"loc":{"start":{"line":348,"column":4},"end":{"line":355,"column":5}},"type":"if","locations":[{"start":{"line":348,"column":4},"end":{"line":355,"column":5}},{"start":{},"end":{}}],"line":348},"38":{"loc":{"start":{"line":362,"column":4},"end":{"line":364,"column":5}},"type":"if","locations":[{"start":{"line":362,"column":4},"end":{"line":364,"column":5}},{"start":{},"end":{}}],"line":362}},"s":{"0":0,"1":0,"2":0,"3":0,"4":0,"5":0,"6":0,"7":0,"8":0,"9":0,"10":0,"11":0,"12":0,"13":0,"14":0,"15":0,"16":0,"17":0,"18":0,"19":0,"20":0,"21":0,"22":0,"23":0,"24":0,"25":0,"26":0,"27":0,"28":0,"29":0,"30":0,"31":0,"32":0,"33":0,"34":0,"35":0,"36":0,"37":0,"38":0,"39":0,"40":0,"41":0,"42":0,"43":0,"44":0,"45":0,"46":0,"47":0,"48":0,"49":0,"50":0,"51":0,"52":0,"53":0,"54":0,"55":0,"56":0,"57":0,"58":0,"59":0,"60":0,"61":0,"62":0,"63":0,"64":0,"65":0,"66":0,"67":0,"68":0,"69":0,"70":0,"71":0,"72":0,"73":0,"74":0,"75":0,"76":0,"77":0,"78":0,"79":0,"80":0,"81":0,"82":0,"83":0,"84":0,"85":0,"86":0,"87":0,"88":0,"89":0,"90":0,"91":0,"92":0,"93":0,"94":0,"95":0,"96":0,"97":0,"98":0,"99":0,"100":0,"101":0,"102":0,"103":0,"104":0,"105":0,"106":0,"107":0,"108":0,"109":0,"110":0,"111":0,"112":0,"113":0,"114":0,"115":0,"116":0,"117":0,"118":0,"119":0,"120":0,"121":0,"122":0,"123":0,"124":0,"125":0,"126":0,"127":0,"128":0,"129":0,"130":0,"131":0,"132":0,"133":0,"134":0,"135":0,"136":0,"137":0,"138":0,"139":0,"140":0,"141":0,"142":0,"143":0,"144":0,"145":0,"146":0},"f":{"0":0,"1":0,"2":0,"3":0,"4":0,"5":0,"6":0,"7":0,"8":0,"9":0},"b":{"0":[0,0],"1":[0,0],"2":[0,0],"3":[0,0],"4":[0,0],"5":[0,0],"6":[0,0],"7":[0,0],"8":[0,0],"9":[0,0],"10":[0,0],"11":[0,0],"12":[0,0],"13":[0,0],"14":[0,0],"15":[0,0],"16":[0,0],"17":[0,0],"18":[0,0],"19":[0,0],"20":[0,0],"21":[0,0],"22":[0,0],"23":[0,0],"24":[0,0],"25":[0,0],"26":[0,0],"27":[0,0],"28":[0,0],"29":[0,0],"30":[0,0],"31":[0,0],"32":[0,0],"33":[0,0],"34":[0,0],"35":[0,0],"36":[0,0],"37":[0,0],"38":[0,0]},"_coverageSchema":"1a1c01bbd47fc00a2c39e90264f33305004495a9","hash":"511725ecf905f5916637dae56c50a73d5f8dc1d5"}
,"C:\\Users\\Fathur Saputra\\OneDrive\\Documents\\Coding\\TypeScript\\Intern Projects\\pixelatee\\src\\service\\super-admin.service.ts": {"path":"C:\\Users\\Fathur Saputra\\OneDrive\\Documents\\Coding\\TypeScript\\Intern Projects\\pixelatee\\src\\service\\super-admin.service.ts","statementMap":{"0":{"start":{"line":15,"column":43},"end":{"line":15,"column":104}},"1":{"start":{"line":18,"column":22},"end":{"line":18,"column":88}},"2":{"start":{"line":21,"column":4},"end":{"line":21,"column":59}},"3":{"start":{"line":21,"column":19},"end":{"line":21,"column":59}},"4":{"start":{"line":24,"column":29},"end":{"line":69,"column":6}},"5":{"start":{"line":72,"column":4},"end":{"line":72,"column":47}}},"fnMap":{"0":{"name":"(anonymous_0)","decl":{"start":{"line":13,"column":2},"end":{"line":13,"column":3}},"loc":{"start":{"line":13,"column":99},"end":{"line":73,"column":3}},"line":13}},"branchMap":{"0":{"loc":{"start":{"line":21,"column":4},"end":{"line":21,"column":59}},"type":"if","locations":[{"start":{"line":21,"column":4},"end":{"line":21,"column":59}},{"start":{},"end":{}}],"line":21}},"s":{"0":0,"1":0,"2":0,"3":0,"4":0,"5":0},"f":{"0":0},"b":{"0":[0,0]}}
,"C:\\Users\\Fathur Saputra\\OneDrive\\Documents\\Coding\\TypeScript\\Intern Projects\\pixelatee\\src\\service\\user.service.ts": {"path":"C:\\Users\\Fathur Saputra\\OneDrive\\Documents\\Coding\\TypeScript\\Intern Projects\\pixelatee\\src\\service\\user.service.ts","statementMap":{"0":{"start":{"line":22,"column":106},"end":{"line":22,"column":211}},"1":{"start":{"line":25,"column":4},"end":{"line":25,"column":76}},"2":{"start":{"line":28,"column":4},"end":{"line":28,"column":37}},"3":{"start":{"line":39,"column":106},"end":{"line":39,"column":211}},"4":{"start":{"line":42,"column":4},"end":{"line":42,"column":36}},"5":{"start":{"line":43,"column":4},"end":{"line":43,"column":33}},"6":{"start":{"line":44,"column":4},"end":{"line":44,"column":39}},"7":{"start":{"line":45,"column":4},"end":{"line":45,"column":32}},"8":{"start":{"line":46,"column":4},"end":{"line":46,"column":39}},"9":{"start":{"line":47,"column":4},"end":{"line":47,"column":35}},"10":{"start":{"line":50,"column":4},"end":{"line":50,"column":37}},"11":{"start":{"line":61,"column":106},"end":{"line":61,"column":211}},"12":{"start":{"line":64,"column":4},"end":{"line":64,"column":32}},"13":{"start":{"line":65,"column":4},"end":{"line":65,"column":36}},"14":{"start":{"line":66,"column":4},"end":{"line":66,"column":33}},"15":{"start":{"line":67,"column":4},"end":{"line":67,"column":39}},"16":{"start":{"line":68,"column":4},"end":{"line":68,"column":32}},"17":{"start":{"line":69,"column":4},"end":{"line":69,"column":39}},"18":{"start":{"line":70,"column":4},"end":{"line":70,"column":35}},"19":{"start":{"line":73,"column":4},"end":{"line":73,"column":37}},"20":{"start":{"line":86,"column":34},"end":{"line":86,"column":100}},"21":{"start":{"line":89,"column":34},"end":{"line":89,"column":92}},"22":{"start":{"line":92,"column":4},"end":{"line":97,"column":5}},"23":{"start":{"line":93,"column":22},"end":{"line":93,"column":55}},"24":{"start":{"line":94,"column":6},"end":{"line":96,"column":7}},"25":{"start":{"line":95,"column":8},"end":{"line":95,"column":31}},"26":{"start":{"line":100,"column":113},"end":{"line":104,"column":6}},"27":{"start":{"line":107,"column":4},"end":{"line":107,"column":43}},"28":{"start":{"line":108,"column":4},"end":{"line":108,"column":40}},"29":{"start":{"line":109,"column":4},"end":{"line":109,"column":46}},"30":{"start":{"line":110,"column":4},"end":{"line":110,"column":40}},"31":{"start":{"line":111,"column":4},"end":{"line":111,"column":39}},"32":{"start":{"line":112,"column":4},"end":{"line":112,"column":46}},"33":{"start":{"line":113,"column":4},"end":{"line":113,"column":42}},"34":{"start":{"line":116,"column":4},"end":{"line":116,"column":44}},"35":{"start":{"line":121,"column":106},"end":{"line":121,"column":211}},"36":{"start":{"line":124,"column":4},"end":{"line":124,"column":36}},"37":{"start":{"line":125,"column":4},"end":{"line":125,"column":39}},"38":{"start":{"line":126,"column":4},"end":{"line":126,"column":35}},"39":{"start":{"line":129,"column":4},"end":{"line":129,"column":37}},"40":{"start":{"line":134,"column":34},"end":{"line":134,"column":95}},"41":{"start":{"line":137,"column":107},"end":{"line":148,"column":6}},"42":{"start":{"line":151,"column":4},"end":{"line":151,"column":45}},"43":{"start":{"line":152,"column":4},"end":{"line":152,"column":42}},"44":{"start":{"line":153,"column":4},"end":{"line":153,"column":42}},"45":{"start":{"line":154,"column":4},"end":{"line":154,"column":48}},"46":{"start":{"line":155,"column":4},"end":{"line":155,"column":41}},"47":{"start":{"line":156,"column":4},"end":{"line":156,"column":48}},"48":{"start":{"line":157,"column":4},"end":{"line":157,"column":44}},"49":{"start":{"line":159,"column":4},"end":{"line":159,"column":46}},"50":{"start":{"line":171,"column":34},"end":{"line":171,"column":103}},"51":{"start":{"line":174,"column":107},"end":{"line":180,"column":6}},"52":{"start":{"line":183,"column":4},"end":{"line":183,"column":45}},"53":{"start":{"line":184,"column":4},"end":{"line":184,"column":42}},"54":{"start":{"line":185,"column":4},"end":{"line":185,"column":48}},"55":{"start":{"line":186,"column":4},"end":{"line":186,"column":41}},"56":{"start":{"line":187,"column":4},"end":{"line":187,"column":48}},"57":{"start":{"line":188,"column":4},"end":{"line":188,"column":44}},"58":{"start":{"line":191,"column":4},"end":{"line":191,"column":46}}},"fnMap":{"0":{"name":"(anonymous_0)","decl":{"start":{"line":20,"column":2},"end":{"line":20,"column":3}},"loc":{"start":{"line":20,"column":120},"end":{"line":29,"column":3}},"line":20},"1":{"name":"(anonymous_1)","decl":{"start":{"line":37,"column":2},"end":{"line":37,"column":3}},"loc":{"start":{"line":37,"column":119},"end":{"line":51,"column":3}},"line":37},"2":{"name":"(anonymous_2)","decl":{"start":{"line":59,"column":2},"end":{"line":59,"column":3}},"loc":{"start":{"line":59,"column":131},"end":{"line":74,"column":3}},"line":59},"3":{"name":"(anonymous_3)","decl":{"start":{"line":84,"column":2},"end":{"line":84,"column":3}},"loc":{"start":{"line":84,"column":185},"end":{"line":117,"column":3}},"line":84},"4":{"name":"(anonymous_4)","decl":{"start":{"line":119,"column":2},"end":{"line":119,"column":3}},"loc":{"start":{"line":119,"column":138},"end":{"line":130,"column":3}},"line":119},"5":{"name":"(anonymous_5)","decl":{"start":{"line":132,"column":2},"end":{"line":132,"column":3}},"loc":{"start":{"line":132,"column":153},"end":{"line":160,"column":3}},"line":132},"6":{"name":"(anonymous_6)","decl":{"start":{"line":169,"column":2},"end":{"line":169,"column":3}},"loc":{"start":{"line":169,"column":149},"end":{"line":192,"column":3}},"line":169}},"branchMap":{"0":{"loc":{"start":{"line":92,"column":4},"end":{"line":97,"column":5}},"type":"if","locations":[{"start":{"line":92,"column":4},"end":{"line":97,"column":5}},{"start":{},"end":{}}],"line":92},"1":{"loc":{"start":{"line":92,"column":8},"end":{"line":92,"column":60}},"type":"binary-expr","locations":[{"start":{"line":92,"column":8},"end":{"line":92,"column":23}},{"start":{"line":92,"column":27},"end":{"line":92,"column":60}}],"line":92},"2":{"loc":{"start":{"line":94,"column":6},"end":{"line":96,"column":7}},"type":"if","locations":[{"start":{"line":94,"column":6},"end":{"line":96,"column":7}},{"start":{},"end":{}}],"line":94}},"s":{"0":1,"1":1,"2":1,"3":1,"4":1,"5":1,"6":1,"7":1,"8":1,"9":1,"10":1,"11":1,"12":1,"13":1,"14":1,"15":1,"16":1,"17":1,"18":1,"19":1,"20":2,"21":1,"22":1,"23":0,"24":0,"25":0,"26":1,"27":1,"28":1,"29":1,"30":1,"31":1,"32":1,"33":1,"34":1,"35":1,"36":1,"37":1,"38":1,"39":1,"40":1,"41":1,"42":1,"43":1,"44":1,"45":1,"46":1,"47":1,"48":1,"49":1,"50":1,"51":1,"52":1,"53":1,"54":1,"55":1,"56":1,"57":1,"58":1},"f":{"0":1,"1":1,"2":1,"3":2,"4":1,"5":1,"6":1},"b":{"0":[0,1],"1":[1,1],"2":[0,0]},"_coverageSchema":"1a1c01bbd47fc00a2c39e90264f33305004495a9","hash":"973244db996f4d867e85314885517b04f4beec84"}
,"C:\\Users\\Fathur Saputra\\OneDrive\\Documents\\Coding\\TypeScript\\Intern Projects\\pixelatee\\src\\types\\user.type.ts": {"path":"C:\\Users\\Fathur Saputra\\OneDrive\\Documents\\Coding\\TypeScript\\Intern Projects\\pixelatee\\src\\types\\user.type.ts","statementMap":{},"fnMap":{},"branchMap":{},"s":{},"f":{},"b":{}}
}
