TN:
SF:src\application\database.ts
FN:26,(anonymous_0)
FN:30,(anonymous_1)
FN:34,(anonymous_2)
FN:38,(anonymous_3)
FNF:4
FNH:2
FNDA:7,(anonymous_0)
FNDA:7320,(anonymous_1)
FNDA:0,(anonymous_2)
FNDA:0,(anonymous_3)
DA:5,7
DA:26,7
DA:27,7
DA:30,7
DA:31,7320
DA:34,7
DA:35,0
DA:38,7
DA:39,0
LF:9
LH:7
BRF:0
BRH:0
end_of_record
TN:
SF:src\application\log.ts
FN:15,(anonymous_0)
FNF:1
FNH:1
FNDA:7339,(anonymous_0)
DA:4,7
DA:13,7
DA:15,7339
LF:3
LH:3
BRF:0
BRH:0
end_of_record
TN:
SF:src\application\web.ts
FN:53,(anonymous_0)
FNF:1
FNH:0
FNDA:0,(anonymous_0)
DA:16,7
DA:18,7
DA:24,7
DA:30,7
DA:31,7
DA:32,7
DA:37,7
DA:42,7
DA:43,7
DA:44,7
DA:45,7
DA:46,7
DA:47,7
DA:48,7
DA:53,7
DA:54,0
DA:60,7
LF:17
LH:16
BRF:0
BRH:0
end_of_record
TN:
SF:src\controller\auth.controller.ts
FN:15,(anonymous_0)
FNF:1
FNH:1
FNDA:125,(anonymous_0)
DA:16,125
DA:18,125
DA:21,125
DA:24,120
DA:33,120
DA:35,5
LF:6
LH:6
BRF:0
BRH:0
end_of_record
TN:
SF:src\controller\client.controller.ts
FN:20,(anonymous_0)
FN:39,(anonymous_1)
FN:83,(anonymous_2)
FN:130,(anonymous_3)
FN:152,(anonymous_4)
FNF:5
FNH:5
FNDA:2,(anonymous_0)
FNDA:10,(anonymous_1)
FNDA:2,(anonymous_2)
FNDA:2,(anonymous_3)
FNDA:1,(anonymous_4)
DA:21,2
DA:23,2
DA:26,2
DA:28,0
DA:40,10
DA:42,10
DA:45,10
DA:48,10
DA:49,9
DA:53,10
DA:56,9
DA:59,1
DA:62,1
DA:63,0
DA:64,0
DA:65,0
DA:68,0
DA:72,1
DA:84,2
DA:86,2
DA:89,2
DA:92,2
DA:95,2
DA:96,1
DA:100,2
DA:103,2
DA:106,0
DA:109,0
DA:110,0
DA:111,0
DA:112,0
DA:115,0
DA:119,0
DA:131,2
DA:133,2
DA:136,2
DA:139,1
DA:141,1
DA:153,1
DA:155,1
DA:158,1
DA:161,1
DA:163,0
LF:43
LH:30
BRDA:48,0,0,9
BRDA:48,0,1,1
BRDA:62,1,0,0
BRDA:62,1,1,1
BRDA:64,2,0,0
BRDA:64,2,1,0
BRDA:95,3,0,1
BRDA:95,3,1,1
BRDA:109,4,0,0
BRDA:109,4,1,0
BRDA:111,5,0,0
BRDA:111,5,1,0
BRF:12
BRH:5
end_of_record
TN:
SF:src\controller\contact.controller.ts
FN:18,(anonymous_0)
FN:40,(anonymous_1)
FN:65,(anonymous_2)
FN:87,(anonymous_3)
FNF:4
FNH:4
FNDA:5,(anonymous_0)
FNDA:4,(anonymous_1)
FNDA:2,(anonymous_2)
FNDA:2,(anonymous_3)
DA:19,5
DA:21,5
DA:24,5
DA:27,1
DA:29,4
DA:41,4
DA:43,4
DA:46,4
DA:49,4
DA:52,4
DA:54,0
DA:66,2
DA:68,2
DA:71,2
DA:74,1
DA:76,1
DA:88,2
DA:90,2
DA:93,2
DA:96,1
DA:98,1
LF:21
LH:20
BRF:0
BRH:0
end_of_record
TN:
SF:src\controller\guest.controller.ts
FNF:0
FNH:0
LF:0
LH:0
BRF:0
BRH:0
end_of_record
TN:
SF:src\controller\newsletter.controller.ts
FN:21,(anonymous_0)
FN:43,(anonymous_1)
FN:65,(anonymous_2)
FN:87,(anonymous_3)
FN:109,(anonymous_4)
FN:127,(anonymous_5)
FN:149,(anonymous_6)
FN:197,(anonymous_7)
FN:220,(anonymous_8)
FN:242,(anonymous_9)
FNF:10
FNH:10
FNDA:7,(anonymous_0)
FNDA:3,(anonymous_1)
FNDA:3,(anonymous_2)
FNDA:1,(anonymous_3)
FNDA:1,(anonymous_4)
FNDA:2,(anonymous_5)
FNDA:3,(anonymous_6)
FNDA:2,(anonymous_7)
FNDA:1,(anonymous_8)
FNDA:2,(anonymous_9)
DA:22,7
DA:24,7
DA:27,7
DA:30,2
DA:32,5
DA:44,3
DA:46,3
DA:49,3
DA:52,1
DA:54,2
DA:66,3
DA:68,3
DA:71,3
DA:74,1
DA:76,2
DA:88,1
DA:90,1
DA:93,1
DA:96,1
DA:98,0
DA:110,1
DA:112,1
DA:115,1
DA:118,1
DA:121,1
DA:123,0
DA:128,2
DA:130,2
DA:133,2
DA:136,1
DA:138,1
DA:150,3
DA:152,3
DA:155,3
DA:158,3
DA:161,3
DA:162,2
DA:166,3
DA:169,2
DA:172,1
DA:175,1
DA:176,0
DA:177,0
DA:178,0
DA:181,0
DA:185,1
DA:198,2
DA:200,2
DA:203,2
DA:206,1
DA:208,1
DA:221,1
DA:223,1
DA:226,1
DA:229,1
DA:231,0
DA:243,2
DA:245,2
DA:248,2
DA:251,2
DA:254,2
DA:257,2
DA:258,1
DA:262,2
DA:265,2
DA:267,0
LF:66
LH:58
BRDA:161,0,0,2
BRDA:161,0,1,1
BRDA:175,1,0,0
BRDA:175,1,1,1
BRDA:177,2,0,0
BRDA:177,2,1,0
BRDA:257,3,0,1
BRDA:257,3,1,1
BRF:8
BRH:5
end_of_record
TN:
SF:src\controller\portfolio.controller.ts
FN:20,(anonymous_0)
FN:39,(anonymous_1)
FN:61,(anonymous_2)
FN:79,(anonymous_3)
FN:100,(anonymous_4)
FN:122,(anonymous_5)
FN:168,(anonymous_6)
FN:205,(anonymous_7)
FNF:8
FNH:8
FNDA:2,(anonymous_0)
FNDA:3,(anonymous_1)
FNDA:5,(anonymous_2)
FNDA:2,(anonymous_3)
FNDA:2,(anonymous_4)
FNDA:7,(anonymous_5)
FNDA:2,(anonymous_6)
FNDA:2,(anonymous_7)
DA:21,2
DA:23,2
DA:26,2
DA:28,0
DA:40,3
DA:42,3
DA:45,3
DA:48,2
DA:50,1
DA:62,5
DA:64,5
DA:67,5
DA:70,5
DA:73,5
DA:75,0
DA:80,2
DA:82,2
DA:84,2
DA:87,1
DA:89,1
DA:101,2
DA:103,2
DA:106,2
DA:109,1
DA:111,1
DA:123,7
DA:125,7
DA:128,7
DA:131,7
DA:134,7
DA:135,7
DA:136,7
DA:137,7
DA:138,7
DA:139,7
DA:143,7
DA:146,6
DA:149,1
DA:152,1
DA:153,1
DA:154,1
DA:155,1
DA:156,1
DA:159,0
DA:164,1
DA:169,2
DA:171,2
DA:174,2
DA:177,2
DA:180,2
DA:181,1
DA:182,1
DA:183,1
DA:184,1
DA:185,1
DA:189,2
DA:192,1
DA:194,1
DA:206,2
DA:208,2
DA:211,2
DA:214,1
DA:216,1
LF:63
LH:60
BRDA:134,0,0,7
BRDA:134,0,1,0
BRDA:134,1,0,7
BRDA:134,1,1,7
BRDA:152,2,0,1
BRDA:152,2,1,0
BRDA:152,3,0,1
BRDA:152,3,1,1
BRDA:155,4,0,1
BRDA:155,4,1,0
BRDA:180,5,0,1
BRDA:180,5,1,1
BRDA:180,6,0,2
BRDA:180,6,1,1
BRF:14
BRH:11
end_of_record
TN:
SF:src\controller\super-admin.controller.ts
FN:18,(anonymous_0)
FN:33,(anonymous_1)
FN:51,(anonymous_2)
FN:53,(anonymous_3)
FNF:4
FNH:3
FNDA:4,(anonymous_0)
FNDA:1,(anonymous_1)
FNDA:0,(anonymous_2)
FNDA:2,(anonymous_3)
DA:19,4
DA:21,4
DA:24,4
DA:27,2
DA:29,2
DA:34,1
DA:36,1
DA:39,1
DA:42,1
DA:45,1
DA:47,0
DA:54,2
DA:56,2
DA:59,2
DA:62,1
DA:64,1
LF:16
LH:15
BRF:0
BRH:0
end_of_record
TN:
SF:src\controller\user.controller.ts
FN:19,(anonymous_0)
FN:42,(anonymous_1)
FN:73,(anonymous_2)
FN:99,(anonymous_3)
FN:122,(anonymous_4)
FN:156,(anonymous_5)
FN:179,(anonymous_6)
FN:205,(anonymous_7)
FN:228,(anonymous_8)
FNF:9
FNH:9
FNDA:1,(anonymous_0)
FNDA:1,(anonymous_1)
FNDA:1,(anonymous_2)
FNDA:1,(anonymous_3)
FNDA:2,(anonymous_4)
FNDA:1,(anonymous_5)
FNDA:1,(anonymous_6)
FNDA:2,(anonymous_7)
FNDA:3,(anonymous_8)
DA:20,1
DA:22,1
DA:25,1
DA:28,1
DA:30,0
DA:43,1
DA:45,1
DA:48,1
DA:51,1
DA:59,1
DA:61,0
DA:74,1
DA:76,1
DA:79,1
DA:82,1
DA:85,1
DA:87,0
DA:100,1
DA:102,1
DA:105,1
DA:108,1
DA:110,0
DA:123,2
DA:125,2
DA:128,2
DA:131,2
DA:134,2
DA:135,1
DA:139,2
DA:142,1
DA:144,1
DA:157,1
DA:159,1
DA:162,1
DA:165,1
DA:167,0
DA:180,1
DA:182,1
DA:185,1
DA:188,1
DA:191,1
DA:193,0
DA:206,2
DA:208,2
DA:211,2
DA:214,2
DA:216,0
DA:229,3
DA:231,3
DA:234,3
DA:237,3
DA:240,2
DA:242,1
LF:53
LH:46
BRDA:134,0,0,1
BRDA:134,0,1,1
BRF:2
BRH:2
end_of_record
TN:
SF:src\error\response.error.ts
FN:11,(anonymous_0)
FNF:1
FNH:1
FNDA:65,(anonymous_0)
DA:2,65
DA:3,65
DA:12,65
DA:13,65
LF:4
LH:4
BRDA:11,0,0,8
BRF:1
BRH:1
end_of_record
TN:
SF:src\helper\mailer.helper.ts
FNF:0
FNH:0
DA:5,7
DA:8,7
LF:2
LH:2
BRF:0
BRH:0
end_of_record
TN:
SF:src\middleware\auth.middleware.ts
FN:23,(anonymous_0)
FN:80,(anonymous_1)
FN:81,(anonymous_2)
FN:98,(anonymous_3)
FN:121,(anonymous_4)
FNF:5
FNH:5
FNDA:127,(anonymous_0)
FNDA:231,(anonymous_1)
FNDA:96,(anonymous_2)
FNDA:168,(anonymous_3)
FNDA:83,(anonymous_4)
DA:13,7
DA:24,127
DA:28,127
DA:29,0
DA:30,0
DA:32,127
DA:36,127
DA:38,30
DA:42,97
DA:45,97
DA:47,0
DA:51,97
DA:54,96
DA:57,96
DA:60,96
DA:62,0
DA:66,96
DA:69,96
DA:71,31
DA:81,231
DA:83,96
DA:85,0
DA:89,96
DA:121,168
DA:123,83
DA:125,63
DA:128,20
LF:27
LH:22
BRDA:28,0,0,0
BRDA:28,0,1,127
BRDA:36,1,0,30
BRDA:36,1,1,97
BRDA:45,2,0,0
BRDA:45,2,1,97
BRDA:60,3,0,0
BRDA:60,3,1,96
BRDA:83,4,0,0
BRDA:83,4,1,96
BRDA:123,5,0,63
BRDA:123,5,1,20
BRF:12
BRH:8
end_of_record
TN:
SF:src\middleware\error.middleware.ts
FN:8,(anonymous_0)
FN:12,(anonymous_1)
FNF:2
FNH:2
FNDA:87,(anonymous_0)
FNDA:48,(anonymous_1)
DA:9,87
DA:10,65
DA:11,22
DA:12,48
DA:13,1
DA:14,1
DA:16,0
LF:7
LH:6
BRDA:9,0,0,65
BRDA:9,0,1,22
BRDA:11,1,0,21
BRDA:11,1,1,1
BRDA:13,2,0,1
BRDA:13,2,1,0
BRF:6
BRH:5
end_of_record
TN:
SF:src\middleware\file-upload.middleware.ts
FN:11,(anonymous_0)
FN:13,(anonymous_1)
FN:20,(anonymous_2)
FN:33,(anonymous_3)
FN:44,(anonymous_4)
FN:65,(anonymous_5)
FN:76,(anonymous_6)
FNF:7
FNH:7
FNDA:49,(anonymous_0)
FNDA:31,(anonymous_1)
FNDA:31,(anonymous_2)
FNDA:35,(anonymous_3)
FNDA:14,(anonymous_4)
FNDA:14,(anonymous_5)
FNDA:18,(anonymous_6)
DA:12,49
DA:14,31
DA:15,31
DA:16,16
DA:18,31
DA:21,31
DA:22,31
DA:35,35
DA:36,3
DA:40,35
DA:45,14
DA:46,14
DA:48,0
DA:54,35
DA:67,14
DA:68,1
DA:72,14
DA:77,18
DA:78,17
DA:80,1
DA:86,14
LF:21
LH:20
BRDA:15,0,0,16
BRDA:15,0,1,15
BRDA:35,1,0,3
BRDA:35,1,1,32
BRDA:45,2,0,14
BRDA:45,2,1,0
BRDA:45,3,0,14
BRDA:45,3,1,13
BRDA:67,4,0,1
BRDA:67,4,1,13
BRDA:77,5,0,17
BRDA:77,5,1,1
BRDA:77,6,0,18
BRDA:77,6,1,18
BRF:14
BRH:13
end_of_record
TN:
SF:src\model\auth.model.ts
FN:24,toAuthResponse
FNF:1
FNH:1
FNDA:120,toAuthResponse
DA:25,120
LF:1
LH:1
BRF:0
BRH:0
end_of_record
TN:
SF:src\model\client.model.ts
FN:18,toClientResponse
FN:24,toClientsResponse
FN:25,(anonymous_2)
FNF:3
FNH:3
FNDA:12,toClientResponse
FNDA:3,toClientsResponse
FNDA:20,(anonymous_2)
DA:19,12
DA:25,3
DA:26,20
LF:3
LH:3
BRF:0
BRH:0
end_of_record
TN:
SF:src\model\contact.model.ts
FN:46,toContactResponse
FN:57,toContactsResponse
FN:58,(anonymous_2)
FN:71,toContactPaginationResponse
FNF:4
FNH:4
FNDA:3,toContactResponse
FNDA:4,toContactsResponse
FNDA:24,(anonymous_2)
FNDA:4,toContactPaginationResponse
DA:47,3
DA:58,4
DA:59,24
DA:72,4
LF:4
LH:4
BRF:0
BRH:0
end_of_record
TN:
SF:src\model\newsletter.model.ts
FN:47,toNewsletterJoinResponse
FN:54,toNewsletterResponse
FN:65,toNewslettersResponse
FN:66,(anonymous_3)
FNF:4
FNH:4
FNDA:3,toNewsletterJoinResponse
FNDA:7,toNewsletterResponse
FNDA:1,toNewslettersResponse
FNDA:5,(anonymous_3)
DA:48,3
DA:55,7
DA:66,1
DA:67,5
LF:4
LH:4
BRF:0
BRH:0
end_of_record
TN:
SF:src\model\portfolio.model.ts
FN:52,toPortfolioResponse
FN:70,toPortfoliosResponse
FN:71,(anonymous_2)
FN:96,toPortfolioPaginationResponse
FNF:4
FNH:4
FNDA:12,toPortfolioResponse
FNDA:7,toPortfoliosResponse
FNDA:43,(anonymous_2)
FNDA:5,toPortfolioPaginationResponse
DA:53,12
DA:71,7
DA:72,43
DA:97,5
LF:4
LH:4
BRF:0
BRH:0
end_of_record
TN:
SF:src\model\super-admin.model.ts
FN:47,toAdminResponse
FN:53,toAdminsResponse
FN:54,(anonymous_2)
FN:65,toAdminPaginationResponse
FNF:4
FNH:4
FNDA:3,toAdminResponse
FNDA:1,toAdminsResponse
FNDA:15,(anonymous_2)
FNDA:1,toAdminPaginationResponse
DA:48,3
DA:54,1
DA:55,15
DA:66,1
LF:4
LH:4
BRF:0
BRH:0
end_of_record
TN:
SF:src\model\user.model.ts
FN:63,toUserAddressResponse
FN:73,toUserResponse
FNF:2
FNH:2
FNDA:2,toUserAddressResponse
FNDA:9,toUserResponse
DA:64,2
DA:74,9
LF:2
LH:2
BRF:0
BRH:0
end_of_record
TN:
SF:src\route\auth.route.ts
FNF:0
FNH:0
DA:5,7
DA:7,7
LF:2
LH:2
BRF:0
BRH:0
end_of_record
TN:
SF:src\route\client.route.ts
FNF:0
FNH:0
DA:8,7
DA:10,7
DA:11,7
DA:12,7
DA:20,7
DA:28,7
LF:6
LH:6
BRF:0
BRH:0
end_of_record
TN:
SF:src\route\contact.route.ts
FNF:0
FNH:0
DA:7,7
DA:9,7
DA:11,7
DA:12,7
DA:13,7
LF:5
LH:5
BRF:0
BRH:0
end_of_record
TN:
SF:src\route\newsletter.route.ts
FNF:0
FNH:0
DA:7,7
DA:9,7
DA:10,7
DA:11,7
DA:12,7
DA:14,7
DA:15,7
DA:16,7
DA:17,7
DA:25,7
DA:33,7
LF:11
LH:11
BRF:0
BRH:0
end_of_record
TN:
SF:src\route\portfolio.route.ts
FNF:0
FNH:0
DA:8,7
DA:13,7
DA:14,7
DA:19,7
DA:20,7
DA:21,7
DA:22,7
DA:30,7
DA:38,7
LF:9
LH:9
BRF:0
BRH:0
end_of_record
TN:
SF:src\route\super-admin.route.ts
FNF:0
FNH:0
DA:6,7
DA:8,7
DA:9,7
DA:10,7
DA:11,7
LF:5
LH:5
BRF:0
BRH:0
end_of_record
TN:
SF:src\route\user.route.ts
FNF:0
FNH:0
DA:8,7
DA:10,7
DA:11,7
DA:12,7
DA:13,7
DA:14,7
DA:15,7
DA:16,7
DA:17,7
DA:18,7
LF:10
LH:10
BRF:0
BRH:0
end_of_record
TN:
SF:src\schema\auth.schema.ts
FNF:0
FNH:0
DA:6,7
LF:1
LH:1
BRF:0
BRH:0
end_of_record
TN:
SF:src\schema\client.schema.ts
FNF:0
FNH:0
DA:6,7
DA:16,7
DA:20,7
LF:3
LH:3
BRF:0
BRH:0
end_of_record
TN:
SF:src\schema\contact.schema.ts
FNF:0
FNH:0
DA:6,7
DA:18,7
DA:28,7
LF:3
LH:3
BRF:0
BRH:0
end_of_record
TN:
SF:src\schema\newsletter.schema.ts
FNF:0
FNH:0
DA:5,7
DA:11,7
DA:17,7
DA:21,7
DA:27,7
DA:39,7
LF:6
LH:6
BRF:0
BRH:0
end_of_record
TN:
SF:src\schema\portfolio.schema.ts
FNF:0
FNH:0
DA:6,7
DA:12,7
DA:36,7
DA:63,7
LF:4
LH:4
BRF:0
BRH:0
end_of_record
TN:
SF:src\schema\super-admin.schema.ts
FNF:0
FNH:0
DA:6,7
DA:25,7
DA:31,7
LF:3
LH:3
BRF:0
BRH:0
end_of_record
TN:
SF:src\schema\user.schema.ts
FNF:0
FNH:0
DA:6,7
DA:13,7
DA:20,7
DA:24,7
LF:4
LH:4
BRF:0
BRH:0
end_of_record
TN:
SF:src\schema\validation.ts
FN:10,(anonymous_0)
FNF:1
FNH:1
FNDA:220,(anonymous_0)
DA:11,220
LF:1
LH:1
BRF:0
BRH:0
end_of_record
TN:
SF:src\service\auth.service.ts
FN:22,(anonymous_0)
FNF:1
FNH:1
FNDA:125,(anonymous_0)
DA:24,125
DA:27,121
DA:30,121
DA:32,121
DA:35,121
DA:38,120
DA:41,120
LF:7
LH:7
BRDA:30,0,0,0
BRDA:30,0,1,121
BRDA:35,1,0,1
BRDA:35,1,1,120
BRF:4
BRH:3
end_of_record
TN:
SF:src\service\client.service.ts
FN:20,(anonymous_0)
FN:25,(anonymous_1)
FN:37,(anonymous_2)
FN:60,(anonymous_3)
FN:99,(anonymous_4)
FN:128,(anonymous_5)
FN:133,(anonymous_6)
FNF:7
FNH:7
FNDA:2,(anonymous_0)
FNDA:15,(anonymous_1)
FNDA:10,(anonymous_2)
FNDA:2,(anonymous_3)
FNDA:2,(anonymous_4)
FNDA:1,(anonymous_5)
FNDA:5,(anonymous_6)
DA:22,2
DA:25,15
DA:28,2
DA:39,10
DA:42,9
DA:50,9
DA:62,2
DA:65,2
DA:68,2
DA:71,2
DA:74,2
DA:75,1
DA:76,1
DA:81,2
DA:90,2
DA:101,2
DA:104,2
DA:107,2
DA:108,1
DA:112,1
DA:113,1
DA:117,1
DA:120,1
DA:130,1
DA:133,5
DA:136,1
LF:26
LH:26
BRDA:71,0,0,0
BRDA:71,0,1,2
BRDA:74,1,0,1
BRDA:74,1,1,1
BRDA:74,2,0,2
BRDA:74,2,1,1
BRDA:75,3,0,1
BRDA:75,3,1,0
BRDA:84,4,0,2
BRDA:84,4,1,1
BRDA:107,5,0,1
BRDA:107,5,1,1
BRDA:112,6,0,1
BRDA:112,6,1,0
BRF:14
BRH:11
end_of_record
TN:
SF:src\service\contact.service.ts
FN:19,(anonymous_0)
FN:44,(anonymous_1)
FN:82,(anonymous_2)
FN:102,(anonymous_3)
FNF:4
FNH:4
FNDA:5,(anonymous_0)
FNDA:4,(anonymous_1)
FNDA:2,(anonymous_2)
FNDA:2,(anonymous_3)
DA:21,5
DA:24,1
DA:27,1
DA:28,1
DA:29,1
DA:30,1
DA:31,1
DA:34,1
DA:46,4
DA:49,4
DA:52,4
DA:55,4
DA:58,4
DA:61,4
DA:70,4
DA:73,4
DA:84,2
DA:87,2
DA:90,2
DA:93,1
DA:104,2
DA:107,2
DA:110,2
DA:113,1
DA:115,1
DA:116,1
DA:117,1
DA:118,1
DA:119,1
DA:120,0
DA:124,1
LF:31
LH:30
BRDA:55,0,0,2
BRDA:55,0,1,2
BRDA:58,1,0,1
BRDA:58,1,1,3
BRDA:90,2,0,1
BRDA:90,2,1,1
BRDA:110,3,0,1
BRDA:110,3,1,1
BRDA:119,4,0,0
BRDA:119,4,1,1
BRF:10
BRH:9
end_of_record
TN:
SF:src\service\guest.service.ts
FNF:0
FNH:0
LF:0
LH:0
BRF:0
BRH:0
end_of_record
TN:
SF:src\service\newsletter.service.ts
FN:31,(anonymous_0)
FN:68,(anonymous_1)
FN:93,(anonymous_2)
FN:121,(anonymous_3)
FN:140,(anonymous_4)
FN:171,(anonymous_5)
FN:198,(anonymous_6)
FN:270,(anonymous_7)
FN:296,(anonymous_8)
FN:352,(anonymous_9)
FNF:10
FNH:10
FNDA:7,(anonymous_0)
FNDA:3,(anonymous_1)
FNDA:1,(anonymous_2)
FNDA:3,(anonymous_3)
FNDA:1,(anonymous_4)
FNDA:2,(anonymous_5)
FNDA:3,(anonymous_6)
FNDA:1,(anonymous_7)
FNDA:2,(anonymous_8)
FNDA:2,(anonymous_9)
DA:22,7
DA:33,7
DA:36,3
DA:39,3
DA:42,2
DA:45,2
DA:48,2
DA:51,2
DA:59,2
DA:70,3
DA:73,2
DA:78,2
DA:81,1
DA:84,1
DA:95,1
DA:98,1
DA:103,1
DA:106,1
DA:109,1
DA:112,1
DA:123,3
DA:126,2
DA:131,2
DA:134,1
DA:137,1
DA:142,1
DA:145,1
DA:150,1
DA:153,1
DA:156,1
DA:159,1
DA:168,1
DA:173,2
DA:176,2
DA:184,2
DA:187,1
DA:200,3
DA:203,2
DA:206,2
DA:221,2
DA:223,1
DA:226,1
DA:229,1
DA:232,1
DA:235,1
DA:238,1
DA:240,2
DA:243,2
DA:253,2
DA:254,2
DA:255,2
DA:256,2
DA:257,2
DA:258,2
DA:261,2
DA:272,1
DA:275,1
DA:278,1
DA:281,1
DA:282,1
DA:285,1
DA:298,2
DA:301,2
DA:304,2
DA:307,2
DA:310,2
DA:311,1
DA:312,1
DA:313,0
DA:315,1
DA:320,2
DA:336,2
DA:337,2
DA:338,2
DA:339,2
DA:340,2
DA:343,2
DA:354,2
DA:357,2
DA:360,2
DA:363,1
DA:364,1
DA:365,0
DA:367,1
DA:368,1
DA:370,0
DA:375,1
DA:378,1
DA:379,1
DA:380,1
DA:381,1
DA:382,1
DA:385,1
LF:93
LH:90
BRDA:39,0,0,1
BRDA:39,0,1,2
BRDA:78,1,0,1
BRDA:78,1,1,1
BRDA:103,2,0,0
BRDA:103,2,1,1
BRDA:131,3,0,1
BRDA:131,3,1,1
BRDA:150,4,0,0
BRDA:150,4,1,1
BRDA:153,5,0,0
BRDA:153,5,1,1
BRDA:156,6,0,0
BRDA:156,6,1,1
BRDA:184,7,0,1
BRDA:184,7,1,1
BRDA:203,8,0,1
BRDA:203,8,1,1
BRDA:221,9,0,1
BRDA:221,9,1,1
BRDA:278,10,0,0
BRDA:278,10,1,1
BRDA:307,11,0,0
BRDA:307,11,1,2
BRDA:310,12,0,1
BRDA:310,12,1,1
BRDA:310,13,0,2
BRDA:310,13,1,1
BRDA:325,14,0,2
BRDA:325,14,1,1
BRDA:360,15,0,1
BRDA:360,15,1,1
BRDA:367,16,0,1
BRDA:367,16,1,0
BRF:34
BRH:27
end_of_record
TN:
SF:src\service\portfolio.service.ts
FN:21,(anonymous_0)
FN:26,(anonymous_1)
FN:43,(anonymous_2)
FN:72,(anonymous_3)
FN:104,(anonymous_4)
FN:124,(anonymous_5)
FN:144,(anonymous_6)
FN:158,(anonymous_7)
FN:255,(anonymous_8)
FN:305,(anonymous_9)
FNF:10
FNH:10
FNDA:2,(anonymous_0)
FNDA:10,(anonymous_1)
FNDA:3,(anonymous_2)
FNDA:5,(anonymous_3)
FNDA:33,(anonymous_4)
FNDA:2,(anonymous_5)
FNDA:2,(anonymous_6)
FNDA:2,(anonymous_7)
FNDA:7,(anonymous_8)
FNDA:2,(anonymous_9)
DA:23,2
DA:26,2
DA:27,10
DA:28,10
DA:29,10
DA:30,10
DA:34,2
DA:45,3
DA:48,3
DA:51,3
DA:54,2
DA:56,2
DA:57,2
DA:58,2
DA:59,2
DA:62,2
DA:74,5
DA:77,5
DA:80,5
DA:85,5
DA:88,5
DA:91,5
DA:104,5
DA:105,33
DA:106,33
DA:107,33
DA:108,33
DA:112,5
DA:115,5
DA:126,2
DA:129,2
DA:132,2
DA:135,1
DA:136,1
DA:137,1
DA:138,1
DA:141,1
DA:146,2
DA:149,2
DA:152,2
DA:155,1
DA:160,2
DA:163,2
DA:166,1
DA:169,1
DA:172,1
DA:173,1
DA:174,1
DA:175,0
DA:177,1
DA:180,1
DA:181,1
DA:182,1
DA:183,0
DA:185,1
DA:188,1
DA:189,1
DA:190,1
DA:191,0
DA:193,1
DA:196,1
DA:197,1
DA:198,1
DA:199,0
DA:201,1
DA:204,1
DA:205,1
DA:206,1
DA:207,0
DA:209,1
DA:214,1
DA:233,1
DA:234,1
DA:235,1
DA:237,1
DA:238,1
DA:239,1
DA:240,1
DA:241,1
DA:244,1
DA:257,7
DA:260,6
DA:263,6
DA:266,6
DA:285,6
DA:286,6
DA:287,6
DA:289,6
DA:290,6
DA:291,6
DA:292,6
DA:293,6
DA:296,6
DA:307,2
DA:310,2
DA:313,2
DA:316,1
DA:317,1
DA:318,1
DA:319,0
DA:321,1
DA:324,1
DA:325,1
DA:326,1
DA:327,0
DA:329,1
DA:332,1
DA:333,1
DA:334,1
DA:335,0
DA:337,1
DA:340,1
DA:341,1
DA:342,1
DA:343,0
DA:345,1
DA:348,1
DA:349,1
DA:350,1
DA:351,0
DA:353,1
DA:358,1
DA:361,1
DA:362,1
DA:363,1
DA:365,1
DA:366,1
DA:367,1
DA:368,1
DA:369,1
DA:372,1
LF:131
LH:121
BRDA:51,0,0,1
BRDA:51,0,1,2
BRDA:56,1,0,1
BRDA:56,1,1,1
BRDA:57,2,0,1
BRDA:57,2,1,1
BRDA:58,3,0,1
BRDA:58,3,1,1
BRDA:59,4,0,1
BRDA:59,4,1,1
BRDA:85,5,0,0
BRDA:85,5,1,5
BRDA:88,6,0,2
BRDA:88,6,1,3
BRDA:132,7,0,1
BRDA:132,7,1,1
BRDA:135,8,0,1
BRDA:135,8,1,0
BRDA:136,9,0,1
BRDA:136,9,1,0
BRDA:137,10,0,1
BRDA:137,10,1,0
BRDA:138,11,0,1
BRDA:138,11,1,0
BRDA:152,12,0,1
BRDA:152,12,1,1
BRDA:169,13,0,0
BRDA:169,13,1,1
BRDA:172,14,0,1
BRDA:172,14,1,0
BRDA:180,15,0,1
BRDA:180,15,1,0
BRDA:188,16,0,1
BRDA:188,16,1,0
BRDA:196,17,0,1
BRDA:196,17,1,0
BRDA:204,18,0,1
BRDA:204,18,1,0
BRDA:219,19,0,1
BRDA:219,19,1,1
BRDA:220,20,0,1
BRDA:220,20,1,1
BRDA:221,21,0,1
BRDA:221,21,1,1
BRDA:222,22,0,1
BRDA:222,22,1,1
BRDA:223,23,0,1
BRDA:223,23,1,1
BRDA:234,24,0,1
BRDA:234,24,1,0
BRDA:263,25,0,0
BRDA:263,25,1,6
BRDA:269,26,0,6
BRDA:269,26,1,0
BRDA:274,27,0,6
BRDA:274,27,1,2
BRDA:275,28,0,6
BRDA:275,28,1,3
BRDA:276,29,0,6
BRDA:276,29,1,4
BRDA:277,30,0,6
BRDA:277,30,1,5
BRDA:286,31,0,6
BRDA:286,31,1,0
BRDA:313,32,0,1
BRDA:313,32,1,1
BRDA:316,33,0,1
BRDA:316,33,1,0
BRDA:324,34,0,1
BRDA:324,34,1,0
BRDA:332,35,0,1
BRDA:332,35,1,0
BRDA:340,36,0,1
BRDA:340,36,1,0
BRDA:348,37,0,1
BRDA:348,37,1,0
BRDA:362,38,0,1
BRDA:362,38,1,0
BRF:78
BRH:57
end_of_record
TN:
SF:src\service\super-admin.service.ts
FN:15,(anonymous_0)
FN:77,(anonymous_1)
FN:113,(anonymous_2)
FN:146,(anonymous_3)
FNF:4
FNH:3
FNDA:4,(anonymous_0)
FNDA:1,(anonymous_1)
FNDA:2,(anonymous_2)
FNDA:0,(anonymous_3)
DA:17,4
DA:20,3
DA:23,3
DA:26,2
DA:74,2
DA:79,1
DA:82,1
DA:85,1
DA:90,1
DA:91,0
DA:95,1
DA:96,0
DA:100,1
DA:108,1
DA:110,1
DA:115,2
DA:118,2
DA:125,2
DA:128,1
DA:129,1
DA:130,1
DA:133,1
DA:136,1
DA:140,1
DA:143,1
DA:148,0
DA:151,0
LF:27
LH:23
BRDA:23,0,0,1
BRDA:23,0,1,2
BRDA:37,1,0,2
BRDA:37,1,1,1
BRDA:38,2,0,2
BRDA:38,2,1,1
BRDA:39,3,0,2
BRDA:39,3,1,1
BRDA:90,4,0,0
BRDA:90,4,1,1
BRDA:95,5,0,0
BRDA:95,5,1,1
BRDA:125,6,0,1
BRDA:125,6,1,1
BRF:14
BRH:12
end_of_record
TN:
SF:src\service\user.service.ts
FN:20,(anonymous_0)
FN:37,(anonymous_1)
FN:59,(anonymous_2)
FN:84,(anonymous_3)
FN:125,(anonymous_4)
FN:145,(anonymous_5)
FN:182,(anonymous_6)
FN:214,(anonymous_7)
FN:235,(anonymous_8)
FNF:9
FNH:9
FNDA:1,(anonymous_0)
FNDA:1,(anonymous_1)
FNDA:1,(anonymous_2)
FNDA:2,(anonymous_3)
FNDA:1,(anonymous_4)
FNDA:1,(anonymous_5)
FNDA:1,(anonymous_6)
FNDA:2,(anonymous_7)
FNDA:3,(anonymous_8)
DA:22,1
DA:25,1
DA:28,1
DA:39,1
DA:42,1
DA:43,1
DA:44,1
DA:45,1
DA:46,1
DA:47,1
DA:50,1
DA:61,1
DA:64,1
DA:65,1
DA:66,1
DA:67,1
DA:68,1
DA:69,1
DA:70,1
DA:73,1
DA:86,2
DA:89,1
DA:92,1
DA:93,0
DA:94,0
DA:95,0
DA:100,1
DA:107,1
DA:108,1
DA:109,1
DA:110,1
DA:111,1
DA:112,1
DA:113,1
DA:116,1
DA:127,1
DA:130,1
DA:131,1
DA:132,1
DA:135,1
DA:147,1
DA:150,1
DA:164,1
DA:165,1
DA:166,1
DA:167,1
DA:168,1
DA:169,1
DA:170,1
DA:172,1
DA:184,1
DA:187,1
DA:196,1
DA:197,1
DA:198,1
DA:199,1
DA:200,1
DA:201,1
DA:202,1
DA:205,1
DA:216,2
DA:225,2
DA:237,3
DA:240,2
DA:260,2
DA:261,2
DA:262,2
DA:263,2
DA:264,2
DA:265,2
DA:266,2
DA:268,2
LF:72
LH:69
BRDA:92,0,0,0
BRDA:92,0,1,1
BRDA:92,1,0,1
BRDA:92,1,1,1
BRDA:94,2,0,0
BRDA:94,2,1,0
BRF:6
BRH:3
end_of_record
TN:
SF:src\types\user.type.ts
FNF:0
FNH:0
LF:0
LH:0
BRF:0
BRH:0
end_of_record
