TN:
SF:src\application\database.ts
FN:26,(anonymous_0)
FN:30,(anonymous_1)
FN:34,(anonymous_2)
FN:38,(anonymous_3)
FNF:4
FNH:2
FNDA:1,(anonymous_0)
FNDA:330,(anonymous_1)
FNDA:0,(anonymous_2)
FNDA:0,(anonymous_3)
DA:5,1
DA:26,1
DA:27,1
DA:30,1
DA:31,330
DA:34,1
DA:35,0
DA:38,1
DA:39,0
LF:9
LH:7
BRF:0
BRH:0
end_of_record
TN:
SF:src\application\log.ts
FN:15,(anonymous_0)
FNF:1
FNH:1
FNDA:331,(anonymous_0)
DA:4,1
DA:13,1
DA:15,331
LF:3
LH:3
BRF:0
BRH:0
end_of_record
TN:
SF:src\application\web.ts
FN:51,(anonymous_0)
FNF:1
FNH:0
FNDA:0,(anonymous_0)
DA:15,1
DA:17,1
DA:23,1
DA:29,1
DA:30,1
DA:31,1
DA:36,1
DA:41,1
DA:42,1
DA:43,1
DA:44,1
DA:45,1
DA:46,1
DA:51,1
DA:52,0
DA:58,1
LF:16
LH:15
BRF:0
BRH:0
end_of_record
TN:
SF:src\controller\auth.controller.ts
FN:15,(anonymous_0)
FNF:1
FNH:1
FNDA:14,(anonymous_0)
DA:16,14
DA:18,14
DA:21,14
DA:24,14
DA:33,14
DA:35,0
LF:6
LH:5
BRF:0
BRH:0
end_of_record
TN:
SF:src\controller\client.controller.ts
FN:20,(anonymous_0)
FN:39,(anonymous_1)
FN:83,(anonymous_2)
FN:130,(anonymous_3)
FN:152,(anonymous_4)
FNF:5
FNH:0
FNDA:0,(anonymous_0)
FNDA:0,(anonymous_1)
FNDA:0,(anonymous_2)
FNDA:0,(anonymous_3)
FNDA:0,(anonymous_4)
DA:21,0
DA:23,0
DA:26,0
DA:28,0
DA:40,0
DA:42,0
DA:45,0
DA:48,0
DA:49,0
DA:53,0
DA:56,0
DA:59,0
DA:62,0
DA:63,0
DA:64,0
DA:65,0
DA:68,0
DA:72,0
DA:84,0
DA:86,0
DA:89,0
DA:92,0
DA:95,0
DA:96,0
DA:100,0
DA:103,0
DA:106,0
DA:109,0
DA:110,0
DA:111,0
DA:112,0
DA:115,0
DA:119,0
DA:131,0
DA:133,0
DA:136,0
DA:139,0
DA:141,0
DA:153,0
DA:155,0
DA:158,0
DA:161,0
DA:163,0
LF:43
LH:0
BRDA:48,0,0,0
BRDA:48,0,1,0
BRDA:62,1,0,0
BRDA:62,1,1,0
BRDA:64,2,0,0
BRDA:64,2,1,0
BRDA:95,3,0,0
BRDA:95,3,1,0
BRDA:109,4,0,0
BRDA:109,4,1,0
BRDA:111,5,0,0
BRDA:111,5,1,0
BRF:12
BRH:0
end_of_record
TN:
SF:src\controller\contact.controller.ts
FN:18,(anonymous_0)
FN:40,(anonymous_1)
FN:65,(anonymous_2)
FN:87,(anonymous_3)
FNF:4
FNH:0
FNDA:0,(anonymous_0)
FNDA:0,(anonymous_1)
FNDA:0,(anonymous_2)
FNDA:0,(anonymous_3)
DA:19,0
DA:21,0
DA:24,0
DA:27,0
DA:29,0
DA:41,0
DA:43,0
DA:46,0
DA:49,0
DA:52,0
DA:54,0
DA:66,0
DA:68,0
DA:71,0
DA:74,0
DA:76,0
DA:88,0
DA:90,0
DA:93,0
DA:96,0
DA:98,0
LF:21
LH:0
BRF:0
BRH:0
end_of_record
TN:
SF:src\controller\newsletter.controller.ts
FN:21,(anonymous_0)
FN:43,(anonymous_1)
FN:65,(anonymous_2)
FN:87,(anonymous_3)
FN:109,(anonymous_4)
FN:127,(anonymous_5)
FN:149,(anonymous_6)
FN:197,(anonymous_7)
FN:220,(anonymous_8)
FN:242,(anonymous_9)
FNF:10
FNH:0
FNDA:0,(anonymous_0)
FNDA:0,(anonymous_1)
FNDA:0,(anonymous_2)
FNDA:0,(anonymous_3)
FNDA:0,(anonymous_4)
FNDA:0,(anonymous_5)
FNDA:0,(anonymous_6)
FNDA:0,(anonymous_7)
FNDA:0,(anonymous_8)
FNDA:0,(anonymous_9)
DA:22,0
DA:24,0
DA:27,0
DA:30,0
DA:32,0
DA:44,0
DA:46,0
DA:49,0
DA:52,0
DA:54,0
DA:66,0
DA:68,0
DA:71,0
DA:74,0
DA:76,0
DA:88,0
DA:90,0
DA:93,0
DA:96,0
DA:98,0
DA:110,0
DA:112,0
DA:115,0
DA:118,0
DA:121,0
DA:123,0
DA:128,0
DA:130,0
DA:133,0
DA:136,0
DA:138,0
DA:150,0
DA:152,0
DA:155,0
DA:158,0
DA:161,0
DA:162,0
DA:166,0
DA:169,0
DA:172,0
DA:175,0
DA:176,0
DA:177,0
DA:178,0
DA:181,0
DA:185,0
DA:198,0
DA:200,0
DA:203,0
DA:206,0
DA:208,0
DA:221,0
DA:223,0
DA:226,0
DA:229,0
DA:231,0
DA:243,0
DA:245,0
DA:248,0
DA:251,0
DA:254,0
DA:257,0
DA:258,0
DA:262,0
DA:265,0
DA:267,0
LF:66
LH:0
BRDA:161,0,0,0
BRDA:161,0,1,0
BRDA:175,1,0,0
BRDA:175,1,1,0
BRDA:177,2,0,0
BRDA:177,2,1,0
BRDA:257,3,0,0
BRDA:257,3,1,0
BRF:8
BRH:0
end_of_record
TN:
SF:src\controller\portfolio.controller.ts
FN:20,(anonymous_0)
FN:39,(anonymous_1)
FN:61,(anonymous_2)
FN:79,(anonymous_3)
FN:100,(anonymous_4)
FN:122,(anonymous_5)
FN:168,(anonymous_6)
FN:205,(anonymous_7)
FNF:8
FNH:0
FNDA:0,(anonymous_0)
FNDA:0,(anonymous_1)
FNDA:0,(anonymous_2)
FNDA:0,(anonymous_3)
FNDA:0,(anonymous_4)
FNDA:0,(anonymous_5)
FNDA:0,(anonymous_6)
FNDA:0,(anonymous_7)
DA:21,0
DA:23,0
DA:26,0
DA:28,0
DA:40,0
DA:42,0
DA:45,0
DA:48,0
DA:50,0
DA:62,0
DA:64,0
DA:67,0
DA:70,0
DA:73,0
DA:75,0
DA:80,0
DA:82,0
DA:84,0
DA:87,0
DA:89,0
DA:101,0
DA:103,0
DA:106,0
DA:109,0
DA:111,0
DA:123,0
DA:125,0
DA:128,0
DA:131,0
DA:134,0
DA:135,0
DA:136,0
DA:137,0
DA:138,0
DA:139,0
DA:143,0
DA:146,0
DA:149,0
DA:152,0
DA:153,0
DA:154,0
DA:155,0
DA:156,0
DA:159,0
DA:164,0
DA:169,0
DA:171,0
DA:174,0
DA:177,0
DA:180,0
DA:181,0
DA:182,0
DA:183,0
DA:184,0
DA:185,0
DA:189,0
DA:192,0
DA:194,0
DA:206,0
DA:208,0
DA:211,0
DA:214,0
DA:216,0
LF:63
LH:0
BRDA:134,0,0,0
BRDA:134,0,1,0
BRDA:134,1,0,0
BRDA:134,1,1,0
BRDA:152,2,0,0
BRDA:152,2,1,0
BRDA:152,3,0,0
BRDA:152,3,1,0
BRDA:155,4,0,0
BRDA:155,4,1,0
BRDA:180,5,0,0
BRDA:180,5,1,0
BRDA:180,6,0,0
BRDA:180,6,1,0
BRF:14
BRH:0
end_of_record
TN:
SF:src\controller\user.controller.ts
FN:19,(anonymous_0)
FN:42,(anonymous_1)
FN:73,(anonymous_2)
FN:91,(anonymous_3)
FN:106,(anonymous_4)
FN:132,(anonymous_5)
FN:147,(anonymous_6)
FN:165,(anonymous_7)
FNF:8
FNH:7
FNDA:1,(anonymous_0)
FNDA:1,(anonymous_1)
FNDA:1,(anonymous_2)
FNDA:1,(anonymous_3)
FNDA:2,(anonymous_4)
FNDA:1,(anonymous_5)
FNDA:1,(anonymous_6)
FNDA:0,(anonymous_7)
DA:20,1
DA:22,1
DA:25,1
DA:28,1
DA:30,0
DA:43,1
DA:45,1
DA:48,1
DA:51,1
DA:59,1
DA:61,0
DA:74,1
DA:76,1
DA:79,1
DA:82,1
DA:85,1
DA:87,0
DA:92,1
DA:94,1
DA:97,1
DA:100,1
DA:102,0
DA:107,2
DA:109,2
DA:112,2
DA:115,2
DA:118,2
DA:119,1
DA:123,2
DA:126,1
DA:128,1
DA:133,1
DA:135,1
DA:138,1
DA:141,1
DA:143,0
DA:148,1
DA:150,1
DA:153,1
DA:156,1
DA:159,1
DA:161,0
LF:42
LH:36
BRDA:118,0,0,1
BRDA:118,0,1,1
BRF:2
BRH:2
end_of_record
TN:
SF:src\error\response.error.ts
FN:11,(anonymous_0)
FNF:1
FNH:1
FNDA:6,(anonymous_0)
DA:2,6
DA:3,6
DA:12,6
DA:13,6
LF:4
LH:4
BRDA:11,0,0,0
BRF:1
BRH:0
end_of_record
TN:
SF:src\helper\mailer.helper.ts
FNF:0
FNH:0
DA:5,1
DA:8,1
LF:2
LH:2
BRF:0
BRH:0
end_of_record
TN:
SF:src\middleware\auth.middleware.ts
FN:23,(anonymous_0)
FN:80,(anonymous_1)
FN:81,(anonymous_2)
FN:98,(anonymous_3)
FN:121,(anonymous_4)
FNF:5
FNH:4
FNDA:14,(anonymous_0)
FNDA:27,(anonymous_1)
FNDA:8,(anonymous_2)
FNDA:20,(anonymous_3)
FNDA:0,(anonymous_4)
DA:13,1
DA:24,14
DA:28,14
DA:29,0
DA:30,0
DA:32,14
DA:36,14
DA:38,6
DA:42,8
DA:45,8
DA:47,0
DA:51,8
DA:54,8
DA:57,8
DA:60,8
DA:62,0
DA:66,8
DA:69,8
DA:71,6
DA:81,27
DA:83,8
DA:85,0
DA:89,8
DA:121,20
DA:123,0
DA:125,0
DA:128,0
LF:27
LH:19
BRDA:28,0,0,0
BRDA:28,0,1,14
BRDA:36,1,0,6
BRDA:36,1,1,8
BRDA:45,2,0,0
BRDA:45,2,1,8
BRDA:60,3,0,0
BRDA:60,3,1,8
BRDA:83,4,0,0
BRDA:83,4,1,8
BRDA:123,5,0,0
BRDA:123,5,1,0
BRF:12
BRH:6
end_of_record
TN:
SF:src\middleware\error.middleware.ts
FN:8,(anonymous_0)
FN:12,(anonymous_1)
FNF:2
FNH:2
FNDA:7,(anonymous_0)
FNDA:1,(anonymous_1)
DA:9,7
DA:10,6
DA:11,1
DA:12,1
DA:13,0
DA:14,0
DA:16,0
LF:7
LH:4
BRDA:9,0,0,6
BRDA:9,0,1,1
BRDA:11,1,0,1
BRDA:11,1,1,0
BRDA:13,2,0,0
BRDA:13,2,1,0
BRF:6
BRH:3
end_of_record
TN:
SF:src\middleware\file-upload.middleware.ts
FN:11,(anonymous_0)
FN:13,(anonymous_1)
FN:20,(anonymous_2)
FN:33,(anonymous_3)
FN:44,(anonymous_4)
FN:65,(anonymous_5)
FN:76,(anonymous_6)
FNF:7
FNH:6
FNDA:7,(anonymous_0)
FNDA:1,(anonymous_1)
FNDA:1,(anonymous_2)
FNDA:5,(anonymous_3)
FNDA:1,(anonymous_4)
FNDA:2,(anonymous_5)
FNDA:0,(anonymous_6)
DA:12,7
DA:14,1
DA:15,1
DA:16,0
DA:18,1
DA:21,1
DA:22,1
DA:35,5
DA:36,1
DA:40,5
DA:45,1
DA:46,1
DA:48,0
DA:54,5
DA:67,2
DA:68,0
DA:72,2
DA:77,0
DA:78,0
DA:80,0
DA:86,2
LF:21
LH:15
BRDA:15,0,0,0
BRDA:15,0,1,1
BRDA:35,1,0,1
BRDA:35,1,1,4
BRDA:45,2,0,1
BRDA:45,2,1,0
BRDA:45,3,0,1
BRDA:45,3,1,1
BRDA:67,4,0,0
BRDA:67,4,1,2
BRDA:77,5,0,0
BRDA:77,5,1,0
BRDA:77,6,0,0
BRDA:77,6,1,0
BRF:14
BRH:7
end_of_record
TN:
SF:src\model\auth.model.ts
FN:24,toAuthResponse
FNF:1
FNH:1
FNDA:14,toAuthResponse
DA:25,14
LF:1
LH:1
BRF:0
BRH:0
end_of_record
TN:
SF:src\model\client.model.ts
FN:18,toClientResponse
FN:24,toClientsResponse
FN:25,(anonymous_2)
FNF:3
FNH:0
FNDA:0,toClientResponse
FNDA:0,toClientsResponse
FNDA:0,(anonymous_2)
DA:19,0
DA:25,0
DA:26,0
LF:3
LH:0
BRF:0
BRH:0
end_of_record
TN:
SF:src\model\contact.model.ts
FN:46,toContactResponse
FN:57,toContactsResponse
FN:58,(anonymous_2)
FN:71,toContactPaginationResponse
FNF:4
FNH:0
FNDA:0,toContactResponse
FNDA:0,toContactsResponse
FNDA:0,(anonymous_2)
FNDA:0,toContactPaginationResponse
DA:47,0
DA:58,0
DA:59,0
DA:72,0
LF:4
LH:0
BRF:0
BRH:0
end_of_record
TN:
SF:src\model\newsletter.model.ts
FN:47,toNewsletterJoinResponse
FN:54,toNewsletterResponse
FN:65,toNewslettersResponse
FN:66,(anonymous_3)
FNF:4
FNH:0
FNDA:0,toNewsletterJoinResponse
FNDA:0,toNewsletterResponse
FNDA:0,toNewslettersResponse
FNDA:0,(anonymous_3)
DA:48,0
DA:55,0
DA:66,0
DA:67,0
LF:4
LH:0
BRF:0
BRH:0
end_of_record
TN:
SF:src\model\portfolio.model.ts
FN:52,toPortfolioResponse
FN:70,toPortfoliosResponse
FN:71,(anonymous_2)
FN:96,toPortfolioPaginationResponse
FNF:4
FNH:0
FNDA:0,toPortfolioResponse
FNDA:0,toPortfoliosResponse
FNDA:0,(anonymous_2)
FNDA:0,toPortfolioPaginationResponse
DA:53,0
DA:71,0
DA:72,0
DA:97,0
LF:4
LH:0
BRF:0
BRH:0
end_of_record
TN:
SF:src\model\super-admin.model.ts
FN:21,toAdminRegisterResponse
FNF:1
FNH:0
FNDA:0,toAdminRegisterResponse
DA:22,0
LF:1
LH:0
BRF:0
BRH:0
end_of_record
TN:
SF:src\model\user.model.ts
FN:65,toUserNavigationResponse
FN:72,toUserPermissionResponse
FN:103,toUserResponse
FNF:3
FNH:1
FNDA:0,toUserNavigationResponse
FNDA:0,toUserPermissionResponse
FNDA:7,toUserResponse
DA:66,0
DA:73,0
DA:104,7
LF:3
LH:1
BRF:0
BRH:0
end_of_record
TN:
SF:src\route\auth.route.ts
FNF:0
FNH:0
DA:5,1
DA:7,1
LF:2
LH:2
BRF:0
BRH:0
end_of_record
TN:
SF:src\route\client.route.ts
FNF:0
FNH:0
DA:8,1
DA:10,1
DA:11,1
DA:12,1
DA:20,1
DA:28,1
LF:6
LH:6
BRF:0
BRH:0
end_of_record
TN:
SF:src\route\contact.route.ts
FNF:0
FNH:0
DA:7,1
DA:9,1
DA:11,1
DA:12,1
DA:13,1
LF:5
LH:5
BRF:0
BRH:0
end_of_record
TN:
SF:src\route\newsletter.route.ts
FNF:0
FNH:0
DA:7,1
DA:9,1
DA:10,1
DA:11,1
DA:12,1
DA:14,1
DA:15,1
DA:16,1
DA:17,1
DA:25,1
DA:33,1
LF:11
LH:11
BRF:0
BRH:0
end_of_record
TN:
SF:src\route\portfolio.route.ts
FNF:0
FNH:0
DA:8,1
DA:13,1
DA:14,1
DA:19,1
DA:20,1
DA:21,1
DA:22,1
DA:30,1
DA:38,1
LF:9
LH:9
BRF:0
BRH:0
end_of_record
TN:
SF:src\route\super-admin.route.ts
FNF:0
FNH:0
LF:0
LH:0
BRF:0
BRH:0
end_of_record
TN:
SF:src\route\user.route.ts
FNF:0
FNH:0
DA:8,1
DA:10,1
DA:11,1
DA:12,1
DA:15,1
DA:16,1
DA:17,1
DA:20,1
LF:8
LH:8
BRF:0
BRH:0
end_of_record
TN:
SF:src\schema\auth.schema.ts
FNF:0
FNH:0
DA:6,1
LF:1
LH:1
BRF:0
BRH:0
end_of_record
TN:
SF:src\schema\client.schema.ts
FNF:0
FNH:0
DA:6,1
DA:16,1
DA:20,1
LF:3
LH:3
BRF:0
BRH:0
end_of_record
TN:
SF:src\schema\contact.schema.ts
FNF:0
FNH:0
DA:6,1
DA:18,1
DA:28,1
LF:3
LH:3
BRF:0
BRH:0
end_of_record
TN:
SF:src\schema\newsletter.schema.ts
FNF:0
FNH:0
DA:5,1
DA:11,1
DA:17,1
DA:21,1
DA:27,1
DA:39,1
LF:6
LH:6
BRF:0
BRH:0
end_of_record
TN:
SF:src\schema\portfolio.schema.ts
FNF:0
FNH:0
DA:6,1
DA:12,1
DA:36,1
DA:63,1
LF:4
LH:4
BRF:0
BRH:0
end_of_record
TN:
SF:src\schema\super-admin.schema.ts
FNF:0
FNH:0
DA:6,0
LF:1
LH:0
BRF:0
BRH:0
end_of_record
TN:
SF:src\schema\user.schema.ts
FNF:0
FNH:0
DA:6,1
DA:21,1
DA:28,1
DA:35,1
LF:4
LH:4
BRF:0
BRH:0
end_of_record
TN:
SF:src\schema\validation.ts
FN:10,(anonymous_0)
FNF:1
FNH:1
FNDA:18,(anonymous_0)
DA:11,18
LF:1
LH:1
BRF:0
BRH:0
end_of_record
TN:
SF:src\service\auth.service.ts
FN:22,(anonymous_0)
FNF:1
FNH:1
FNDA:14,(anonymous_0)
DA:24,14
DA:27,14
DA:30,14
DA:32,14
DA:35,14
DA:38,14
DA:41,14
LF:7
LH:7
BRDA:30,0,0,0
BRDA:30,0,1,14
BRDA:35,1,0,0
BRDA:35,1,1,14
BRF:4
BRH:2
end_of_record
TN:
SF:src\service\client.service.ts
FN:20,(anonymous_0)
FN:25,(anonymous_1)
FN:37,(anonymous_2)
FN:60,(anonymous_3)
FN:99,(anonymous_4)
FN:128,(anonymous_5)
FN:133,(anonymous_6)
FNF:7
FNH:0
FNDA:0,(anonymous_0)
FNDA:0,(anonymous_1)
FNDA:0,(anonymous_2)
FNDA:0,(anonymous_3)
FNDA:0,(anonymous_4)
FNDA:0,(anonymous_5)
FNDA:0,(anonymous_6)
DA:22,0
DA:25,0
DA:28,0
DA:39,0
DA:42,0
DA:50,0
DA:62,0
DA:65,0
DA:68,0
DA:71,0
DA:74,0
DA:75,0
DA:76,0
DA:81,0
DA:90,0
DA:101,0
DA:104,0
DA:107,0
DA:108,0
DA:112,0
DA:113,0
DA:117,0
DA:120,0
DA:130,0
DA:133,0
DA:136,0
LF:26
LH:0
BRDA:71,0,0,0
BRDA:71,0,1,0
BRDA:74,1,0,0
BRDA:74,1,1,0
BRDA:74,2,0,0
BRDA:74,2,1,0
BRDA:75,3,0,0
BRDA:75,3,1,0
BRDA:84,4,0,0
BRDA:84,4,1,0
BRDA:107,5,0,0
BRDA:107,5,1,0
BRDA:112,6,0,0
BRDA:112,6,1,0
BRF:14
BRH:0
end_of_record
TN:
SF:src\service\contact.service.ts
FN:19,(anonymous_0)
FN:44,(anonymous_1)
FN:82,(anonymous_2)
FN:102,(anonymous_3)
FNF:4
FNH:0
FNDA:0,(anonymous_0)
FNDA:0,(anonymous_1)
FNDA:0,(anonymous_2)
FNDA:0,(anonymous_3)
DA:21,0
DA:24,0
DA:27,0
DA:28,0
DA:29,0
DA:30,0
DA:31,0
DA:34,0
DA:46,0
DA:49,0
DA:52,0
DA:55,0
DA:58,0
DA:61,0
DA:70,0
DA:73,0
DA:84,0
DA:87,0
DA:90,0
DA:93,0
DA:104,0
DA:107,0
DA:110,0
DA:113,0
DA:115,0
DA:116,0
DA:117,0
DA:118,0
DA:119,0
DA:120,0
DA:124,0
LF:31
LH:0
BRDA:55,0,0,0
BRDA:55,0,1,0
BRDA:58,1,0,0
BRDA:58,1,1,0
BRDA:90,2,0,0
BRDA:90,2,1,0
BRDA:110,3,0,0
BRDA:110,3,1,0
BRDA:119,4,0,0
BRDA:119,4,1,0
BRF:10
BRH:0
end_of_record
TN:
SF:src\service\newsletter.service.ts
FN:31,(anonymous_0)
FN:68,(anonymous_1)
FN:93,(anonymous_2)
FN:121,(anonymous_3)
FN:140,(anonymous_4)
FN:171,(anonymous_5)
FN:198,(anonymous_6)
FN:270,(anonymous_7)
FN:296,(anonymous_8)
FN:352,(anonymous_9)
FNF:10
FNH:0
FNDA:0,(anonymous_0)
FNDA:0,(anonymous_1)
FNDA:0,(anonymous_2)
FNDA:0,(anonymous_3)
FNDA:0,(anonymous_4)
FNDA:0,(anonymous_5)
FNDA:0,(anonymous_6)
FNDA:0,(anonymous_7)
FNDA:0,(anonymous_8)
FNDA:0,(anonymous_9)
DA:22,1
DA:33,0
DA:36,0
DA:39,0
DA:42,0
DA:45,0
DA:48,0
DA:51,0
DA:59,0
DA:70,0
DA:73,0
DA:78,0
DA:81,0
DA:84,0
DA:95,0
DA:98,0
DA:103,0
DA:106,0
DA:109,0
DA:112,0
DA:123,0
DA:126,0
DA:131,0
DA:134,0
DA:137,0
DA:142,0
DA:145,0
DA:150,0
DA:153,0
DA:156,0
DA:159,0
DA:168,0
DA:173,0
DA:176,0
DA:184,0
DA:187,0
DA:200,0
DA:203,0
DA:206,0
DA:221,0
DA:223,0
DA:226,0
DA:229,0
DA:232,0
DA:235,0
DA:238,0
DA:240,0
DA:243,0
DA:253,0
DA:254,0
DA:255,0
DA:256,0
DA:257,0
DA:258,0
DA:261,0
DA:272,0
DA:275,0
DA:278,0
DA:281,0
DA:282,0
DA:285,0
DA:298,0
DA:301,0
DA:304,0
DA:307,0
DA:310,0
DA:311,0
DA:312,0
DA:313,0
DA:315,0
DA:320,0
DA:336,0
DA:337,0
DA:338,0
DA:339,0
DA:340,0
DA:343,0
DA:354,0
DA:357,0
DA:360,0
DA:363,0
DA:364,0
DA:365,0
DA:367,0
DA:368,0
DA:370,0
DA:375,0
DA:378,0
DA:379,0
DA:380,0
DA:381,0
DA:382,0
DA:385,0
LF:93
LH:1
BRDA:39,0,0,0
BRDA:39,0,1,0
BRDA:78,1,0,0
BRDA:78,1,1,0
BRDA:103,2,0,0
BRDA:103,2,1,0
BRDA:131,3,0,0
BRDA:131,3,1,0
BRDA:150,4,0,0
BRDA:150,4,1,0
BRDA:153,5,0,0
BRDA:153,5,1,0
BRDA:156,6,0,0
BRDA:156,6,1,0
BRDA:184,7,0,0
BRDA:184,7,1,0
BRDA:203,8,0,0
BRDA:203,8,1,0
BRDA:221,9,0,0
BRDA:221,9,1,0
BRDA:278,10,0,0
BRDA:278,10,1,0
BRDA:307,11,0,0
BRDA:307,11,1,0
BRDA:310,12,0,0
BRDA:310,12,1,0
BRDA:310,13,0,0
BRDA:310,13,1,0
BRDA:325,14,0,0
BRDA:325,14,1,0
BRDA:360,15,0,0
BRDA:360,15,1,0
BRDA:367,16,0,0
BRDA:367,16,1,0
BRF:34
BRH:0
end_of_record
TN:
SF:src\service\portfolio.service.ts
FN:21,(anonymous_0)
FN:26,(anonymous_1)
FN:43,(anonymous_2)
FN:72,(anonymous_3)
FN:104,(anonymous_4)
FN:124,(anonymous_5)
FN:144,(anonymous_6)
FN:158,(anonymous_7)
FN:255,(anonymous_8)
FN:305,(anonymous_9)
FNF:10
FNH:0
FNDA:0,(anonymous_0)
FNDA:0,(anonymous_1)
FNDA:0,(anonymous_2)
FNDA:0,(anonymous_3)
FNDA:0,(anonymous_4)
FNDA:0,(anonymous_5)
FNDA:0,(anonymous_6)
FNDA:0,(anonymous_7)
FNDA:0,(anonymous_8)
FNDA:0,(anonymous_9)
DA:23,0
DA:26,0
DA:27,0
DA:28,0
DA:29,0
DA:30,0
DA:34,0
DA:45,0
DA:48,0
DA:51,0
DA:54,0
DA:56,0
DA:57,0
DA:58,0
DA:59,0
DA:62,0
DA:74,0
DA:77,0
DA:80,0
DA:85,0
DA:88,0
DA:91,0
DA:104,0
DA:105,0
DA:106,0
DA:107,0
DA:108,0
DA:112,0
DA:115,0
DA:126,0
DA:129,0
DA:132,0
DA:135,0
DA:136,0
DA:137,0
DA:138,0
DA:141,0
DA:146,0
DA:149,0
DA:152,0
DA:155,0
DA:160,0
DA:163,0
DA:166,0
DA:169,0
DA:172,0
DA:173,0
DA:174,0
DA:175,0
DA:177,0
DA:180,0
DA:181,0
DA:182,0
DA:183,0
DA:185,0
DA:188,0
DA:189,0
DA:190,0
DA:191,0
DA:193,0
DA:196,0
DA:197,0
DA:198,0
DA:199,0
DA:201,0
DA:204,0
DA:205,0
DA:206,0
DA:207,0
DA:209,0
DA:214,0
DA:233,0
DA:234,0
DA:235,0
DA:237,0
DA:238,0
DA:239,0
DA:240,0
DA:241,0
DA:244,0
DA:257,0
DA:260,0
DA:263,0
DA:266,0
DA:285,0
DA:286,0
DA:287,0
DA:289,0
DA:290,0
DA:291,0
DA:292,0
DA:293,0
DA:296,0
DA:307,0
DA:310,0
DA:313,0
DA:316,0
DA:317,0
DA:318,0
DA:319,0
DA:321,0
DA:324,0
DA:325,0
DA:326,0
DA:327,0
DA:329,0
DA:332,0
DA:333,0
DA:334,0
DA:335,0
DA:337,0
DA:340,0
DA:341,0
DA:342,0
DA:343,0
DA:345,0
DA:348,0
DA:349,0
DA:350,0
DA:351,0
DA:353,0
DA:358,0
DA:361,0
DA:362,0
DA:363,0
DA:365,0
DA:366,0
DA:367,0
DA:368,0
DA:369,0
DA:372,0
LF:131
LH:0
BRDA:51,0,0,0
BRDA:51,0,1,0
BRDA:56,1,0,0
BRDA:56,1,1,0
BRDA:57,2,0,0
BRDA:57,2,1,0
BRDA:58,3,0,0
BRDA:58,3,1,0
BRDA:59,4,0,0
BRDA:59,4,1,0
BRDA:85,5,0,0
BRDA:85,5,1,0
BRDA:88,6,0,0
BRDA:88,6,1,0
BRDA:132,7,0,0
BRDA:132,7,1,0
BRDA:135,8,0,0
BRDA:135,8,1,0
BRDA:136,9,0,0
BRDA:136,9,1,0
BRDA:137,10,0,0
BRDA:137,10,1,0
BRDA:138,11,0,0
BRDA:138,11,1,0
BRDA:152,12,0,0
BRDA:152,12,1,0
BRDA:169,13,0,0
BRDA:169,13,1,0
BRDA:172,14,0,0
BRDA:172,14,1,0
BRDA:180,15,0,0
BRDA:180,15,1,0
BRDA:188,16,0,0
BRDA:188,16,1,0
BRDA:196,17,0,0
BRDA:196,17,1,0
BRDA:204,18,0,0
BRDA:204,18,1,0
BRDA:219,19,0,0
BRDA:219,19,1,0
BRDA:220,20,0,0
BRDA:220,20,1,0
BRDA:221,21,0,0
BRDA:221,21,1,0
BRDA:222,22,0,0
BRDA:222,22,1,0
BRDA:223,23,0,0
BRDA:223,23,1,0
BRDA:234,24,0,0
BRDA:234,24,1,0
BRDA:263,25,0,0
BRDA:263,25,1,0
BRDA:269,26,0,0
BRDA:269,26,1,0
BRDA:274,27,0,0
BRDA:274,27,1,0
BRDA:275,28,0,0
BRDA:275,28,1,0
BRDA:276,29,0,0
BRDA:276,29,1,0
BRDA:277,30,0,0
BRDA:277,30,1,0
BRDA:286,31,0,0
BRDA:286,31,1,0
BRDA:313,32,0,0
BRDA:313,32,1,0
BRDA:316,33,0,0
BRDA:316,33,1,0
BRDA:324,34,0,0
BRDA:324,34,1,0
BRDA:332,35,0,0
BRDA:332,35,1,0
BRDA:340,36,0,0
BRDA:340,36,1,0
BRDA:348,37,0,0
BRDA:348,37,1,0
BRDA:362,38,0,0
BRDA:362,38,1,0
BRF:78
BRH:0
end_of_record
TN:
SF:src\service\super-admin.service.ts
FN:13,(anonymous_0)
FNF:1
FNH:0
FNDA:0,(anonymous_0)
DA:15,0
DA:18,0
DA:21,0
DA:24,0
DA:72,0
LF:5
LH:0
BRDA:21,0,0,0
BRDA:21,0,1,0
BRF:2
BRH:0
end_of_record
TN:
SF:src\service\user.service.ts
FN:20,(anonymous_0)
FN:37,(anonymous_1)
FN:59,(anonymous_2)
FN:84,(anonymous_3)
FN:119,(anonymous_4)
FN:132,(anonymous_5)
FN:169,(anonymous_6)
FNF:7
FNH:7
FNDA:1,(anonymous_0)
FNDA:1,(anonymous_1)
FNDA:1,(anonymous_2)
FNDA:2,(anonymous_3)
FNDA:1,(anonymous_4)
FNDA:1,(anonymous_5)
FNDA:1,(anonymous_6)
DA:22,1
DA:25,1
DA:28,1
DA:39,1
DA:42,1
DA:43,1
DA:44,1
DA:45,1
DA:46,1
DA:47,1
DA:50,1
DA:61,1
DA:64,1
DA:65,1
DA:66,1
DA:67,1
DA:68,1
DA:69,1
DA:70,1
DA:73,1
DA:86,2
DA:89,1
DA:92,1
DA:93,0
DA:94,0
DA:95,0
DA:100,1
DA:107,1
DA:108,1
DA:109,1
DA:110,1
DA:111,1
DA:112,1
DA:113,1
DA:116,1
DA:121,1
DA:124,1
DA:125,1
DA:126,1
DA:129,1
DA:134,1
DA:137,1
DA:151,1
DA:152,1
DA:153,1
DA:154,1
DA:155,1
DA:156,1
DA:157,1
DA:159,1
DA:171,1
DA:174,1
DA:183,1
DA:184,1
DA:185,1
DA:186,1
DA:187,1
DA:188,1
DA:191,1
LF:59
LH:56
BRDA:92,0,0,0
BRDA:92,0,1,1
BRDA:92,1,0,1
BRDA:92,1,1,1
BRDA:94,2,0,0
BRDA:94,2,1,0
BRF:6
BRH:3
end_of_record
TN:
SF:src\types\user.type.ts
FNF:0
FNH:0
LF:0
LH:0
BRF:0
BRH:0
end_of_record
